225
**********debug**********
2016/10/17
2016/10/18

"2016/10/12","16840.00","16850.73","16951.54","16839.41"
"2016/10/13","16774.24","16923.82","16974.25","16739.73"
"2016/10/14","16856.37","16751.04","16866.56","16727.78"
"2016/10/17","16900.12","16871.84","16954.44","16821.49"
"2016/10/18","16963.61","16862.31","16966.90","16844.17"

**********debug**********

225_vi
**********debug**********
2016/10/17
2016/10/18

"2016/10/12","20.52","20.80","20.89","20.18"
"2016/10/13","21.25","20.75","21.80","20.00"
"2016/10/14","20.01","21.76","21.77","19.96"
"2016/10/17","19.90","20.52","20.67","19.72"
"2016/10/18","19.27","19.82","19.93","19.27"

**********debug**********

exchrr
**********debug**********
2016/10/17
2016/10/18

2016/10/12,103.64,127.1,114.39,78.25,104.77,11.74,15.38,12.66,78.36,73.23,7.22,275.49,*****,15.41,13.36,1.55,*****,2.13,75.15,*****,2.92,343.07,27.64,28.22,5.49,33.48,0.38,4.24,26.71,1.65,33.59,,0.8,*****,24.74,9.22,3.27
2016/10/13,104.54,127.12,115.01,78.65,105.48,11.79,15.46,12.71,78.67,73.59,7.33,277.81,*****,15.53,13.47,1.57,*****,2.15,75.42,*****,2.93,345.47,27.88,28.46,5.51,33.77,0.38,4.25,26.79,1.65,33.81,,0.8,*****,24.9,9.28,3.3
2016/10/14,103.87,127,114.69,78.63,105.26,11.81,15.42,12.73,78.66,73.66,7.26,276.03,*****,15.43,13.39,1.56,*****,2.15,75.02,*****,2.96,343.37,27.7,28.28,5.48,33.55,0.38,4.25,26.72,1.65,33.61,,0.79,*****,24.67,9.18,3.27
2016/10/17,104.21,126.76,114.27,79.2,105.18,11.79,15.36,12.64,79.15,73.87,7.27,276.93,*****,15.46,13.43,1.56,*****,2.16,74.84,*****,2.95,344.5,27.79,28.37,5.48,33.66,0.37,4.23,26.52,1.65,33.72,,0.8,*****,24.74,9.14,3.29
2016/10/18,103.75,126.99,114.25,79.16,105.04,11.79,15.36,12.71,79.45,74.54,7.36,275.71,*****,15.39,13.37,1.55,*****,2.14,74.85,*****,2.95,342.98,27.67,28.25,5.51,33.51,0.37,4.23,26.43,1.65,33.57,,0.79,*****,24.7,9.17,3.27

**********debug**********

dow
**********debug**********
2016/10/14
2016/10/17

2016/10/14, 18177.35, 18261.11, 18138.38, 18138.38
2016/10/14, 18177.35, 18261.11, 18138.38, 18138.38
2016/10/14, 18177.35, 18261.11, 18138.38, 18138.38
2016/10/14, 18177.35, 18261.11, 18138.38, 18138.38
2016/10/17, 18135.85, 18162.28, 18063.02, 18086.40

**********debug**********

wti
**********debug**********
2016-10-11
2016-10-11

2016-10-05,49.75
2016-10-06,50.44
2016-10-07,49.76
2016-10-10,49.76
2016-10-11,50.72

**********debug**********

icm
**********debug**********
2016/10/17
2016/10/18

2016/10/18,4871

**********debug**********

