225
**********debug**********
2016/07/15
2016/07/15

"2016/07/11","15708.82","15375.94","15816.67","15375.94"
"2016/07/12","16095.65","15961.30","16237.62","15956.91"
"2016/07/13","16231.43","16343.00","16444.25","16196.44"
"2016/07/14","16385.89","16242.20","16398.73","16229.26"
"2016/07/15","16497.85","16396.12","16607.32","16396.12"

**********debug**********

225_vi
**********debug**********
2016/07/15
2016/07/15

"2016/07/11","29.50","29.24","29.61","28.35"
"2016/07/12","29.62","29.26","29.92","28.83"
"2016/07/13","29.76","29.33","30.36","28.86"
"2016/07/14","28.31","29.41","29.41","28.16"
"2016/07/15","28.79","28.30","29.23","27.94"

**********debug**********

exchrr
**********debug**********
2016/7/15
2016/7/15

2016/7/11,100.83,130.42,111.28,77.18,102.56,11.73,14.96,11.81,76.17,73.43,6.92,267.81,*****,15.04,13,1.5,*****,2.14,74.86,*****,2.87,334.32,26.88,27.46,5.44,32.37,0.35,4.12,25.22,1.57,34.82,,0.77,*****,25.17,8.76,3.13
2016/7/12,102.7,133.53,113.58,78.23,104.3,11.97,15.27,12.08,77.5,74.31,7.1,272.78,*****,15.32,13.24,1.53,*****,2.17,76.02,*****,2.92,340.07,27.38,27.96,5.57,33.22,0.36,4.2,25.66,1.6,35.38,,0.78,*****,25.66,8.94,3.19
2016/7/13,104.64,138.93,115.71,80.1,105.8,12.25,15.56,12.41,79.56,76.12,7.29,277.93,*****,15.62,13.49,1.56,*****,2.22,77.64,*****,2.97,346.83,27.91,28.49,5.7,33.85,0.37,4.28,26.33,1.64,36.24,,0.8,*****,26.3,9.14,3.25
2016/7/14,104.11,136.51,115.49,80.22,105.73,12.26,15.53,12.36,79.07,75.71,7.19,276.52,*****,15.55,13.42,1.56,*****,2.21,77.27,*****,2.96,344.96,27.77,28.35,5.67,33.68,0.37,4.27,26.21,1.63,35.89,,0.8,*****,26.26,9.09,3.24
2016/7/15,105.66,141.37,117.43,81.88,107.68,12.42,15.79,12.6,80.49,75.54,7.41,280.79,*****,15.79,13.63,1.58,*****,2.26,78.66,*****,3.02,350.33,28.18,28.77,5.75,34.18,0.37,4.34,26.65,1.68,36.69,,0.81,*****,26.78,9.32,3.31

**********debug**********

dow
**********debug**********
2016/07/14
2016/07/15

2016/07/11, 18161.53, 18283.90, 18161.53, 18226.93
2016/07/12, 18259.12, 18371.95, 18259.12, 18347.67
2016/07/13, 18356.78, 18390.16, 18315.76, 18372.12
2016/07/14, 18414.30, 18537.57, 18414.30, 18506.41
2016/07/15, 18508.88, 18557.43, 18471.62, 18516.55

**********debug**********

wti
**********debug**********
2016-07-11
2016-07-11

2016-07-05,46.73
2016-07-06,47.37
2016-07-07,45.22
2016-07-08,45.37
2016-07-11,44.73

**********debug**********

icm
**********debug**********
2016/07/15
2016/07/15

2016/07/15,4890

**********debug**********

