225
**********debug**********
2016/06/14
2016/06/15

"2016/06/09","16668.41","16742.03","16785.83","16587.77"
"2016/06/10","16601.36","16637.51","16643.36","16496.11"
"2016/06/13","16019.18","16319.11","16335.38","16019.18"
"2016/06/14","15859.00","16001.19","16082.50","15762.09"
"2016/06/15","15919.58","15799.07","15997.30","15752.01"

**********debug**********

225_vi
**********debug**********
2016/06/14
2016/06/15

"2016/06/09","26.66","26.66","27.28","26.15"
"2016/06/10","25.96","26.54","27.17","25.83"
"2016/06/13","32.38","29.23","32.72","29.22"
"2016/06/14","32.78","32.19","33.32","31.78"
"2016/06/15","33.80","33.29","34.53","32.61"

**********debug**********

exchrr
**********debug**********
2016/6/14
2016/6/15

2016/6/9,106.75,154.94,121.74,84.15,111.34,13.17,16.37,13.19,79.95,76.06,7.25,283.76,*****,16.26,13.75,1.61,*****,2.33,79.29,*****,3.04,354.65,28.47,29.07,5.89,35.24,0.39,4.51,28.19,1.67,36.95,,0.81,*****,26.48,9.26,3.32
2016/6/10,107.1,154.8,121.01,84.1,111.02,13.07,16.28,13.13,79.4,76.15,7.23,284.69,*****,16.28,13.8,1.61,*****,2.33,79.1,*****,3.04,355.93,28.57,29.16,5.86,35.35,0.39,4.48,27.94,1.67,36.97,,0.81,*****,26.38,9.23,3.32
2016/6/13,106.46,151.38,119.77,83.27,110.41,12.81,16.1,12.88,78.47,74.99,7,282.46,*****,16.12,13.71,1.59,*****,2.31,78.19,*****,3.02,353.45,28.39,28.99,5.71,33.64,0.38,4.43,27.38,1.63,36.39,,0.8,*****,25.98,9.08,3.29
2016/6/14,106.09,150.76,119.84,82.72,110.15,12.86,16.12,12.83,78.45,74.76,6.99,282,*****,16.08,13.67,1.58,*****,2.3,78.35,*****,3.02,352.34,28.3,28.89,5.62,35.02,0.38,4.43,27.14,1.62,36.31,,0.8,*****,25.99,9.06,3.28
2016/6/15,106.12,149.8,118.92,82.46,110.12,12.75,15.99,12.69,77.9,74,6.93,282.08,*****,16.06,13.67,1.58,*****,2.29,78.24,*****,3.01,352.44,28.31,28.89,5.6,35.92,0.38,4.4,26.84,1.61,36.18,,0.79,*****,25.84,9.01,3.27

**********debug**********

dow
**********debug**********
2016/06/13
2016/06/14

2016/06/08, 17931.91, 18016.00, 17931.91, 18005.05
2016/06/09, 17969.98, 18005.22, 17915.88, 17985.19
2016/06/10, 17938.82, 17938.82, 17812.34, 17865.34
2016/06/13, 17830.50, 17893.28, 17731.35, 17732.48
2016/06/14, 17710.77, 17733.92, 17595.79, 17674.82

**********debug**********

wti
**********debug**********
2016-06-06
2016-06-13

2016-06-07,50.37
2016-06-08,51.23
2016-06-09,50.52
2016-06-10,49.09
2016-06-13,48.89

**********debug**********

icm
**********debug**********
2016/06/14
2016/06/15

2016/06/15,5167

**********debug**********

