225
**********debug**********
2016/08/08
2016/08/09

"2016/08/03","16083.11","16227.28","16275.34","16056.67"
"2016/08/04","16254.89","16168.34","16270.12","15921.04"
"2016/08/05","16254.45","16278.99","16355.98","16230.70"
"2016/08/08","16650.57","16462.29","16652.04","16455.57"
"2016/08/09","16764.97","16632.41","16779.59","16630.56"

**********debug**********

225_vi
**********debug**********
2016/08/08
2016/08/09

"2016/08/03","24.78","24.52","24.98","23.52"
"2016/08/04","23.58","24.18","24.40","23.05"
"2016/08/05","21.51","22.59","22.70","21.09"
"2016/08/08","19.89","21.46","22.48","19.76"
"2016/08/09","19.56","19.95","20.11","19.25"

**********debug**********

exchrr
**********debug**********
2016/8/8
2016/8/9

2016/8/3,101.15,134.85,113.43,77.13,104.8,11.89,15.25,12,76.83,72.98,7.22,268.8,*****,15.24,13.03,1.52,*****,2.15,75.41,*****,2.91,335.93,26.98,27.54,5.34,32.72,0.37,4.2,26.22,1.52,33.77,,0.77,*****,24.89,9.07,3.2
2016/8/4,101.25,135.02,112.85,77.61,104.06,11.85,15.17,11.98,77.1,72.59,7.29,268.85,*****,15.24,13.05,1.52,*****,2.15,75.53,*****,2.89,335.93,27.01,27.57,5.37,32.75,0.36,4.18,26.35,1.53,33.59,,0.77,*****,25.07,9.09,3.2
2016/8/5,101.26,132.9,112.73,77.73,103.93,11.89,15.16,12.01,77.36,72.76,7.38,268.88,*****,15.24,13.05,1.52,*****,2.15,75.47,*****,2.9,335.85,27.01,27.57,5.36,32.71,0.36,4.17,26.27,1.54,33.63,,0.77,*****,25.1,9.11,3.2
2016/8/8,102.13,133.61,113.2,77.45,104.16,11.92,15.23,12.01,77.66,72.66,7.44,271.19,*****,15.32,13.17,1.53,*****,2.17,75.72,*****,2.92,338.74,27.23,27.81,5.46,33.04,0.37,4.19,26.45,1.56,34.11,,0.78,*****,25.22,9.15,3.24
2016/8/9,102.39,133.14,113.52,77.8,104.21,11.93,15.27,12.09,78.36,73.23,7.53,271.88,*****,15.36,13.2,1.53,*****,2.18,75.95,*****,2.93,339.26,27.31,27.88,5.52,33.12,0.36,4.2,26.59,1.59,34.36,,0.78,*****,25.39,9.23,3.25

**********debug**********

dow
**********debug**********
2016/08/05
2016/08/08

2016/08/02, 18401.15, 18403.65, 18247.79, 18313.77
2016/08/03, 18313.08, 18355.00, 18283.23, 18355.00
2016/08/04, 18351.43, 18397.87, 18325.17, 18352.05
2016/08/05, 18402.80, 18543.53, 18402.80, 18543.53
2016/08/08, 18540.65, 18569.31, 18502.03, 18529.29

**********debug**********

wti
**********debug**********
2016-08-01
2016-08-01

2016-07-26,42.16
2016-07-27,41.90
2016-07-28,41.13
2016-07-29,41.54
2016-08-01,40.05

**********debug**********

icm
**********debug**********
2016/08/08
2016/08/09

2016/08/09,4535

**********debug**********

