225
**********debug**********
2016/09/27
2016/09/28

"2016/09/21","16807.62","16471.85","16823.63","16399.65"
"2016/09/23","16754.02","16759.84","16808.59","16725.53"
"2016/09/26","16544.56","16707.45","16707.45","16514.93"
"2016/09/27","16683.93","16390.91","16683.93","16285.41"
"2016/09/28","16465.40","16504.99","16515.84","16385.03"

**********debug**********

225_vi
**********debug**********
2016/09/27
2016/09/28

"2016/09/21","21.27","24.87","24.93","20.82"
"2016/09/23","19.47","20.71","20.71","18.85"
"2016/09/26","20.68","20.02","20.84","19.80"
"2016/09/27","20.43","21.87","23.90","20.31"
"2016/09/28","20.63","20.84","21.46","20.60"

**********debug**********

exchrr
**********debug**********
2016/9/27
2016/9/28

2016/9/21,101.79,132.27,113.53,77.22,103.98,11.84,15.23,12.27,76.83,74.49,7.32,270.57,*****,15.24,13.12,1.52,*****,2.13,74.75,*****,2.93,338.06,27.15,27.72,5.14,32.62,0.37,4.2,26.37,1.57,34.18,,0.77,*****,24.63,9.13,3.25
2016/9/23,101.05,132.03,113.29,77.37,104.28,11.82,15.19,12.43,77.25,73.67,7.42,268.61,*****,15.13,13.03,1.52,*****,2.11,74.44,*****,2.92,335.49,26.95,27.52,5.15,32.39,0.37,4.19,26.44,1.59,34.37,,0.77,*****,24.56,9.15,3.22
2016/9/26,100.8,130.89,113.19,76.61,103.95,11.81,15.19,12.43,76.87,73.06,7.34,267.94,*****,15.09,13,1.51,*****,2.1,74.24,*****,2.91,334.55,26.88,27.45,5.1,32.31,0.37,4.19,26.32,1.57,33.75,,0.77,*****,24.45,9.14,3.21
2016/9/27,100.31,129.96,112.76,75.62,103.44,11.73,15.14,12.35,76.5,72.89,7.31,266.64,*****,15.01,12.93,1.51,*****,2.07,73.67,*****,2.9,332.92,26.75,27.31,5.05,32.15,0.37,4.18,26.21,1.57,33.63,,0.77,*****,24.24,9.03,3.19
2016/9/28,100.55,130.8,112.69,76.14,103.54,11.69,15.13,12.4,77.2,73.26,7.47,267.28,*****,15.05,12.97,1.52,*****,2.08,73.97,*****,2.91,333.94,26.81,27.37,5.19,32.23,0.37,4.17,26.34,1.57,33.81,,0.78,*****,24.36,9.18,3.21

**********debug**********

dow
**********debug**********
2016/09/26
2016/09/27

2016/09/23, 18377.36, 18383.76, 18254.84, 18261.45
2016/09/26, 18217.76, 18217.76, 18083.32, 18094.83
2016/09/26, 18217.76, 18217.76, 18083.32, 18094.83
2016/09/26, 18217.76, 18217.76, 18083.32, 18094.83
2016/09/27, 18099.21, 18238.10, 18052.16, 18228.30

**********debug**********

wti
**********debug**********
2016-09-19
2016-09-26

2016-09-20,43.85
2016-09-21,45.33
2016-09-22,46.10
2016-09-23,44.36
2016-09-26,45.60

**********debug**********

icm
**********debug**********
2016/09/27
2016/09/28

2016/09/28,4448

**********debug**********

