225
**********debug**********
2016/07/29
2016/07/29

"2016/07/25","16620.29","16655.81","16778.65","16612.33"
"2016/07/26","16383.04","16535.81","16535.81","16323.10"
"2016/07/27","16664.82","16526.06","16821.43","16526.06"
"2016/07/28","16476.84","16596.15","16616.28","16450.28"
"2016/07/29","16569.27","16359.68","16679.19","16174.35"

**********debug**********

225_vi
**********debug**********
2016/07/29
2016/07/29

"2016/07/25","29.14","29.46","29.84","28.85"
"2016/07/26","29.66","29.76","30.57","29.52"
"2016/07/27","29.72","29.38","30.39","29.34"
"2016/07/28","30.26","30.33","31.24","29.43"
"2016/07/29","26.60","30.98","31.72","26.15"

**********debug**********

exchrr
**********debug**********
2016/7/29
2016/7/29

2016/7/25,106.51,139.85,116.72,81.05,107.75,12.3,15.69,12.45,79.49,74.35,7.45,282.59,*****,15.93,13.73,1.59,*****,2.26,78.25,*****,3.04,352.33,28.41,29,5.75,34.4,0.37,4.32,26.77,1.65,34.85,,0.81,*****,26.11,9.37,3.32
2016/7/26,105.01,137.46,115.34,79.36,106.5,12.14,15.5,12.23,78.38,73.36,7.31,278.84,*****,15.7,13.54,1.56,*****,2.23,77.07,*****,3,347.37,28.01,28.59,5.59,33.97,0.37,4.27,26.47,1.6,34.61,,0.8,*****,25.73,9.2,3.26
2016/7/27,105.13,138.11,115.54,79.76,105.96,12.15,15.53,12.27,78.92,74.03,7.33,279.16,*****,15.74,13.55,1.56,*****,2.23,77.42,*****,3.01,347.77,28.04,28.63,5.6,34.01,0.37,4.28,26.48,1.59,34.59,,0.8,*****,25.89,9.26,3.28
2016/7/28,104.69,138.5,115.87,79.66,106.21,12.15,15.58,12.27,78.79,74.42,7.37,277.99,*****,15.71,13.5,1.56,*****,2.22,77.58,*****,3,346.54,27.93,28.51,5.57,33.87,0.37,4.29,26.57,1.59,34.77,,0.8,*****,25.8,9.3,3.27
2016/7/29,104.47,137.58,115.66,79.43,106.68,12.09,15.56,12.21,78.57,74.22,7.39,277.4,*****,15.69,13.47,1.56,*****,2.22,77.35,*****,3,345.58,27.87,28.45,5.52,32.96,0.37,4.28,26.57,1.57,34.74,,0.8,*****,25.8,9.3,3.27

**********debug**********

dow
**********debug**********
2016/07/28
2016/07/29

2016/07/25, 18554.49, 18555.69, 18452.62, 18493.06
2016/07/26, 18497.37, 18522.47, 18387.22, 18473.75
2016/07/27, 18473.27, 18542.39, 18430.94, 18472.17
2016/07/28, 18461.01, 18483.26, 18368.82, 18456.35
2016/07/29, 18442.52, 18466.55, 18371.12, 18432.24

**********debug**********

wti
**********debug**********
2016-07-25
2016-07-25

2016-07-19,44.64
2016-07-20,44.96
2016-07-21,43.96
2016-07-22,43.41
2016-07-25,42.40

**********debug**********

icm
**********debug**********
2016/07/29
2016/07/29

2016/07/29,4504

**********debug**********

