225
**********debug**********
2016/10/06
2016/10/07

"2016/10/03","16598.67","16566.03","16652.16","16554.83"
"2016/10/04","16735.65","16661.51","16747.20","16637.82"
"2016/10/05","16819.24","16787.89","16844.35","16728.19"
"2016/10/06","16899.10","16913.60","16971.28","16888.77"
"2016/10/07","16860.09","16883.12","16895.13","16820.21"

**********debug**********

225_vi
**********debug**********
2016/10/06
2016/10/07

"2016/10/03","20.84","21.74","21.77","20.78"
"2016/10/04","20.02","20.50","20.55","19.74"
"2016/10/05","20.47","20.12","20.63","20.05"
"2016/10/06","20.58","20.34","21.04","20.33"
"2016/10/07","20.24","20.38","21.15","20.24"

**********debug**********

exchrr
**********debug**********
2016/10/6
2016/10/7

2016/10/3,101.43,131.13,113.91,77.34,104.32,11.81,15.3,12.7,77.69,73.68,7.37,269.62,*****,15.19,13.08,1.53,*****,2.1,74.35,*****,2.93,336.75,27.05,27.62,5.23,32.51,0.37,4.22,26.52,1.61,33.76,,0.78,*****,24.55,9.21,3.24
2016/10/4,102.05,131.07,114.33,77.79,104.71,11.9,15.37,12.79,78.43,74.52,7.5,271.27,*****,15.27,13.16,1.54,*****,2.12,74.65,*****,2.94,338.81,27.2,27.79,5.29,32.71,0.37,4.23,26.6,1.64,33.77,,0.79,*****,24.76,9.24,3.25
2016/10/5,102.73,130.73,115.18,77.9,105.01,11.95,15.48,12.83,78.31,73.82,7.43,273.07,*****,15.35,13.25,1.54,*****,2.13,74.95,*****,2.96,340.73,27.4,27.97,5.33,33.18,0.37,4.26,26.75,1.64,33.61,,0.79,*****,24.84,9.22,3.27
2016/10/6,103.45,131.9,115.92,78.49,106.16,12.04,15.58,12.89,78.79,74.11,7.54,274.99,*****,15.46,13.33,1.56,*****,2.15,75.6,*****,2.97,343.12,27.59,28.17,5.38,33.41,0.38,4.29,26.97,1.66,33.91,,0.8,*****,25.04,9.32,3.29
2016/10/7,103.76,128.63,115.53,78.39,105.75,12.01,15.52,12.87,78.49,74.05,7.45,275.3,*****,15.46,13.38,1.56,*****,2.15,75.6,*****,2.98,344.03,27.67,28.25,5.39,33.51,0.38,4.28,27.01,1.67,34.09,,0.8,*****,25,9.32,3.3

**********debug**********

dow
**********debug**********
2016/10/05
2016/10/06

2016/10/04, 18267.68, 18313.77, 18116.26, 18168.45
2016/10/05, 18205.50, 18315.82, 18205.50, 18281.03
2016/10/05, 18205.50, 18315.82, 18205.50, 18281.03
2016/10/05, 18205.50, 18315.82, 18205.50, 18281.03
2016/10/06, 18280.42, 18288.12, 18162.97, 18268.50

**********debug**********

wti
**********debug**********
2016-10-03
2016-10-03

2016-09-27,44.65
2016-09-28,47.07
2016-09-29,47.72
2016-09-30,47.72
2016-10-03,48.80

**********debug**********

icm
**********debug**********
2016/10/06
2016/10/07

2016/10/07,4892

**********debug**********

