225
**********debug**********
2016/06/21
2016/06/22

"2016/06/16","15434.14","15871.22","15913.08","15395.98"
"2016/06/17","15599.66","15631.79","15774.87","15582.94"
"2016/06/20","15965.30","15839.06","16035.44","15835.86"
"2016/06/21","16169.11","15875.81","16202.30","15770.96"
"2016/06/22","16065.72","16095.81","16160.99","15980.65"

**********debug**********

225_vi
**********debug**********
2016/06/21
2016/06/22

"2016/06/16","35.56","34.02","35.99","32.85"
"2016/06/17","34.51","33.86","34.51","32.99"
"2016/06/20","32.77","33.26","33.47","32.23"
"2016/06/21","32.01","33.08","34.13","31.75"
"2016/06/22","34.50","33.19","35.05","33.19"

**********debug**********

exchrr
**********debug**********
2016/6/21
2016/6/22

2016/6/16,105.65,149.95,119.07,81.91,109.95,12.73,16.02,12.73,78.43,74.82,6.94,280.83,*****,16.03,13.61,1.58,*****,2.28,78.22,*****,3,350.65,28.18,28.77,5.6,34.88,0.38,4.4,26.93,1.61,36.19,,0.79,*****,25.87,9.04,3.27
2016/6/17,104.73,149.5,117.98,81.09,108.51,12.59,15.87,12.53,77.37,73.94,6.85,278.32,*****,15.89,13.5,1.56,*****,2.26,77.71,*****,2.97,347.94,27.94,28.52,5.55,33.88,0.38,4.36,26.7,1.6,35.8,,0.78,*****,25.56,8.96,3.24
2016/6/20,104.72,152.78,118.88,81.54,109.22,12.72,15.99,12.66,77.95,74.22,6.97,278.29,*****,15.9,13.5,1.56,*****,2.26,77.88,*****,2.98,347.91,27.93,28.51,5.58,34.57,0.38,4.39,26.98,1.62,35.95,,0.79,*****,25.7,9,3.24
2016/6/21,103.83,152.06,117.65,81.17,107.98,12.6,15.83,12.53,77.59,73.95,7.03,275.92,*****,15.77,13.38,1.54,*****,2.24,77.32,*****,2.95,345.41,27.69,28.27,5.58,34.27,0.38,4.35,26.79,1.62,35.83,,0.78,*****,25.55,8.96,3.22
2016/6/22,104.62,153.48,117.59,81.64,108.67,12.63,15.81,12.58,77.9,74.53,7.09,278.02,*****,15.86,13.48,1.55,*****,2.26,77.89,*****,2.97,348.15,27.91,28.49,5.6,34.54,0.37,4.35,26.75,1.64,35.93,,0.79,*****,25.95,9.05,3.25

**********debug**********

dow
**********debug**********
2016/06/20
2016/06/21

2016/06/15, 17703.65, 17762.96, 17629.01, 17640.17
2016/06/16, 17602.23, 17754.91, 17471.29, 17733.10
2016/06/17, 17733.44, 17733.44, 17602.78, 17675.16
2016/06/20, 17736.87, 17946.36, 17736.87, 17804.87
2016/06/21, 17827.33, 17877.84, 17799.80, 17829.73

**********debug**********

wti
**********debug**********
2016-06-13
2016-06-20

2016-06-14,48.49
2016-06-15,47.92
2016-06-16,46.14
2016-06-17,48.00
2016-06-20,49.40

**********debug**********

icm
**********debug**********
2016/06/21
2016/06/22

2016/06/22,5109

**********debug**********

