225
**********debug**********
2016/09/09
2016/09/12

"2016/09/06","17081.98","17035.03","17097.59","17022.64"
"2016/09/07","17012.44","16937.38","17024.26","16903.20"
"2016/09/08","16958.77","16984.00","17001.84","16836.65"
"2016/09/09","16965.76","16994.37","17029.78","16902.09"
"2016/09/12","16672.92","16748.36","16802.00","16601.54"

**********debug**********

225_vi
**********debug**********
2016/09/09
2016/09/12

"2016/09/06","22.77","22.95","23.06","22.34"
"2016/09/07","22.16","23.35","27.47","22.16"
"2016/09/08","21.79","26.04","26.10","21.56"
"2016/09/09","20.46","21.56","21.64","20.42"
"2016/09/12","24.07","22.80","24.51","22.39"

**********debug**********

exchrr
**********debug**********
2016/9/9
2016/9/12

2016/9/6,103.61,137.87,115.45,80.13,105.68,12.1,15.52,12.48,78.77,75.7,7.21,274.9,*****,15.49,13.36,1.56,*****,2.23,76.34,*****,2.98,343.53,27.64,28.21,5.58,33.47,0.37,4.28,26.59,1.6,35.2,,0.79,*****,25.43,9.38,3.3
2016/9/7,101.36,136,113.98,78.86,104.52,11.96,15.32,12.39,77.8,75.1,7.25,269.43,*****,15.19,13.07,1.53,*****,2.18,75.3,*****,2.93,336.07,27.04,27.6,5.55,32.49,0.37,4.22,26.3,1.57,34.69,,0.77,*****,24.98,9.27,3.25
2016/9/8,101.63,135.72,114.3,78.9,104.87,12.05,15.36,12.44,78.06,75.89,7.25,270.15,*****,15.25,13.1,1.53,*****,2.18,75.51,*****,2.94,337.75,27.11,27.67,5.54,33.48,0.37,4.23,26.46,1.58,34.64,,0.78,*****,25.04,9.32,3.26
2016/9/9,102.28,136.19,115.23,79.13,105.28,12.12,15.49,12.5,78.23,75.75,7.25,271.88,*****,15.32,13.18,1.54,*****,2.17,75.72,*****,2.94,339.8,27.28,27.85,5.48,32.27,0.37,4.27,26.63,1.6,34.65,,0.78,*****,25.18,9.3,3.26
2016/9/12,102.66,136.22,115.44,78.57,105.34,12.11,15.51,12.46,77.42,75.37,7.12,272.89,*****,15.34,13.23,1.54,*****,2.16,75.42,*****,2.94,341.06,27.38,27.95,5.43,32.39,0.37,4.27,26.62,1.58,34.58,,0.78,*****,25.24,9.25,3.24

**********debug**********

dow
**********debug**********
2016/09/09
2016/09/09

2016/09/02, 18466.01, 18544.76, 18439.10, 18491.96
2016/09/06, 18493.40, 18551.54, 18450.32, 18538.12
2016/09/07, 18527.71, 18536.89, 18474.77, 18526.14
2016/09/08, 18486.69, 18506.24, 18446.69, 18479.91
2016/09/09, 18404.17, 18404.17, 18085.45, 18085.45

**********debug**********

wti
**********debug**********
2016-09-06
2016-09-06

2016-08-31,44.68
2016-09-01,43.17
2016-09-02,44.39
2016-09-05,44.39
2016-09-06,44.85

**********debug**********

icm
**********debug**********
2016/09/09
2016/09/12

2016/09/12,4605

**********debug**********

