225
**********debug**********
2016/07/22
2016/07/25

"2016/07/19","16723.31","16612.09","16726.71","16514.66"
"2016/07/20","16681.89","16646.92","16692.84","16554.03"
"2016/07/21","16810.22","16855.18","16938.96","16740.00"
"2016/07/22","16627.25","16612.90","16691.81","16566.98"
"2016/07/25","16620.29","16655.81","16778.65","16612.33"

**********debug**********

225_vi
**********debug**********
2016/07/22
2016/07/25

"2016/07/19","29.15","29.10","29.49","25.23"
"2016/07/20","28.56","28.90","29.12","28.41"
"2016/07/21","30.05","29.03","30.05","29.00"
"2016/07/22","29.15","30.51","30.51","29.15"
"2016/07/25","29.14","29.46","29.84","28.85"

**********debug**********

exchrr
**********debug**********
2016/7/22
2016/7/25

2016/7/19,105.98,140.43,117.31,81.66,107.82,12.38,15.77,12.54,79.93,74.53,7.44,280.89,*****,15.79,13.67,1.58,*****,2.27,78.48,*****,3.03,350.81,28.27,28.86,5.76,34.28,0.37,4.35,26.84,1.69,35.47,,0.81,*****,26.63,9.32,3.32
2016/7/20,106.03,138.84,116.78,81.37,107.57,12.3,15.7,12.45,79.5,74.5,7.39,281.55,*****,15.8,13.67,1.58,*****,2.26,78.19,*****,3.02,350.98,28.29,28.87,5.72,34.3,0.37,4.32,26.65,1.67,34.78,,0.81,*****,26.34,9.28,3.31
2016/7/21,107.28,141.92,118.04,82.07,108.68,12.47,15.88,12.61,80.06,74.8,7.5,284.86,*****,16.08,13.83,1.6,*****,2.28,78.98,*****,3.06,355,28.61,29.21,5.74,34.97,0.38,4.37,27.02,1.69,34.77,,0.82,*****,26.59,9.4,3.35
2016/7/22,105.72,140.02,116.59,80.78,107.28,12.31,15.67,12.44,79.29,73.94,7.44,280.2,*****,15.84,13.63,1.58,*****,2.25,78.06,*****,3.03,349.26,28.2,28.79,5.69,34.2,0.37,4.32,26.75,1.65,34.49,,0.81,*****,26.15,9.31,3.31
2016/7/25,106.51,139.85,116.72,81.05,107.75,12.3,15.69,12.45,79.49,74.35,7.45,282.59,*****,15.93,13.73,1.59,*****,2.26,78.25,*****,3.04,352.33,28.41,29,5.75,34.4,0.37,4.32,26.77,1.65,34.85,,0.81,*****,26.11,9.37,3.32

**********debug**********

dow
**********debug**********
2016/07/22
2016/07/22

2016/07/18, 18521.55, 18556.13, 18489.84, 18533.05
2016/07/19, 18503.12, 18562.53, 18495.11, 18559.01
2016/07/20, 18582.70, 18622.01, 18555.65, 18595.03
2016/07/21, 18589.96, 18590.44, 18469.67, 18517.23
2016/07/22, 18524.15, 18571.30, 18491.59, 18570.85

**********debug**********

wti
**********debug**********
2016-07-18
2016-07-18

2016-07-12,46.82
2016-07-13,44.87
2016-07-14,45.64
2016-07-15,45.93
2016-07-18,45.23

**********debug**********

icm
**********debug**********
2016/07/22
2016/07/25

2016/07/25,4769

**********debug**********

