225
**********debug**********
2016/06/02
2016/06/03

"2016/05/30","17068.02","16973.72","17068.02","16910.19"
"2016/05/31","17234.98","17029.46","17251.36","16988.64"
"2016/06/01","16955.73","17097.22","17145.95","16908.92"
"2016/06/02","16562.55","16817.26","16819.85","16525.47"
"2016/06/03","16642.23","16599.51","16716.14","16554.60"

**********debug**********

225_vi
**********debug**********
2016/06/02
2016/06/03

"2016/05/30","26.11","26.37","26.78","26.01"
"2016/05/31","25.81","26.27","26.47","25.81"
"2016/06/01","26.79","26.60","26.86","25.86"
"2016/06/02","27.51","27.30","28.29","27.27"
"2016/06/03","26.86","27.37","27.41","26.76"

**********debug**********

exchrr
**********debug**********
2016/6/2
2016/6/3

2016/5/30,110.73,161.75,122.92,84.71,111.31,13.24,16.53,13.24,79.45,74.02,7.04,294.34,*****,16.83,14.26,1.65,*****,2.37,80.18,*****,3.1,366.9,29.54,30.15,5.99,36.55,0.39,4.55,28.07,1.68,37.42,,0.82,*****,27.06,9.31,3.4
2016/5/31,110.94,162.68,123.61,85.02,111.85,13.33,16.62,13.31,79.81,74.49,7.02,294.9,*****,16.83,14.28,1.65,*****,2.37,80.46,*****,3.1,367.59,29.59,30.21,6.01,36.62,0.39,4.57,28.14,1.68,37.56,,0.81,*****,27,9.32,3.4
2016/6/1,110.62,159.97,123.06,84.57,111.3,13.26,16.55,13.22,80.1,75.06,7.04,294.05,*****,16.79,14.23,1.65,*****,2.37,80.25,*****,3.1,366.05,29.51,30.12,5.99,35.51,0.39,4.55,28.08,1.67,37.54,,0.81,*****,26.88,9.29,3.39
2016/6/2,109.38,157.74,122.42,83.68,110.72,13.19,16.46,13.18,79.26,74.55,7.02,290.75,*****,16.62,14.08,1.62,*****,2.35,79.5,*****,3.07,362.07,29.18,29.78,5.91,36.11,0.39,4.53,27.92,1.63,37.18,,0.8,*****,26.36,9.2,3.36
2016/6/3,108.87,156.78,121.36,83.11,109.95,13.07,16.32,13.07,78.68,74.23,7,289.39,*****,16.53,14.01,1.62,*****,2.34,79.16,*****,3.06,360.74,29.04,29.64,5.83,35.94,0.39,4.49,27.71,1.63,36.98,,0.8,*****,26.29,9.16,3.34

**********debug**********

dow
**********debug**********
2016/06/01
2016/06/02

2016/05/26, 17859.52, 17888.66, 17803.82, 17828.29
2016/05/27, 17826.85, 17873.22, 17824.73, 17873.22
2016/05/31, 17891.50, 17899.24, 17724.03, 17787.20
2016/06/01, 17754.55, 17809.18, 17664.79, 17789.67
2016/06/02, 17789.05, 17838.56, 17703.55, 17838.56

**********debug**********

wti
**********debug**********
2016-05-31
2016-05-31

2016-05-25,49.10
2016-05-26,49.00
2016-05-27,49.36
2016-05-30,.
2016-05-31,49.10

**********debug**********

icm
**********debug**********
2016/06/02
2016/06/03

2016/06/03,5275

**********debug**********

