225
**********debug**********
2016/07/19
2016/07/20

"2016/07/13","16231.43","16343.00","16444.25","16196.44"
"2016/07/14","16385.89","16242.20","16398.73","16229.26"
"2016/07/15","16497.85","16396.12","16607.32","16396.12"
"2016/07/19","16723.31","16612.09","16726.71","16514.66"
"2016/07/20","16681.89","16646.92","16692.84","16554.03"

**********debug**********

225_vi
**********debug**********
2016/07/19
2016/07/20

"2016/07/13","29.76","29.33","30.36","28.86"
"2016/07/14","28.31","29.41","29.41","28.16"
"2016/07/15","28.79","28.30","29.23","27.94"
"2016/07/19","29.15","29.10","29.49","25.23"
"2016/07/20","28.56","28.90","29.12","28.41"

**********debug**********

exchrr
**********debug**********
2016/7/19
2016/7/20

2016/7/13,104.64,138.93,115.71,80.1,105.8,12.25,15.56,12.41,79.56,76.12,7.29,277.93,*****,15.62,13.49,1.56,*****,2.22,77.64,*****,2.97,346.83,27.91,28.49,5.7,33.85,0.37,4.28,26.33,1.64,36.24,,0.8,*****,26.3,9.14,3.25
2016/7/14,104.11,136.51,115.49,80.22,105.73,12.26,15.53,12.36,79.07,75.71,7.19,276.52,*****,15.55,13.42,1.56,*****,2.21,77.27,*****,2.96,344.96,27.77,28.35,5.67,33.68,0.37,4.27,26.21,1.63,35.89,,0.8,*****,26.26,9.09,3.24
2016/7/15,105.66,141.37,117.43,81.88,107.68,12.42,15.79,12.6,80.49,75.54,7.41,280.79,*****,15.79,13.63,1.58,*****,2.26,78.66,*****,3.02,350.33,28.18,28.77,5.75,34.18,0.37,4.34,26.65,1.68,36.69,,0.81,*****,26.78,9.32,3.31
2016/7/19,105.98,140.43,117.31,81.66,107.82,12.38,15.77,12.54,79.93,74.53,7.44,280.89,*****,15.79,13.67,1.58,*****,2.27,78.48,*****,3.03,350.81,28.27,28.86,5.76,34.28,0.37,4.35,26.84,1.69,35.47,,0.81,*****,26.63,9.32,3.32
2016/7/20,106.03,138.84,116.78,81.37,107.57,12.3,15.7,12.45,79.5,74.5,7.39,281.55,*****,15.8,13.67,1.58,*****,2.26,78.19,*****,3.02,350.98,28.29,28.87,5.72,34.3,0.37,4.32,26.65,1.67,34.78,,0.81,*****,26.34,9.28,3.31

**********debug**********

dow
**********debug**********
2016/07/18
2016/07/19

2016/07/13, 18356.78, 18390.16, 18315.76, 18372.12
2016/07/14, 18414.30, 18537.57, 18414.30, 18506.41
2016/07/15, 18508.88, 18557.43, 18471.62, 18516.55
2016/07/18, 18521.55, 18556.13, 18489.84, 18533.05
2016/07/19, 18503.12, 18562.53, 18495.11, 18559.01

**********debug**********

wti
**********debug**********
2016-07-11
2016-07-18

2016-07-12,46.82
2016-07-13,44.87
2016-07-14,45.64
2016-07-15,45.93
2016-07-18,45.23

**********debug**********

icm
**********debug**********
2016/07/19
2016/07/20

2016/07/20,4826

**********debug**********

