225
**********debug**********
2016/08/30
2016/08/31

"2016/08/25","16555.95","16580.15","16628.79","16520.84"
"2016/08/26","16360.71","16485.55","16490.53","16320.43"
"2016/08/29","16737.49","16631.06","16764.64","16616.65"
"2016/08/30","16725.36","16690.98","16752.16","16677.85"
"2016/08/31","16887.40","16857.83","16917.86","16836.96"

**********debug**********

225_vi
**********debug**********
2016/08/30
2016/08/31

"2016/08/25","22.99","22.45","22.99","22.34"
"2016/08/26","23.78","23.45","24.26","23.45"
"2016/08/29","23.53","23.49","23.64","23.15"
"2016/08/30","22.92","23.32","23.43","22.80"
"2016/08/31","22.70","22.64","22.81","22.39"

**********debug**********

exchrr
**********debug**********
2016/8/30
2016/8/31

2016/8/25,100.51,133.27,113.28,77.78,103.99,11.98,15.22,12.25,76.61,73.73,7.1,267.17,*****,15.08,12.96,1.5,*****,2.16,74.23,*****,2.91,333.92,26.81,27.37,5.45,32.46,0.37,4.19,26.3,1.54,34.07,,0.76,*****,24.92,8.99,3.17
2016/8/26,100.45,132.72,113.39,77.78,103.88,11.95,15.23,12.22,76.62,73.44,7.08,267.01,*****,15.07,12.95,1.5,*****,2.17,74.29,*****,2.91,333.72,26.8,27.34,5.47,32.5,0.37,4.19,26.21,1.56,34.28,,0.76,*****,25.01,9.02,3.17
2016/8/29,101.93,133.68,114.08,78.35,104.28,12,15.32,12.29,76.87,73.63,7.12,270.95,*****,15.22,13.14,1.52,*****,2.19,74.87,*****,2.94,338.64,27.19,27.75,5.48,32.92,0.37,4.22,26.35,1.57,34.51,,0.77,*****,25.23,9.06,3.21
2016/8/30,101.92,133.62,113.96,78.3,104.15,12.03,15.31,12.31,77.15,73.96,7.07,270.42,*****,15.24,13.14,1.52,*****,2.2,75.01,*****,2.95,338.49,27.19,27.75,5.47,32.97,0.37,4.22,26.27,1.58,34.51,,0.77,*****,25.25,9.11,3.22
2016/8/31,103.19,134.88,114.91,78.69,104.88,12.08,15.44,12.37,77.48,74.59,7.1,274.3,*****,15.41,13.3,1.54,*****,2.22,75.65,*****,2.98,342.14,27.52,28.1,5.48,33.33,0.37,4.25,26.39,1.58,34.79,,0.78,*****,25.49,9.21,3.25

**********debug**********

dow
**********debug**********
2016/08/29
2016/08/30

2016/08/24, 18537.50, 18539.15, 18448.27, 18481.48
2016/08/25, 18471.21, 18497.68, 18431.46, 18448.41
2016/08/26, 18467.92, 18572.09, 18335.34, 18395.40
2016/08/29, 18421.29, 18523.09, 18419.92, 18502.99
2016/08/30, 18491.28, 18514.29, 18408.52, 18454.30

**********debug**********

wti
**********debug**********
2016-08-22
2016-08-29

2016-08-23,47.54
2016-08-24,46.29
2016-08-25,46.97
2016-08-26,47.64
2016-08-29,46.97

**********debug**********

icm
**********debug**********
2016/08/30
2016/08/31

2016/08/31,4667

**********debug**********

