225
**********debug**********
2016/11/09
2016/11/10

"2016/11/04","16905.36","16964.50","16996.09","16801.98"
"2016/11/07","17177.21","17126.03","17186.89","17056.84"
"2016/11/08","17171.38","17242.70","17247.04","17130.83"
"2016/11/09","16251.54","17281.95","17427.71","16111.81"
"2016/11/10","17344.42","16562.86","17393.82","16560.66"

**********debug**********

225_vi
**********debug**********
2016/11/09
2016/11/10

"2016/11/04","25.54","23.38","26.43","23.38"
"2016/11/07","23.67","23.72","24.24","22.57"
"2016/11/08","22.67","23.36","24.04","22.60"
"2016/11/09","27.65","22.02","30.58","21.17"
"2016/11/10","21.44","21.75","22.26","20.38"

**********debug**********

exchrr
**********debug**********
2016/11/9
2016/11/10

2016/11/4,103.01,128.53,114.32,76.9,105.69,11.48,15.37,12.58,79.15,75.4,7.64,273.74,*****,15.21,13.28,1.55,*****,2.13,74.41,*****,2.95,341.09,27.48,28.05,5.38,33.27,0.37,4.24,26.5,1.62,33.05,,0.79,*****,24.58,8.99,3.27
2016/11/7,103.98,129.76,115.35,77.66,106.77,11.59,15.51,12.75,79.78,76.14,7.66,276.32,*****,15.34,13.41,1.56,*****,2.15,75.01,*****,2.97,344.08,27.73,28.31,5.57,33.59,0.38,4.27,26.68,1.61,32.96,,0.8,*****,24.74,9.11,3.3
2016/11/8,104.53,129.56,115.4,78.12,107.29,11.58,15.51,12.69,80.59,76.65,7.81,277.86,*****,15.4,13.48,1.57,*****,2.15,75.1,*****,2.99,346.01,27.88,28.46,5.64,33.66,0.38,4.27,26.68,1.64,32.97,,0.8,*****,24.83,9.17,3.33
2016/11/9,105.11,130.09,115.71,79.14,107.22,11.69,15.56,12.75,81.62,77.71,7.95,279.33,*****,15.47,13.55,1.59,*****,2.17,75.74,*****,3.01,347.59,28.04,28.62,5.76,33.95,0.38,4.28,26.75,1.65,33.24,,0.8,*****,25.09,9.3,3.35
2016/11/10,105.65,131.43,115.43,78.76,107.37,11.68,15.51,12.7,80.97,77.1,7.84,280.76,*****,15.49,13.62,1.59,*****,2.16,75.47,*****,3.01,349.37,28.18,28.77,5.34,34.02,0.38,4.28,26.62,1.66,32.9,,0.81,*****,24.85,9.16,3.35

**********debug**********

dow
**********debug**********
2016/11/08
2016/11/09

2016/11/07, 17994.64, 18263.30, 17994.64, 18259.60
2016/11/07, 17994.64, 18263.30, 17994.64, 18259.60
2016/11/08, 18251.38, 18400.50, 18200.75, 18332.74
2016/11/08, 18251.38, 18400.50, 18200.75, 18332.74
2016/11/09, 18317.26, 18650.06, 18252.55, 18589.69

**********debug**********

wti
**********debug**********
2016-11-07
2016-11-07

2016-11-01,46.66
2016-11-02,45.32
2016-11-03,44.66
2016-11-04,44.07
2016-11-07,44.88

**********debug**********

icm
**********debug**********
2016/11/09
2016/11/10

2016/11/10,4684

**********debug**********

