225
**********debug**********
2016/08/10
2016/08/10

"2016/08/04","16254.89","16168.34","16270.12","15921.04"
"2016/08/05","16254.45","16278.99","16355.98","16230.70"
"2016/08/08","16650.57","16462.29","16652.04","16455.57"
"2016/08/09","16764.97","16632.41","16779.59","16630.56"
"2016/08/10","16735.12","16699.08","16822.86","16657.59"

**********debug**********

225_vi
**********debug**********
2016/08/10
2016/08/10

"2016/08/04","23.58","24.18","24.40","23.05"
"2016/08/05","21.51","22.59","22.70","21.09"
"2016/08/08","19.89","21.46","22.48","19.76"
"2016/08/09","19.56","19.95","20.11","19.25"
"2016/08/10","19.51","19.86","19.89","19.09"

**********debug**********

exchrr
**********debug**********
2016/8/10
2016/8/10

2016/8/4,101.25,135.02,112.85,77.61,104.06,11.85,15.17,11.98,77.1,72.59,7.29,268.85,*****,15.24,13.05,1.52,*****,2.15,75.53,*****,2.89,335.93,27.01,27.57,5.37,32.75,0.36,4.18,26.35,1.53,33.59,,0.77,*****,25.07,9.09,3.2
2016/8/5,101.26,132.9,112.73,77.73,103.93,11.89,15.16,12.01,77.36,72.76,7.38,268.88,*****,15.24,13.05,1.52,*****,2.15,75.47,*****,2.9,335.85,27.01,27.57,5.36,32.71,0.36,4.17,26.27,1.54,33.63,,0.77,*****,25.1,9.11,3.2
2016/8/8,102.13,133.61,113.2,77.45,104.16,11.92,15.23,12.01,77.66,72.66,7.44,271.19,*****,15.32,13.17,1.53,*****,2.17,75.72,*****,2.92,338.74,27.23,27.81,5.46,33.04,0.37,4.19,26.45,1.56,34.11,,0.78,*****,25.22,9.15,3.24
2016/8/9,102.39,133.14,113.52,77.8,104.21,11.93,15.27,12.09,78.36,73.23,7.53,271.88,*****,15.36,13.2,1.53,*****,2.18,75.95,*****,2.93,339.26,27.31,27.88,5.52,33.12,0.36,4.2,26.59,1.59,34.36,,0.78,*****,25.39,9.23,3.25
2016/8/10,101.63,132.64,113.17,77.66,103.69,11.94,15.21,12.14,78.15,73.03,7.6,269.65,*****,15.27,13.1,1.52,*****,2.17,75.72,*****,2.92,336.63,27.11,27.67,5.52,32.88,0.36,4.19,26.53,1.57,34.3,,0.77,*****,25.35,9.24,3.24

**********debug**********

dow
**********debug**********
2016/08/09
2016/08/10

2016/08/04, 18351.43, 18397.87, 18325.17, 18352.05
2016/08/05, 18402.80, 18543.53, 18402.80, 18543.53
2016/08/08, 18540.65, 18569.31, 18502.03, 18529.29
2016/08/09, 18538.05, 18585.32, 18507.75, 18533.05
2016/08/10, 18541.48, 18561.75, 18468.78, 18495.66

**********debug**********

wti
**********debug**********
2016-08-08
2016-08-08

2016-08-02,39.50
2016-08-03,40.80
2016-08-04,41.92
2016-08-05,41.83
2016-08-08,43.06

**********debug**********

icm
**********debug**********
2016/08/10
2016/08/10

2016/08/10,4470

**********debug**********

