225
**********debug**********
2016/10/28
2016/10/31

"2016/10/25","17365.25","17298.63","17381.80","17298.63"
"2016/10/26","17391.84","17329.03","17391.84","17295.46"
"2016/10/27","17336.42","17346.39","17414.21","17278.12"
"2016/10/28","17446.41","17448.25","17461.03","17406.72"
"2016/10/31","17425.02","17360.89","17433.13","17327.62"

**********debug**********

225_vi
**********debug**********
2016/10/28
2016/10/31

"2016/10/25","18.20","18.50","18.80","18.20"
"2016/10/26","18.20","18.45","18.64","18.12"
"2016/10/27","18.51","18.38","19.13","18.22"
"2016/10/28","18.16","18.03","18.24","17.82"
"2016/10/31","19.12","19.49","20.08","19.05"

**********debug**********

exchrr
**********debug**********
2016/10/28
2016/10/31

2016/10/25,104.49,127.71,113.54,78.23,105.1,11.72,15.27,12.64,79.41,74.48,7.5,277.68,*****,15.4,13.47,1.56,*****,2.17,74.95,*****,2.98,345.42,27.87,28.45,5.63,33.75,0.37,4.2,26.29,1.68,33.89,,0.8,*****,25.02,9.19,3.3
2016/10/26,104.17,126.7,113.28,77.98,104.66,11.66,15.23,12.58,80.09,74.6,7.56,276.83,*****,15.37,13.43,1.56,*****,2.16,74.97,*****,2.99,343.8,27.79,28.36,5.62,33.65,0.37,4.19,26.24,1.68,33.91,,0.8,*****,25.13,9.21,3.31
2016/10/27,104.58,127.82,114.01,78.11,105.23,11.74,15.33,12.64,80,74.8,7.53,277.92,*****,15.42,13.48,1.57,*****,2.16,75.18,*****,2.99,345.15,27.9,28.47,5.59,33.78,0.37,4.23,26.33,1.66,33.95,,0.8,*****,25.08,9.19,3.31
2016/10/28,105.21,128.09,114.69,78.59,105.91,11.6,15.42,12.74,79.88,74.98,7.59,279.59,*****,15.48,13.57,1.57,*****,2.17,75.42,*****,2.99,347.23,28.06,28.65,5.6,33.98,0.37,4.25,26.47,1.68,33.84,,0.81,*****,25.07,9.18,3.32
2016/10/31,104.81,127.76,114.95,78.07,106.03,11.62,15.46,12.66,79.53,74.89,7.6,278.53,*****,15.45,13.52,1.57,*****,2.16,75.25,*****,2.99,345.91,27.95,28.54,5.52,33.85,0.37,4.25,26.53,1.66,33.69,,0.8,*****,24.93,9.14,3.31

**********debug**********

dow
**********debug**********
2016/10/28
2016/10/28

2016/10/27, 18234.81, 18253.20, 18149.20, 18169.68
2016/10/27, 18234.81, 18253.20, 18149.20, 18169.68
2016/10/28, 18193.79, 18257.06, 18094.97, 18161.19
2016/10/28, 18193.79, 18257.06, 18094.97, 18161.19
2016/10/28, 18193.79, 18257.06, 18094.97, 18161.19

**********debug**********

wti
**********debug**********
2016-10-24
2016-10-24

2016-10-18,50.30
2016-10-19,51.59
2016-10-20,50.31
2016-10-21,50.61
2016-10-24,50.18

**********debug**********

icm
**********debug**********
2016/10/28
2016/10/31

2016/10/31,4862

**********debug**********

