225
**********debug**********
2016/08/19
2016/08/22

"2016/08/16","16596.51","16878.66","16887.57","16596.51"
"2016/08/17","16745.64","16596.26","16772.11","16596.26"
"2016/08/18","16486.01","16649.91","16714.61","16481.41"
"2016/08/19","16545.82","16558.38","16613.04","16452.62"
"2016/08/22","16598.19","16599.26","16631.23","16540.94"

**********debug**********

225_vi
**********debug**********
2016/08/19
2016/08/22

"2016/08/16","20.89","19.72","21.07","19.56"
"2016/08/17","20.44","21.20","21.20","20.31"
"2016/08/18","22.22","20.76","22.37","20.76"
"2016/08/19","22.02","21.92","22.69","21.50"
"2016/08/22","22.01","22.50","22.50","21.91"

**********debug**********

exchrr
**********debug**********
2016/8/19
2016/8/22

2016/8/16,101.11,130.32,113.06,78.22,103.94,11.95,15.2,12.31,77.58,72.89,7.6,268.77,*****,15.22,13.04,1.51,*****,2.18,75.34,*****,2.92,335.36,26.97,27.53,5.59,32.71,0.37,4.19,26.5,1.58,34.38,,0.77,*****,25.32,9.22,3.23
2016/8/17,100.69,131.32,113.53,78.22,104.66,11.96,15.25,12.28,77.4,73.29,7.5,267.65,*****,15.18,12.98,1.51,*****,2.18,75.07,*****,2.9,334.19,26.86,27.42,5.58,32.57,0.37,4.2,26.58,1.58,34.44,,0.77,*****,25.24,9.17,3.21
2016/8/18,99.81,130.25,112.75,77.66,103.78,11.86,15.15,12.18,76.34,72.4,7.47,265.31,*****,15.06,12.87,1.5,*****,2.15,74.44,*****,2.89,331.37,26.63,27.18,5.5,32.29,0.36,4.17,26.28,1.56,34.22,,0.76,*****,24.97,9.02,3.18
2016/8/19,100.43,132.02,113.85,78.52,105.12,12.02,15.3,12.31,76.96,73.01,7.5,266.96,*****,15.14,12.95,1.51,*****,2.17,74.93,*****,2.91,333.65,26.79,27.35,5.53,32.49,0.37,4.22,26.56,1.58,34.31,,0.77,*****,25.16,9.07,3.19
2016/8/22,100.62,131.26,113.56,77.96,104.52,11.95,15.26,12.2,76.43,72.81,7.43,267.46,*****,15.1,12.98,1.5,*****,2.17,74.48,*****,2.9,334.29,26.84,27.4,5.5,32.5,0.37,4.2,26.34,1.58,34.25,,0.76,*****,25,8.97,3.17

**********debug**********

dow
**********debug**********
2016/08/19
2016/08/19

2016/08/15, 18588.59, 18668.44, 18588.59, 18636.05
2016/08/16, 18614.48, 18614.86, 18550.65, 18552.02
2016/08/17, 18537.09, 18582.35, 18468.68, 18573.94
2016/08/18, 18566.54, 18600.82, 18533.29, 18597.70
2016/08/19, 18585.17, 18585.17, 18491.24, 18552.57

**********debug**********

wti
**********debug**********
2016-08-15
2016-08-15

2016-08-09,42.78
2016-08-10,41.75
2016-08-11,43.51
2016-08-12,44.47
2016-08-15,45.72

**********debug**********

icm
**********debug**********
2016/08/19
2016/08/22

2016/08/22,4730

**********debug**********

