225
**********debug**********
2016/11/24
2016/11/25

"2016/11/18","17967.41","18024.21","18043.72","17967.41"
"2016/11/21","18106.02","18038.09","18129.03","18007.79"
"2016/11/22","18162.94","18091.05","18175.63","18050.55"
"2016/11/24","18333.41","18329.78","18382.72","18310.31"
"2016/11/25","18381.22","18387.59","18482.94","18288.50"

**********debug**********

225_vi
**********debug**********
2016/11/24
2016/11/25

"2016/11/18","19.51","19.62","19.73","19.07"
"2016/11/21","19.41","20.17","20.33","19.35"
"2016/11/22","19.38","19.68","19.80","19.29"
"2016/11/24","19.46","19.39","19.57","19.11"
"2016/11/25","19.97","19.49","20.24","19.39"

**********debug**********

exchrr
**********debug**********
2016/11/24
2016/11/25

2016/11/18,110.21,136.81,116.94,81.34,109.34,11.92,15.72,12.89,81.53,77.49,7.64,292.96,*****,15.96,14.21,1.63,*****,2.22,77.44,*****,3.1,362.77,29.39,30.01,5.39,35.6,0.38,4.33,26.34,1.7,32.65,,0.82,*****,25.08,9.33,3.46
2016/11/21,110.95,137.12,117.62,82.29,109.92,12,15.81,12.92,81.33,77.82,7.69,294.92,*****,16.07,14.3,1.63,*****,2.23,77.82,*****,3.12,365.21,29.59,30.21,5.38,35.84,0.38,4.36,26.48,1.72,32.82,,0.83,*****,25.14,9.39,3.47
2016/11/22,110.53,138.25,117.55,82.42,109.66,12,15.8,12.95,81.59,78.14,7.79,293.81,*****,16.02,14.25,1.62,*****,2.22,77.74,*****,3.12,362.75,29.48,30.1,5.41,35.7,0.38,4.35,26.56,1.73,32.98,,0.82,*****,25.05,9.4,3.47
2016/11/24,112.43,139.81,118.51,83.21,110.47,12.11,15.93,13.04,82.98,78.7,7.95,298.86,*****,16.17,14.49,1.64,*****,2.25,78.41,*****,3.15,369.11,29.98,30.61,5.45,36.31,0.38,4.38,26.75,1.75,33.07,,0.83,*****,25.27,9.51,3.53
2016/11/25,113.78,141.71,120.05,84.24,111.85,12.3,16.14,13.25,84.36,79.68,8.04,302.45,*****,16.36,14.67,1.66,*****,2.27,79.43,*****,3.19,373.54,30.34,30.98,5.48,36.75,0.39,4.44,27.16,1.76,32.79,,0.84,*****,25.52,9.64,3.57

**********debug**********

dow
**********debug**********
2016/11/23
2016/11/25

2016/11/22, 18970.39, 19043.90, 18962.82, 19023.87
2016/11/22, 18970.39, 19043.90, 18962.82, 19023.87
2016/11/23, 19015.52, 19083.76, 19000.38, 19083.18
2016/11/23, 19015.52, 19083.76, 19000.38, 19083.18
2016/11/25, 19093.72, 19152.14, 19093.72, 19152.14

**********debug**********

wti
**********debug**********
2016-11-21
2016-11-21

2016-11-15,45.86
2016-11-16,45.56
2016-11-17,45.37
2016-11-18,45.69
2016-11-21,47.48

**********debug**********

icm
**********debug**********
2016/11/24
2016/11/25

2016/11/25,5180

**********debug**********

