225
**********debug**********
2016/06/30
2016/07/01

"2016/06/27","15309.21","15153.08","15323.95","15061.66"
"2016/06/28","15323.14","15094.71","15443.82","14987.79"
"2016/06/29","15566.83","15523.35","15626.66","15398.31"
"2016/06/30","15575.92","15752.71","15781.69","15575.92"
"2016/07/01","15682.48","15698.02","15765.00","15635.57"

**********debug**********

225_vi
**********debug**********
2016/06/30
2016/07/01

"2016/06/27","35.77","38.11","39.00","35.77"
"2016/06/28","33.36","36.91","37.06","32.64"
"2016/06/29","29.44","31.21","31.45","29.08"
"2016/06/30","29.67","28.68","29.77","28.42"
"2016/07/01","27.62","28.59","28.91","27.34"

**********debug**********

exchrr
**********debug**********
2016/6/30
2016/7/1

2016/6/27,102.25,136.9,112.63,78.3,104.87,11.98,15.15,11.92,75.82,72.35,6.7,271.72,*****,15.37,13.17,1.51,*****,2.18,75.12,*****,2.89,338.91,27.27,27.84,5.39,33.75,0.35,4.15,25.57,1.55,34.65,,0.76,*****,24.82,8.63,3.15
2016/6/28,101.63,134.39,112,77.76,103.84,11.89,15.06,11.86,74.74,71.32,6.62,269.93,*****,15.21,13.1,1.5,*****,2.15,74.71,*****,2.88,336.63,27.12,27.67,5.31,32.88,0.35,4.13,25.08,1.55,34.64,,0.76,*****,24.73,8.6,3.13
2016/6/29,102.4,136.13,113.24,78.52,104.37,12.04,15.23,12.07,75.68,72.34,6.75,271.98,*****,15.32,13.2,1.51,*****,2.18,75.66,*****,2.9,339.19,27.33,27.89,5.44,33.13,0.36,4.17,25.59,1.6,35.24,,0.78,*****,25.22,8.76,3.16
2016/6/30,102.96,138.42,114.36,79.6,105.14,12.15,15.39,12.27,76.78,73.24,6.97,273.47,*****,15.46,13.27,1.53,*****,2.2,76.43,*****,2.93,341.15,27.48,28.03,5.57,33.05,0.36,4.22,25.93,1.61,35.63,,0.78,*****,25.64,8.94,3.19
2016/7/1,102.95,137.4,114.4,79.41,105.47,12.18,15.38,12.33,76.75,73.53,7,273.44,*****,15.43,13.26,1.53,*****,2.19,76.51,*****,2.93,341.12,27.48,28.03,5.62,33.05,0.36,4.23,26.15,1.62,35.85,,0.78,*****,25.8,8.97,3.2

**********debug**********

dow
**********debug**********
2016/06/29
2016/06/30

2016/06/24, 17946.63, 17946.63, 17356.34, 17400.75
2016/06/27, 17355.21, 17355.21, 17063.08, 17140.24
2016/06/28, 17190.51, 17409.72, 17190.51, 17409.72
2016/06/29, 17456.02, 17704.51, 17456.02, 17694.68
2016/06/30, 17712.76, 17930.61, 17711.80, 17929.99

**********debug**********

wti
**********debug**********
2016-06-27
2016-06-27

2016-06-21,48.95
2016-06-22,49.16
2016-06-23,49.34
2016-06-24,46.70
2016-06-27,45.80

**********debug**********

icm
**********debug**********
2016/06/30
2016/07/01

2016/07/01,4959

**********debug**********

