225
**********debug**********
2016/10/14
2016/10/17

"2016/10/11","17024.76","16936.31","17074.46","16931.12"
"2016/10/12","16840.00","16850.73","16951.54","16839.41"
"2016/10/13","16774.24","16923.82","16974.25","16739.73"
"2016/10/14","16856.37","16751.04","16866.56","16727.78"
"2016/10/17","16900.12","16871.84","16954.44","16821.49"

**********debug**********

225_vi
**********debug**********
2016/10/14
2016/10/17

"2016/10/11","20.15","21.11","21.11","20.07"
"2016/10/12","20.52","20.80","20.89","20.18"
"2016/10/13","21.25","20.75","21.80","20.00"
"2016/10/14","20.01","21.76","21.77","19.96"
"2016/10/17","19.90","20.52","20.67","19.72"

**********debug**********

exchrr
**********debug**********
2016/10/14
2016/10/17

2016/10/11,103.95,128.28,115.7,78.89,105.74,12,15.55,12.86,78.87,73.88,7.51,276.32,*****,15.47,13.4,1.56,*****,2.15,75.5,*****,2.95,344.55,27.72,28.3,5.49,33.58,0.38,4.29,27.15,1.68,33.86,,0.8,*****,25.08,9.34,3.3
2016/10/12,103.64,127.1,114.39,78.25,104.77,11.74,15.38,12.66,78.36,73.23,7.22,275.49,*****,15.41,13.36,1.55,*****,2.13,75.15,*****,2.92,343.07,27.64,28.22,5.49,33.48,0.38,4.24,26.71,1.65,33.59,,0.8,*****,24.74,9.22,3.27
2016/10/13,104.54,127.12,115.01,78.65,105.48,11.79,15.46,12.71,78.67,73.59,7.33,277.81,*****,15.53,13.47,1.57,*****,2.15,75.42,*****,2.93,345.47,27.88,28.46,5.51,33.77,0.38,4.25,26.79,1.65,33.81,,0.8,*****,24.9,9.28,3.3
2016/10/14,103.87,127,114.69,78.63,105.26,11.81,15.42,12.73,78.66,73.66,7.26,276.03,*****,15.43,13.39,1.56,*****,2.15,75.02,*****,2.96,343.37,27.7,28.28,5.48,33.55,0.38,4.25,26.72,1.65,33.61,,0.79,*****,24.67,9.18,3.27
2016/10/17,104.21,126.76,114.27,79.2,105.18,11.79,15.36,12.64,79.15,73.87,7.27,276.93,*****,15.46,13.43,1.56,*****,2.16,74.84,*****,2.95,344.5,27.79,28.37,5.48,33.66,0.37,4.23,26.52,1.65,33.72,,0.8,*****,24.74,9.14,3.29

**********debug**********

dow
**********debug**********
2016/10/14
2016/10/14

2016/10/13, 18088.32, 18137.70, 17959.95, 18098.94
2016/10/13, 18088.32, 18137.70, 17959.95, 18098.94
2016/10/14, 18177.35, 18261.11, 18138.38, 18138.38
2016/10/14, 18177.35, 18261.11, 18138.38, 18138.38
2016/10/14, 18177.35, 18261.11, 18138.38, 18138.38

**********debug**********

wti
**********debug**********
2016-10-11
2016-10-11

2016-10-05,49.75
2016-10-06,50.44
2016-10-07,49.76
2016-10-10,49.76
2016-10-11,50.72

**********debug**********

icm
**********debug**********
2016/10/14
2016/10/17

2016/10/17,4905

**********debug**********

