225
**********debug**********
2016/11/18
2016/11/21

"2016/11/15","17668.15","17690.22","17727.58","17605.77"
"2016/11/16","17862.21","17832.51","17886.44","17807.47"
"2016/11/17","17862.63","17766.61","17884.06","17764.08"
"2016/11/18","17967.41","18024.21","18043.72","17967.41"
"2016/11/21","18106.02","18038.09","18129.03","18007.79"

**********debug**********

225_vi
**********debug**********
2016/11/18
2016/11/21

"2016/11/15","20.98","21.60","21.74","20.77"
"2016/11/16","20.58","20.70","20.81","20.45"
"2016/11/17","19.63","20.82","20.82","19.49"
"2016/11/18","19.51","19.62","19.73","19.07"
"2016/11/21","19.41","20.17","20.33","19.35"

**********debug**********

exchrr
**********debug**********
2016/11/18
2016/11/21

2016/11/15,107.92,134.93,116.2,79.73,108.46,11.81,15.62,12.78,81.7,77.01,7.53,286.87,*****,15.76,13.91,1.6,*****,2.2,76.46,*****,3.05,355.47,28.78,29.39,5.22,34.86,0.37,4.3,26.3,1.64,32.84,,0.81,*****,24.95,9.27,3.39
2016/11/16,109.04,135.77,117.11,81.12,108.97,11.88,15.73,12.93,82.26,77.28,7.68,289.85,*****,15.87,14.06,1.61,*****,2.22,77.11,*****,3.08,358.92,29.09,29.69,5.38,35.22,0.38,4.33,26.62,1.7,33.12,,0.82,*****,25.17,9.33,3.43
2016/11/17,108.73,135.24,116.42,80.93,108.65,11.85,15.64,12.83,81.28,77.15,7.6,289.02,*****,15.79,14.02,1.6,*****,2.2,76.84,*****,3.07,357.9,29,29.61,5.38,35.12,0.38,4.31,26.17,1.68,32.74,,0.81,*****,24.92,9.3,3.41
2016/11/18,110.21,136.81,116.94,81.34,109.34,11.92,15.72,12.89,81.53,77.49,7.64,292.96,*****,15.96,14.21,1.63,*****,2.22,77.44,*****,3.1,362.77,29.39,30.01,5.39,35.6,0.38,4.33,26.34,1.7,32.65,,0.82,*****,25.08,9.33,3.46
2016/11/21,110.95,137.12,117.62,82.29,109.92,12,15.81,12.92,81.33,77.82,7.69,294.92,*****,16.07,14.3,1.63,*****,2.23,77.82,*****,3.12,365.21,29.59,30.21,5.38,35.84,0.38,4.36,26.48,1.72,32.82,,0.83,*****,25.14,9.39,3.47

**********debug**********

dow
**********debug**********
2016/11/18
2016/11/18

2016/11/17, 18866.22, 18904.03, 18845.27, 18903.82
2016/11/17, 18866.22, 18904.03, 18845.27, 18903.82
2016/11/18, 18905.33, 18915.74, 18853.83, 18867.93
2016/11/18, 18905.33, 18915.74, 18853.83, 18867.93
2016/11/18, 18905.33, 18915.74, 18853.83, 18867.93

**********debug**********

wti
**********debug**********
2016-11-14
2016-11-14

2016-11-08,44.96
2016-11-09,45.20
2016-11-10,44.62
2016-11-11,43.39
2016-11-14,43.29

**********debug**********

icm
**********debug**********
2016/11/18
2016/11/21

2016/11/21,4902

**********debug**********

