225
**********debug**********
2016/09/13
2016/09/14

"2016/09/08","16958.77","16984.00","17001.84","16836.65"
"2016/09/09","16965.76","16994.37","17029.78","16902.09"
"2016/09/12","16672.92","16748.36","16802.00","16601.54"
"2016/09/13","16729.04","16764.65","16787.06","16658.40"
"2016/09/14","16614.24","16632.06","16706.61","16585.80"

**********debug**********

225_vi
**********debug**********
2016/09/13
2016/09/14

"2016/09/08","21.79","26.04","26.10","21.56"
"2016/09/09","20.46","21.56","21.64","20.42"
"2016/09/12","24.07","22.80","24.51","22.39"
"2016/09/13","22.48","22.93","23.02","22.32"
"2016/09/14","23.02","23.37","23.86","22.40"

**********debug**********

exchrr
**********debug**********
2016/9/13
2016/9/14

2016/9/8,101.63,135.72,114.3,78.9,104.87,12.05,15.36,12.44,78.06,75.89,7.25,270.15,*****,15.25,13.1,1.53,*****,2.18,75.51,*****,2.94,337.75,27.11,27.67,5.54,33.48,0.37,4.23,26.46,1.58,34.64,,0.78,*****,25.04,9.32,3.26
2016/9/9,102.28,136.19,115.23,79.13,105.28,12.12,15.49,12.5,78.23,75.75,7.25,271.88,*****,15.32,13.18,1.54,*****,2.17,75.72,*****,2.94,339.8,27.28,27.85,5.48,32.27,0.37,4.27,26.63,1.6,34.65,,0.78,*****,25.18,9.3,3.26
2016/9/12,102.66,136.22,115.44,78.57,105.34,12.11,15.51,12.46,77.42,75.37,7.12,272.89,*****,15.34,13.23,1.54,*****,2.16,75.42,*****,2.94,341.06,27.38,27.95,5.43,32.39,0.37,4.27,26.62,1.58,34.58,,0.78,*****,25.24,9.25,3.24
2016/9/13,101.56,135.3,114.01,77.82,104.42,11.96,15.32,12.34,76.64,74.58,7.12,269.96,*****,15.19,13.09,1.52,*****,2.14,74.86,*****,2.91,337.3,27.08,27.65,5.39,32.8,0.37,4.22,26.24,1.57,34.15,,0.78,*****,24.8,9.16,3.21
2016/9/14,102.85,135.44,115.38,78.11,105.27,12.06,15.5,12.43,76.86,74.5,7.14,273.39,*****,15.41,13.26,1.53,*****,2.16,75.22,*****,2.94,341.24,27.43,28.01,5.38,33.22,0.37,4.27,26.49,1.58,34.45,,0.78,*****,24.89,9.13,3.24

**********debug**********

dow
**********debug**********
2016/09/12
2016/09/13

2016/09/07, 18527.71, 18536.89, 18474.77, 18526.14
2016/09/08, 18486.69, 18506.24, 18446.69, 18479.91
2016/09/09, 18404.17, 18404.17, 18085.45, 18085.45
2016/09/12, 18028.95, 18358.69, 17994.84, 18325.07
2016/09/13, 18262.99, 18262.99, 18028.06, 18066.75

**********debug**********

wti
**********debug**********
2016-09-06
2016-09-12

2016-09-06,44.85
2016-09-07,45.47
2016-09-08,47.63
2016-09-09,45.88
2016-09-12,46.28

**********debug**********

icm
**********debug**********
2016/09/13
2016/09/14

2016/09/14,4551

**********debug**********

