225
**********debug**********
2016/06/08
2016/06/09

"2016/06/03","16642.23","16599.51","16716.14","16554.60"
"2016/06/06","16580.03","16373.32","16581.30","16322.64"
"2016/06/07","16675.45","16651.05","16701.01","16536.23"
"2016/06/08","16830.92","16722.49","16830.92","16581.71"
"2016/06/09","16668.41","16742.03","16785.83","16587.77"

**********debug**********

225_vi
**********debug**********
2016/06/08
2016/06/09

"2016/06/03","26.86","27.37","27.41","26.76"
"2016/06/06","27.51","29.16","29.60","27.42"
"2016/06/07","26.41","26.87","27.42","26.29"
"2016/06/08","26.23","26.73","27.12","26.22"
"2016/06/09","26.66","26.66","27.28","26.15"

**********debug**********

exchrr
**********debug**********
2016/6/8
2016/6/9

2016/6/3,108.87,156.78,121.36,83.11,109.95,13.07,16.32,13.07,78.68,74.23,7,289.39,*****,16.53,14.01,1.62,*****,2.34,79.16,*****,3.06,360.74,29.04,29.64,5.83,35.94,0.39,4.49,27.71,1.63,36.98,,0.8,*****,26.29,9.16,3.34
2016/6/6,106.61,153.44,120.96,82.21,109.14,13.08,16.26,13.05,78.12,73.85,7.06,283.39,*****,16.27,13.72,1.6,*****,2.31,78.45,*****,3.01,354.19,28.43,29.03,5.73,35.19,0.39,4.48,27.53,1.62,36.72,,0.8,*****,26.06,9.14,3.3
2016/6/7,107.39,155.23,121.96,83.75,110.69,13.22,16.4,13.14,79.19,74.22,7.21,285.46,*****,16.35,13.82,1.61,*****,2.32,79.19,*****,3.04,356.54,28.64,29.24,5.75,35.45,0.39,4.52,28.01,1.64,37.02,,0.8,*****,26.32,9.22,3.33
2016/6/8,107.12,155.8,121.68,84.03,110.98,13.17,16.36,13.19,79.82,74.68,7.18,284.74,*****,16.29,13.79,1.61,*****,2.33,79.21,*****,3.04,355.29,28.57,29.17,5.83,35.36,0.39,4.5,27.97,1.66,37.03,,0.81,*****,26.33,9.26,3.33
2016/6/9,106.75,154.94,121.74,84.15,111.34,13.17,16.37,13.19,79.95,76.06,7.25,283.76,*****,16.26,13.75,1.61,*****,2.33,79.29,*****,3.04,354.65,28.47,29.07,5.89,35.24,0.39,4.51,28.19,1.67,36.95,,0.81,*****,26.48,9.26,3.32

**********debug**********

dow
**********debug**********
2016/06/07
2016/06/08

2016/06/02, 17789.05, 17838.56, 17703.55, 17838.56
2016/06/03, 17799.80, 17833.17, 17689.68, 17807.06
2016/06/06, 17825.69, 17949.68, 17822.81, 17920.33
2016/06/07, 17936.22, 18003.23, 17936.22, 17938.28
2016/06/08, 17931.91, 18016.00, 17931.91, 18005.05

**********debug**********

wti
**********debug**********
2016-06-06
2016-06-06

2016-05-31,49.10
2016-06-01,49.07
2016-06-02,49.14
2016-06-03,48.69
2016-06-06,49.71

**********debug**********

icm
**********debug**********
2016/06/08
2016/06/09

2016/06/09,5377

**********debug**********

