225
**********debug**********
2016/05/27
2016/05/30

"2016/05/24","16498.76","16605.04","16605.04","16471.37"
"2016/05/25","16757.35","16764.35","16806.03","16731.12"
"2016/05/26","16772.46","16927.69","16957.56","16743.17"
"2016/05/27","16834.84","16830.50","16901.09","16792.73"
"2016/05/30","17068.02","16973.72","17068.02","16910.19"

**********debug**********

225_vi
**********debug**********
2016/05/27
2016/05/30

"2016/05/24","25.95","26.48","26.87","25.74"
"2016/05/25","26.17","25.44","26.18","25.43"
"2016/05/26","26.19","25.75","26.47","25.75"
"2016/05/27","25.75","26.00","26.35","25.54"
"2016/05/30","26.11","26.37","26.78","26.01"

**********debug**********

exchrr
**********debug**********
2016/5/27
2016/5/30

2016/5/24,109.3,158.36,122.54,83.12,110.42,13.1,16.48,13.08,78.84,73.69,6.95,290.54,*****,16.65,14.07,1.62,*****,2.34,79.25,*****,3.06,362.28,29.14,29.76,5.9,35.85,0.39,4.53,27.58,1.64,36.49,,0.8,*****,26.75,9.22,3.35
2016/5/25,110.17,161.05,122.67,83.98,110.94,13.25,16.5,13.2,79.25,74.35,7.04,292.85,*****,16.78,14.18,1.63,*****,2.36,79.78,*****,3.08,364.92,29.39,30,5.97,36.14,0.39,4.54,27.77,1.66,37.35,,0.81,*****,26.83,9.28,3.37
2016/5/26,109.45,160.98,122.26,84.04,110.57,13.2,16.45,13.16,78.69,73.53,6.99,290.94,*****,16.69,14.1,1.63,*****,2.34,79.55,*****,3.07,362.78,29.19,29.8,5.92,35.9,0.39,4.52,27.77,1.68,37.24,,0.8,*****,26.82,9.28,3.36
2016/5/27,109.83,161.01,122.84,84.6,111.03,13.26,16.53,13.28,79.41,74.16,7.08,291.95,*****,16.75,14.14,1.64,*****,2.35,79.98,*****,3.09,364.04,29.31,29.9,5.96,36.02,0.39,4.54,27.93,1.67,37.45,,0.81,*****,26.99,9.32,3.38
2016/5/30,110.73,161.75,122.92,84.71,111.31,13.24,16.53,13.24,79.45,74.02,7.04,294.34,*****,16.83,14.26,1.65,*****,2.37,80.18,*****,3.1,366.9,29.54,30.15,5.99,36.55,0.39,4.55,28.07,1.68,37.42,,0.82,*****,27.06,9.31,3.4

**********debug**********

dow
**********debug**********
2016/05/27
2016/05/27

2016/05/23, 17507.04, 17550.70, 17480.05, 17492.93
2016/05/24, 17525.19, 17742.59, 17525.19, 17706.05
2016/05/25, 17735.09, 17891.71, 17735.09, 17851.51
2016/05/26, 17859.52, 17888.66, 17803.82, 17828.29
2016/05/27, 17826.85, 17873.22, 17824.73, 17873.22

**********debug**********

wti
**********debug**********
2016-05-23
2016-05-23

2016-05-17,48.29
2016-05-18,48.12
2016-05-19,48.16
2016-05-20,47.67
2016-05-23,48.12

**********debug**********

icm
**********debug**********
2016/05/27
2016/05/30

2016/05/30,5349

**********debug**********

