225
**********debug**********
2016/07/04
2016/07/05

"2016/06/29","15566.83","15523.35","15626.66","15398.31"
"2016/06/30","15575.92","15752.71","15781.69","15575.92"
"2016/07/01","15682.48","15698.02","15765.00","15635.57"
"2016/07/04","15775.80","15554.04","15805.31","15553.92"
"2016/07/05","15669.33","15682.16","15702.04","15602.73"

**********debug**********

225_vi
**********debug**********
2016/07/04
2016/07/05

"2016/06/29","29.44","31.21","31.45","29.08"
"2016/06/30","29.67","28.68","29.77","28.42"
"2016/07/01","27.62","28.59","28.91","27.34"
"2016/07/04","26.96","29.61","30.81","26.96"
"2016/07/05","27.72","27.41","28.01","27.17"

**********debug**********

exchrr
**********debug**********
2016/7/4
2016/7/5

2016/6/29,102.4,136.13,113.24,78.52,104.37,12.04,15.23,12.07,75.68,72.34,6.75,271.98,*****,15.32,13.2,1.51,*****,2.18,75.66,*****,2.9,339.19,27.33,27.89,5.44,33.13,0.36,4.17,25.59,1.6,35.24,,0.78,*****,25.22,8.76,3.16
2016/6/30,102.96,138.42,114.36,79.6,105.14,12.15,15.39,12.27,76.78,73.24,6.97,273.47,*****,15.46,13.27,1.53,*****,2.2,76.43,*****,2.93,341.15,27.48,28.03,5.57,33.05,0.36,4.22,25.93,1.61,35.63,,0.78,*****,25.64,8.94,3.19
2016/7/1,102.95,137.4,114.4,79.41,105.47,12.18,15.38,12.33,76.75,73.53,7,273.44,*****,15.43,13.26,1.53,*****,2.19,76.51,*****,2.93,341.12,27.48,28.03,5.62,33.05,0.36,4.23,26.15,1.62,35.85,,0.78,*****,25.8,8.97,3.2
2016/7/4,102.55,136.16,114.08,79.41,105.29,12.13,15.33,12.3,76.67,73.62,7.04,272.38,*****,15.37,13.22,1.53,*****,2.18,76.23,*****,2.92,339.79,27.36,27.93,5.59,32.92,0.36,4.21,25.88,1.61,35.35,,0.78,*****,25.66,8.92,3.19
2016/7/5,102.39,135.88,114,79.54,105.46,12.15,15.33,12.34,77.01,73.78,7.02,272.17,*****,15.33,13.2,1.52,*****,2.19,75.99,*****,2.91,339.26,27.31,27.88,5.55,32.87,0.36,4.21,25.71,1.6,35.23,,0.78,*****,25.6,8.9,3.18

**********debug**********

dow
**********debug**********
2016/07/01
2016/07/01

2016/06/27, 17355.21, 17355.21, 17063.08, 17140.24
2016/06/28, 17190.51, 17409.72, 17190.51, 17409.72
2016/06/29, 17456.02, 17704.51, 17456.02, 17694.68
2016/06/30, 17712.76, 17930.61, 17711.80, 17929.99
2016/07/01, 17924.24, 18002.38, 17916.91, 17949.37

**********debug**********

wti
**********debug**********
2016-06-27
2016-06-27

2016-06-21,48.95
2016-06-22,49.16
2016-06-23,49.34
2016-06-24,46.70
2016-06-27,45.80

**********debug**********

icm
**********debug**********
2016/07/04
2016/07/05

2016/07/05,4990

**********debug**********

