225
**********debug**********
2016/09/06
2016/09/07

"2016/09/01","16926.84","16885.16","16941.18","16864.56"
"2016/09/02","16925.68","16903.78","16946.49","16848.12"
"2016/09/05","17037.63","17131.52","17156.36","17009.21"
"2016/09/06","17081.98","17035.03","17097.59","17022.64"
"2016/09/07","17012.44","16937.38","17024.26","16903.20"

**********debug**********

225_vi
**********debug**********
2016/09/06
2016/09/07

"2016/09/01","23.44","22.90","23.45","22.83"
"2016/09/02","24.01","23.61","24.33","23.61"
"2016/09/05","22.89","28.13","28.13","22.42"
"2016/09/06","22.77","22.95","23.06","22.34"
"2016/09/07","22.16","23.35","27.47","22.16"

**********debug**********

exchrr
**********debug**********
2016/9/6
2016/9/7

2016/9/1,103.18,135.5,115.12,78.67,104.88,12.05,15.47,12.38,77.63,74.81,7.03,274.27,*****,15.42,13.3,1.54,*****,2.21,75.73,*****,2.98,342.11,27.52,28.1,5.49,33.33,0.37,4.26,26.41,1.58,34.88,,0.78,*****,25.35,9.24,3.25
2016/9/2,103.28,137.09,115.68,78.83,105.4,12.07,15.54,12.4,77.95,75.23,7.08,274.53,*****,15.46,13.31,1.55,*****,2.21,75.94,*****,2.99,342.33,27.55,28.12,5.51,33.36,0.37,4.28,26.52,1.57,34.91,,0.78,*****,25.26,9.23,3.26
2016/9/5,103.91,138.16,115.95,80.05,106.04,12.12,15.59,12.52,78.71,75.88,7.18,275.7,*****,15.52,13.4,1.56,*****,2.23,76.46,*****,3,344.41,27.71,28.29,5.6,33.3,0.37,4.29,26.58,1.59,35.2,,0.78,*****,25.5,9.36,3.29
2016/9/6,103.61,137.87,115.45,80.13,105.68,12.1,15.52,12.48,78.77,75.7,7.21,274.9,*****,15.49,13.36,1.56,*****,2.23,76.34,*****,2.98,343.53,27.64,28.21,5.58,33.47,0.37,4.28,26.59,1.6,35.2,,0.79,*****,25.43,9.38,3.3
2016/9/7,101.36,136,113.98,78.86,104.52,11.96,15.32,12.39,77.8,75.1,7.25,269.43,*****,15.19,13.07,1.53,*****,2.18,75.3,*****,2.93,336.07,27.04,27.6,5.55,32.49,0.37,4.22,26.3,1.57,34.69,,0.77,*****,24.98,9.27,3.25

**********debug**********

dow
**********debug**********
2016/09/02
2016/09/06

2016/08/30, 18491.28, 18514.29, 18408.52, 18454.30
2016/08/31, 18436.70, 18439.68, 18333.56, 18400.88
2016/09/01, 18396.57, 18430.05, 18295.48, 18419.30
2016/09/02, 18466.01, 18544.76, 18439.10, 18491.96
2016/09/06, 18493.40, 18551.54, 18450.32, 18538.12

**********debug**********

wti
**********debug**********
2016-08-29
2016-08-29

2016-08-23,47.54
2016-08-24,46.29
2016-08-25,46.97
2016-08-26,47.64
2016-08-29,46.97

**********debug**********

icm
**********debug**********
2016/09/06
2016/09/07

2016/09/07,4490

**********debug**********

