225
**********debug**********
2016/11/02
2016/11/04

"2016/10/28","17446.41","17448.25","17461.03","17406.72"
"2016/10/31","17425.02","17360.89","17433.13","17327.62"
"2016/11/01","17442.40","17380.54","17473.12","17339.64"
"2016/11/02","17134.68","17238.00","17283.60","17080.59"
"2016/11/04","16905.36","16964.50","16996.09","16801.98"

**********debug**********

225_vi
**********debug**********
2016/11/02
2016/11/04

"2016/10/28","18.16","18.03","18.24","17.82"
"2016/10/31","19.12","19.49","20.08","19.05"
"2016/11/01","19.58","19.55","19.83","19.11"
"2016/11/02","22.59","21.03","23.15","20.73"
"2016/11/04","25.54","23.38","26.43","23.38"

**********debug**********

exchrr
**********debug**********
2016/11/2
2016/11/4

2016/10/28,105.21,128.09,114.69,78.59,105.91,11.6,15.42,12.74,79.88,74.98,7.59,279.59,*****,15.48,13.57,1.57,*****,2.17,75.42,*****,2.99,347.23,28.06,28.65,5.6,33.98,0.37,4.25,26.47,1.68,33.84,,0.81,*****,25.07,9.18,3.32
2016/10/31,104.81,127.76,114.95,78.07,106.03,11.62,15.46,12.66,79.53,74.89,7.6,278.53,*****,15.45,13.52,1.57,*****,2.16,75.25,*****,2.99,345.91,27.95,28.54,5.52,33.85,0.37,4.25,26.53,1.66,33.69,,0.8,*****,24.93,9.14,3.31
2016/11/1,104.79,128.05,114.93,78.06,105.91,11.59,15.45,12.67,79.67,74.99,7.76,278.47,*****,15.45,13.51,1.57,*****,2.16,75.33,*****,2.99,345.84,27.95,28.53,5.56,33.85,0.37,4.26,26.69,1.65,33.86,,0.8,*****,24.98,9.16,3.32
2016/11/2,104.15,127.46,115.12,77.81,106.81,11.62,15.47,12.68,79.66,75.08,7.67,276.77,*****,15.38,13.43,1.56,*****,2.15,74.94,*****,2.97,343.73,27.78,28.36,5.42,33.64,0.37,4.26,26.75,1.65,33.47,,0.8,*****,24.89,9.09,3.3
2016/11/4,103.01,128.53,114.32,76.9,105.69,11.48,15.37,12.58,79.15,75.4,7.64,273.74,*****,15.21,13.28,1.55,*****,2.13,74.41,*****,2.95,341.09,27.48,28.05,5.38,33.27,0.37,4.24,26.5,1.62,33.05,,0.79,*****,24.58,8.99,3.27

**********debug**********

dow
**********debug**********
2016/11/02
2016/11/03

2016/11/01, 18158.24, 18177.01, 17940.84, 18037.10
2016/11/01, 18158.24, 18177.01, 17940.84, 18037.10
2016/11/02, 18017.72, 18044.15, 17931.89, 17959.64
2016/11/02, 18017.72, 18044.15, 17931.89, 17959.64
2016/11/03, 17978.75, 18006.96, 17904.07, 17930.67

**********debug**********

wti
**********debug**********
2016-10-31
2016-10-31

2016-10-25,49.45
2016-10-26,48.75
2016-10-27,49.71
2016-10-28,48.72
2016-10-31,46.83

**********debug**********

icm
**********debug**********
2016/11/02
2016/11/04

2016/11/04,4545

**********debug**********

