225
**********debug**********
2016/08/16
2016/08/17

"2016/08/10","16735.12","16699.08","16822.86","16657.59"
"2016/08/12","16919.92","16877.18","16943.67","16818.43"
"2016/08/15","16869.56","16866.89","16932.11","16844.58"
"2016/08/16","16596.51","16878.66","16887.57","16596.51"
"2016/08/17","16745.64","16596.26","16772.11","16596.26"

**********debug**********

225_vi
**********debug**********
2016/08/16
2016/08/17

"2016/08/10","19.51","19.86","19.89","19.09"
"2016/08/12","19.01","18.45","20.24","18.45"
"2016/08/15","19.85","20.40","20.40","19.42"
"2016/08/16","20.89","19.72","21.07","19.56"
"2016/08/17","20.44","21.20","21.20","20.31"

**********debug**********

exchrr
**********debug**********
2016/8/16
2016/8/17

2016/8/10,101.63,132.64,113.17,77.66,103.69,11.94,15.21,12.14,78.15,73.03,7.6,269.65,*****,15.27,13.1,1.52,*****,2.17,75.72,*****,2.92,336.63,27.11,27.67,5.52,32.88,0.36,4.19,26.53,1.57,34.3,,0.77,*****,25.35,9.24,3.24
2016/8/12,102.21,132.47,113.76,78.7,104.76,12.05,15.29,12.4,78.42,73.52,7.63,271.69,*****,15.37,13.18,1.53,*****,2.19,75.99,*****,2.94,338.89,27.26,27.83,5.6,33.01,0.37,4.21,26.72,1.59,34.59,,0.78,*****,25.54,9.29,3.27
2016/8/15,101.46,130.95,113.16,78.2,104,11.98,15.21,12.33,77.56,72.89,7.52,269.2,*****,15.26,13.08,1.52,*****,2.18,75.32,*****,2.92,336.41,27.06,27.63,5.55,32.82,0.37,4.19,26.51,1.57,34.27,,0.77,*****,25.15,9.2,3.23
2016/8/16,101.11,130.32,113.06,78.22,103.94,11.95,15.2,12.31,77.58,72.89,7.6,268.77,*****,15.22,13.04,1.51,*****,2.18,75.34,*****,2.92,335.36,26.97,27.53,5.59,32.71,0.37,4.19,26.5,1.58,34.38,,0.77,*****,25.32,9.22,3.23
2016/8/17,100.69,131.32,113.53,78.22,104.66,11.96,15.25,12.28,77.4,73.29,7.5,267.65,*****,15.18,12.98,1.51,*****,2.18,75.07,*****,2.9,334.19,26.86,27.42,5.58,32.57,0.37,4.2,26.58,1.58,34.44,,0.77,*****,25.24,9.17,3.21

**********debug**********

dow
**********debug**********
2016/08/15
2016/08/16

2016/08/10, 18541.48, 18561.75, 18468.78, 18495.66
2016/08/11, 18519.08, 18638.34, 18519.08, 18613.52
2016/08/12, 18595.65, 18606.06, 18535.86, 18576.47
2016/08/15, 18588.59, 18668.44, 18588.59, 18636.05
2016/08/16, 18614.48, 18614.86, 18550.65, 18552.02

**********debug**********

wti
**********debug**********
2016-08-08
2016-08-15

2016-08-09,42.78
2016-08-10,41.75
2016-08-11,43.51
2016-08-12,44.47
2016-08-15,45.72

**********debug**********

icm
**********debug**********
2016/08/16
2016/08/17

2016/08/17,4646

**********debug**********

