225
**********debug**********
2016/06/27
2016/06/28

"2016/06/22","16065.72","16095.81","16160.99","15980.65"
"2016/06/23","16238.35","16098.61","16263.87","16057.86"
"2016/06/24","14952.02","16333.87","16389.17","14864.01"
"2016/06/27","15309.21","15153.08","15323.95","15061.66"
"2016/06/28","15323.14","15094.71","15443.82","14987.79"

**********debug**********

225_vi
**********debug**********
2016/06/27
2016/06/28

"2016/06/22","34.50","33.19","35.05","33.19"
"2016/06/23","34.73","35.30","36.09","34.47"
"2016/06/24","40.71","31.93","43.62","31.01"
"2016/06/27","35.77","38.11","39.00","35.77"
"2016/06/28","33.36","36.91","37.06","32.64"

**********debug**********

exchrr
**********debug**********
2016/6/27
2016/6/28

2016/6/22,104.62,153.48,117.59,81.64,108.67,12.63,15.81,12.58,77.9,74.53,7.09,278.02,*****,15.86,13.48,1.55,*****,2.26,77.89,*****,2.97,348.15,27.91,28.49,5.6,34.54,0.37,4.35,26.75,1.64,35.93,,0.79,*****,25.95,9.05,3.25
2016/6/23,104.79,155.21,118.72,81.84,109.2,12.74,15.96,12.71,78.82,75.12,7.2,278.47,*****,15.93,13.51,1.56,*****,2.26,78.36,*****,2.98,348.37,27.95,28.53,5.7,34.59,0.38,4.39,27.2,1.62,36.3,,0.79,*****,26.08,9.11,3.26
2016/6/24,105.81,154.35,119.61,82.45,110.21,12.84,16.08,12.85,80.24,76.48,7.27,280.66,*****,16.05,13.64,1.58,*****,2.28,78.77,*****,3,352,28.22,28.81,5.76,34.93,0.38,4.43,27.34,1.67,36.98,,0.8,*****,26.45,9.21,3.31
2016/6/27,102.25,136.9,112.63,78.3,104.87,11.98,15.15,11.92,75.82,72.35,6.7,271.72,*****,15.37,13.17,1.51,*****,2.18,75.12,*****,2.89,338.91,27.27,27.84,5.39,33.75,0.35,4.15,25.57,1.55,34.65,,0.76,*****,24.82,8.63,3.15
2016/6/28,101.63,134.39,112,77.76,103.84,11.89,15.06,11.86,74.74,71.32,6.62,269.93,*****,15.21,13.1,1.5,*****,2.15,74.71,*****,2.88,336.63,27.12,27.67,5.31,32.88,0.35,4.13,25.08,1.55,34.64,,0.76,*****,24.73,8.6,3.13

**********debug**********

dow
**********debug**********
2016/06/24
2016/06/27

2016/06/21, 17827.33, 17877.84, 17799.80, 17829.73
2016/06/22, 17832.67, 17920.16, 17770.36, 17780.83
2016/06/23, 17844.11, 18011.07, 17844.11, 18011.07
2016/06/24, 17946.63, 17946.63, 17356.34, 17400.75
2016/06/27, 17355.21, 17355.21, 17063.08, 17140.24

**********debug**********

wti
**********debug**********
2016-06-20
2016-06-20

2016-06-14,48.49
2016-06-15,47.92
2016-06-16,46.14
2016-06-17,48.00
2016-06-20,49.40

**********debug**********

icm
**********debug**********
2016/06/27
2016/06/28

2016/06/28,4793

**********debug**********

