225
**********debug**********
2016/09/02
2016/09/02

"2016/08/29","16737.49","16631.06","16764.64","16616.65"
"2016/08/30","16725.36","16690.98","16752.16","16677.85"
"2016/08/31","16887.40","16857.83","16917.86","16836.96"
"2016/09/01","16926.84","16885.16","16941.18","16864.56"
"2016/09/02","16925.68","16903.78","16946.49","16848.12"

**********debug**********

225_vi
**********debug**********
2016/09/02
2016/09/02

"2016/08/29","23.53","23.49","23.64","23.15"
"2016/08/30","22.92","23.32","23.43","22.80"
"2016/08/31","22.70","22.64","22.81","22.39"
"2016/09/01","23.44","22.90","23.45","22.83"
"2016/09/02","24.01","23.61","24.33","23.61"

**********debug**********

exchrr
**********debug**********
2016/9/2
2016/9/2

2016/8/29,101.93,133.68,114.08,78.35,104.28,12,15.32,12.29,76.87,73.63,7.12,270.95,*****,15.22,13.14,1.52,*****,2.19,74.87,*****,2.94,338.64,27.19,27.75,5.48,32.92,0.37,4.22,26.35,1.57,34.51,,0.77,*****,25.23,9.06,3.21
2016/8/30,101.92,133.62,113.96,78.3,104.15,12.03,15.31,12.31,77.15,73.96,7.07,270.42,*****,15.24,13.14,1.52,*****,2.2,75.01,*****,2.95,338.49,27.19,27.75,5.47,32.97,0.37,4.22,26.27,1.58,34.51,,0.77,*****,25.25,9.11,3.22
2016/8/31,103.19,134.88,114.91,78.69,104.88,12.08,15.44,12.37,77.48,74.59,7.1,274.3,*****,15.41,13.3,1.54,*****,2.22,75.65,*****,2.98,342.14,27.52,28.1,5.48,33.33,0.37,4.25,26.39,1.58,34.79,,0.78,*****,25.49,9.21,3.25
2016/9/1,103.18,135.5,115.12,78.67,104.88,12.05,15.47,12.38,77.63,74.81,7.03,274.27,*****,15.42,13.3,1.54,*****,2.21,75.73,*****,2.98,342.11,27.52,28.1,5.49,33.33,0.37,4.26,26.41,1.58,34.88,,0.78,*****,25.35,9.24,3.25
2016/9/2,103.28,137.09,115.68,78.83,105.4,12.07,15.54,12.4,77.95,75.23,7.08,274.53,*****,15.46,13.31,1.55,*****,2.21,75.94,*****,2.99,342.33,27.55,28.12,5.51,33.36,0.37,4.28,26.52,1.57,34.91,,0.78,*****,25.26,9.23,3.26

**********debug**********

dow
**********debug**********
2016/09/01
2016/09/02

2016/08/29, 18421.29, 18523.09, 18419.92, 18502.99
2016/08/30, 18491.28, 18514.29, 18408.52, 18454.30
2016/08/31, 18436.70, 18439.68, 18333.56, 18400.88
2016/09/01, 18396.57, 18430.05, 18295.48, 18419.30
2016/09/02, 18466.01, 18544.76, 18439.10, 18491.96

**********debug**********

wti
**********debug**********
2016-08-29
2016-08-29

2016-08-23,47.54
2016-08-24,46.29
2016-08-25,46.97
2016-08-26,47.64
2016-08-29,46.97

**********debug**********

icm
**********debug**********
2016/09/02
2016/09/02

2016/09/02,4505

**********debug**********

