225
**********debug**********
2017/11/06
2017/11/07

"2017/10/31","22011.61","21897.29","22020.38","21840.07"
"2017/11/01","22420.08","22144.92","22455.92","22130.03"
"2017/11/02","22539.12","22512.18","22540.25","22400.01"
"2017/11/06","22548.35","22612.96","22644.68","22435.34"
"2017/11/07","22937.60","22518.75","22953.18","22512.91"

**********debug**********

225_vi
**********debug**********
2017/11/06
2017/11/07

"2017/10/31","15.11","15.60","15.70","14.92"
"2017/11/01","16.34","15.15","16.65","15.15"
"2017/11/02","17.17","17.11","17.44","16.55"
"2017/11/06","16.45","17.50","17.50","16.44"
"2017/11/07","16.51","16.39","16.63","15.83"

**********debug**********

exchrr
**********debug**********
2017/11/6
2017/11/7

2017/10/31,113.16,149.42,131.72,88.16,113.64,13.54,17.71,13.87,86.96,77.61,8.06,300.24,*****,17.05,14.51,1.75,*****,2.19,83.15,*****,3.41,374.58,30.18,30.81,5.88,36.1,0.42,5.14,31,1.95,29.94,,0.83,*****,26.75,10.08,3.75
2017/11/1,113.86,151.25,132.53,88.26,113.99,13.59,17.81,13.94,87.15,78.51,8.06,302.1,*****,17.16,14.59,1.76,*****,2.21,83.52,*****,3.42,376.9,30.36,31,5.94,36.83,0.43,5.17,31.28,1.95,30.06,,0.84,*****,26.9,10.19,3.78
2017/11/2,114.06,151.32,132.7,88.71,113.83,13.59,17.83,14.01,87.75,78.84,8.14,302.63,*****,17.28,14.62,1.77,*****,2.21,83.88,*****,3.44,377.56,30.42,31.06,5.98,36.9,0.43,5.19,31.35,1.96,29.9,,0.84,*****,26.99,10.25,3.79
2017/11/6,114.38,149.46,132.7,89.58,114.21,13.56,17.83,14,87.44,78.99,8.04,303.48,*****,17.22,14.66,1.77,*****,2.23,83.78,*****,3.45,378.62,30.5,31.14,5.97,36.66,0.43,5.17,31.28,1.94,29.47,,0.85,*****,26.98,10.23,3.79
2017/11/7,113.73,149.77,132.07,89.42,113.99,13.54,17.75,13.98,87.46,79.02,8.08,301.75,*****,17.18,14.58,1.76,*****,2.22,83.54,*****,3.44,376.46,30.33,30.97,5.98,36.45,0.42,5.17,31.17,1.95,29.73,,0.84,*****,26.93,10.24,3.77

**********debug**********

dow
**********debug**********
2017/11/03
2017/11/06

2017/10/31, 23369.22, 23406.35, 23334.39, 23377.24
2017/11/01, 23442.90, 23517.71, 23388.91, 23435.01
2017/11/02, 23463.24, 23531.38, 23350.98, 23516.26
2017/11/03, 23549.59, 23557.06, 23481.57, 23539.19
2017/11/06, 23533.96, 23574.86, 23520.75, 23548.42

**********debug**********

wti
**********debug**********
2017-10-30
2017-10-30

2017-10-24,52.32
2017-10-25,51.97
2017-10-26,52.41
2017-10-27,53.92
2017-10-30,54.11

**********debug**********

