225
**********debug**********
2016/06/17
2016/06/17

"2016/06/13","16019.18","16319.11","16335.38","16019.18"
"2016/06/14","15859.00","16001.19","16082.50","15762.09"
"2016/06/15","15919.58","15799.07","15997.30","15752.01"
"2016/06/16","15434.14","15871.22","15913.08","15395.98"
"2016/06/17","15599.66","15631.79","15774.87","15582.94"

**********debug**********

225_vi
**********debug**********
2016/06/17
2016/06/17

"2016/06/13","32.38","29.23","32.72","29.22"
"2016/06/14","32.78","32.19","33.32","31.78"
"2016/06/15","33.80","33.29","34.53","32.61"
"2016/06/16","35.56","34.02","35.99","32.85"
"2016/06/17","34.51","33.86","34.51","32.99"

**********debug**********

exchrr
**********debug**********
2016/6/17
2016/6/17

2016/6/13,106.46,151.38,119.77,83.27,110.41,12.81,16.1,12.88,78.47,74.99,7,282.46,*****,16.12,13.71,1.59,*****,2.31,78.19,*****,3.02,353.45,28.39,28.99,5.71,33.64,0.38,4.43,27.38,1.63,36.39,,0.8,*****,25.98,9.08,3.29
2016/6/14,106.09,150.76,119.84,82.72,110.15,12.86,16.12,12.83,78.45,74.76,6.99,282,*****,16.08,13.67,1.58,*****,2.3,78.35,*****,3.02,352.34,28.3,28.89,5.62,35.02,0.38,4.43,27.14,1.62,36.31,,0.8,*****,25.99,9.06,3.28
2016/6/15,106.12,149.8,118.92,82.46,110.12,12.75,15.99,12.69,77.9,74,6.93,282.08,*****,16.06,13.67,1.58,*****,2.29,78.24,*****,3.01,352.44,28.31,28.89,5.6,35.92,0.38,4.4,26.84,1.61,36.18,,0.79,*****,25.84,9.01,3.27
2016/6/16,105.65,149.95,119.07,81.91,109.95,12.73,16.02,12.73,78.43,74.82,6.94,280.83,*****,16.03,13.61,1.58,*****,2.28,78.22,*****,3,350.65,28.18,28.77,5.6,34.88,0.38,4.4,26.93,1.61,36.19,,0.79,*****,25.87,9.04,3.27
2016/6/17,104.73,149.5,117.98,81.09,108.51,12.59,15.87,12.53,77.37,73.94,6.85,278.32,*****,15.89,13.5,1.56,*****,2.26,77.71,*****,2.97,347.94,27.94,28.52,5.55,33.88,0.38,4.36,26.7,1.6,35.8,,0.78,*****,25.56,8.96,3.24

**********debug**********

dow
**********debug**********
2016/06/17
2016/06/17

2016/06/13, 17830.50, 17893.28, 17731.35, 17732.48
2016/06/14, 17710.77, 17733.92, 17595.79, 17674.82
2016/06/15, 17703.65, 17762.96, 17629.01, 17640.17
2016/06/16, 17602.23, 17754.91, 17471.29, 17733.10
2016/06/17, 17733.44, 17733.44, 17602.78, 17675.16

**********debug**********

wti
**********debug**********
2016-06-13
2016-06-13

2016-06-07,50.37
2016-06-08,51.23
2016-06-09,50.52
2016-06-10,49.09
2016-06-13,48.89

**********debug**********

icm
**********debug**********
2016/06/17
2016/06/17

2016/06/17,4944

**********debug**********

