225
**********debug**********
2016/08/17
2016/08/18

"2016/08/12","16919.92","16877.18","16943.67","16818.43"
"2016/08/15","16869.56","16866.89","16932.11","16844.58"
"2016/08/16","16596.51","16878.66","16887.57","16596.51"
"2016/08/17","16745.64","16596.26","16772.11","16596.26"
"2016/08/18","16486.01","16649.91","16714.61","16481.41"

**********debug**********

225_vi
**********debug**********
2016/08/17
2016/08/18

"2016/08/12","19.01","18.45","20.24","18.45"
"2016/08/15","19.85","20.40","20.40","19.42"
"2016/08/16","20.89","19.72","21.07","19.56"
"2016/08/17","20.44","21.20","21.20","20.31"
"2016/08/18","22.22","20.76","22.37","20.76"

**********debug**********

exchrr
**********debug**********
2016/8/17
2016/8/18

2016/8/12,102.21,132.47,113.76,78.7,104.76,12.05,15.29,12.4,78.42,73.52,7.63,271.69,*****,15.37,13.18,1.53,*****,2.19,75.99,*****,2.94,338.89,27.26,27.83,5.6,33.01,0.37,4.21,26.72,1.59,34.59,,0.78,*****,25.54,9.29,3.27
2016/8/15,101.46,130.95,113.16,78.2,104,11.98,15.21,12.33,77.56,72.89,7.52,269.2,*****,15.26,13.08,1.52,*****,2.18,75.32,*****,2.92,336.41,27.06,27.63,5.55,32.82,0.37,4.19,26.51,1.57,34.27,,0.77,*****,25.15,9.2,3.23
2016/8/16,101.11,130.32,113.06,78.22,103.94,11.95,15.2,12.31,77.58,72.89,7.6,268.77,*****,15.22,13.04,1.51,*****,2.18,75.34,*****,2.92,335.36,26.97,27.53,5.59,32.71,0.37,4.19,26.5,1.58,34.38,,0.77,*****,25.32,9.22,3.23
2016/8/17,100.69,131.32,113.53,78.22,104.66,11.96,15.25,12.28,77.4,73.29,7.5,267.65,*****,15.18,12.98,1.51,*****,2.18,75.07,*****,2.9,334.19,26.86,27.42,5.58,32.57,0.37,4.2,26.58,1.58,34.44,,0.77,*****,25.24,9.17,3.21
2016/8/18,99.81,130.25,112.75,77.66,103.78,11.86,15.15,12.18,76.34,72.4,7.47,265.31,*****,15.06,12.87,1.5,*****,2.15,74.44,*****,2.89,331.37,26.63,27.18,5.5,32.29,0.36,4.17,26.28,1.56,34.22,,0.76,*****,24.97,9.02,3.18

**********debug**********

dow
**********debug**********
2016/08/16
2016/08/17

2016/08/11, 18519.08, 18638.34, 18519.08, 18613.52
2016/08/12, 18595.65, 18606.06, 18535.86, 18576.47
2016/08/15, 18588.59, 18668.44, 18588.59, 18636.05
2016/08/16, 18614.48, 18614.86, 18550.65, 18552.02
2016/08/17, 18537.09, 18582.35, 18468.68, 18573.94

**********debug**********

wti
**********debug**********
2016-08-15
2016-08-15

2016-08-09,42.78
2016-08-10,41.75
2016-08-11,43.51
2016-08-12,44.47
2016-08-15,45.72

**********debug**********

icm
**********debug**********
2016/08/17
2016/08/18

2016/08/18,4636

**********debug**********

