225
**********debug**********
2016/07/08
2016/07/11

"2016/07/05","15669.33","15682.16","15702.04","15602.73"
"2016/07/06","15378.99","15434.46","15434.46","15167.98"
"2016/07/07","15276.24","15346.81","15418.90","15241.91"
"2016/07/08","15106.98","15326.84","15399.70","15106.52"
"2016/07/11","15708.82","15375.94","15816.67","15375.94"

**********debug**********

225_vi
**********debug**********
2016/07/08
2016/07/11

"2016/07/05","27.72","27.41","28.01","27.17"
"2016/07/06","30.57","30.04","32.12","29.43"
"2016/07/07","30.16","29.91","30.69","29.85"
"2016/07/08","30.69","33.10","33.11","28.48"
"2016/07/11","29.50","29.24","29.61","28.35"

**********debug**********

exchrr
**********debug**********
2016/7/8
2016/7/11

2016/7/5,102.39,135.88,114,79.54,105.46,12.15,15.33,12.34,77.01,73.78,7.02,272.17,*****,15.33,13.2,1.52,*****,2.19,75.99,*****,2.91,339.26,27.31,27.88,5.55,32.87,0.36,4.21,25.71,1.6,35.23,,0.78,*****,25.6,8.9,3.18
2016/7/6,101.08,130.99,111.7,77.69,103.43,11.83,15.01,12,75.22,71.91,6.85,268.47,*****,15.09,13.03,1.5,*****,2.15,74.67,*****,2.87,335.59,26.95,27.52,5.37,32.45,0.35,4.13,25.16,1.57,34.5,,0.77,*****,25.14,8.69,3.12
2016/7/7,101.01,130.6,111.97,77.92,103.58,11.84,15.05,11.97,75.99,72.11,6.85,268.29,*****,15.08,13.02,1.5,*****,2.15,74.83,*****,2.87,334.91,26.93,27.5,5.39,32.42,0.35,4.14,25.26,1.57,34.41,,0.77,*****,25.13,8.73,3.13
2016/7/8,100.97,130.6,111.71,77.69,103.15,11.77,15.02,11.89,75.81,73.25,6.86,268.18,*****,15.07,13.01,1.5,*****,2.14,74.88,*****,2.87,335,26.92,27.49,5.37,32.41,0.35,4.13,25.24,1.57,34.41,,0.77,*****,25.04,8.73,3.13
2016/7/11,100.83,130.42,111.28,77.18,102.56,11.73,14.96,11.81,76.17,73.43,6.92,267.81,*****,15.04,13,1.5,*****,2.14,74.86,*****,2.87,334.32,26.88,27.46,5.44,32.37,0.35,4.12,25.22,1.57,34.82,,0.77,*****,25.17,8.76,3.13

**********debug**********

dow
**********debug**********
2016/07/08
2016/07/08

2016/07/01, 17924.24, 18002.38, 17916.91, 17949.37
2016/07/05, 17904.45, 17904.45, 17785.28, 17840.62
2016/07/06, 17807.47, 17926.91, 17713.45, 17918.62
2016/07/07, 17924.24, 17984.95, 17816.65, 17895.88
2016/07/08, 17971.22, 18166.77, 17971.22, 18146.74

**********debug**********

wti
**********debug**********
2016-07-05
2016-07-05

2016-06-29,49.85
2016-06-30,48.27
2016-07-01,49.02
2016-07-04,.
2016-07-05,46.73

**********debug**********

icm
**********debug**********
2016/07/08
2016/07/11

2016/07/11,4650

**********debug**********

