225
**********debug**********
2016/10/21
2016/10/21

"2016/10/17","16900.12","16871.84","16954.44","16821.49"
"2016/10/18","16963.61","16862.31","16966.90","16844.17"
"2016/10/19","16998.91","16952.91","17016.66","16938.46"
"2016/10/20","17235.50","16999.36","17235.50","16992.14"
"2016/10/21","17184.59","17283.75","17288.89","17151.98"

**********debug**********

225_vi
**********debug**********
2016/10/21
2016/10/21

"2016/10/17","19.90","20.52","20.67","19.72"
"2016/10/18","19.27","19.82","19.93","19.27"
"2016/10/19","19.17","19.27","19.61","19.10"
"2016/10/20","18.46","19.25","19.25","18.32"
"2016/10/21","18.48","18.03","18.70","17.97"

**********debug**********

exchrr
**********debug**********
2016/10/21
2016/10/21

2016/10/17,104.21,126.76,114.27,79.2,105.18,11.79,15.36,12.64,79.15,73.87,7.27,276.93,*****,15.46,13.43,1.56,*****,2.16,74.84,*****,2.95,344.5,27.79,28.37,5.48,33.66,0.37,4.23,26.52,1.65,33.72,,0.8,*****,24.74,9.14,3.29
2016/10/18,103.75,126.99,114.25,79.16,105.04,11.79,15.36,12.71,79.45,74.54,7.36,275.71,*****,15.39,13.37,1.55,*****,2.14,74.85,*****,2.95,342.98,27.67,28.25,5.51,33.51,0.37,4.23,26.43,1.65,33.57,,0.79,*****,24.7,9.17,3.27
2016/10/19,103.75,127.45,114.03,79.24,104.9,11.75,15.32,12.72,79.68,74.9,7.48,275.78,*****,15.38,13.37,1.56,*****,2.16,74.93,*****,2.97,342.98,27.67,28.25,5.57,33.51,0.37,4.22,26.46,1.65,33.54,,0.8,*****,24.8,9.24,3.3
2016/10/20,103.64,127.44,113.68,78.88,104.74,11.72,15.28,12.74,79.9,75.23,7.49,275.42,*****,15.37,13.36,1.56,*****,2.16,74.74,*****,2.97,342.61,27.64,28.22,5.6,33.48,0.37,4.21,26.37,1.66,33.85,,0.8,*****,24.85,9.25,3.29
2016/10/21,104.14,127.57,113.69,78.65,104.79,11.73,15.29,12.72,79.44,74.81,7.48,276.75,*****,15.43,13.42,1.56,*****,2.16,74.83,*****,2.97,344.26,27.77,28.36,5.6,33.64,0.37,4.21,26.24,1.67,34.06,,0.8,*****,24.91,9.21,3.3

**********debug**********

dow
**********debug**********
2016/10/20
2016/10/21

2016/10/19, 18178.21, 18252.20, 18169.25, 18202.62
2016/10/19, 18178.21, 18252.20, 18169.25, 18202.62
2016/10/20, 18161.87, 18249.05, 18129.07, 18162.35
2016/10/20, 18161.87, 18249.05, 18129.07, 18162.35
2016/10/21, 18152.63, 18168.76, 18049.77, 18145.71

**********debug**********

wti
**********debug**********
2016-10-17
2016-10-17

2016-10-11,50.72
2016-10-12,50.14
2016-10-13,50.47
2016-10-14,50.35
2016-10-17,49.97

**********debug**********

icm
**********debug**********
2016/10/21
2016/10/21

2016/10/21,4883

**********debug**********

