225
**********debug**********
2016/11/30
2016/12/01

"2016/11/25","18381.22","18387.59","18482.94","18288.50"
"2016/11/28","18356.89","18302.58","18374.93","18222.82"
"2016/11/29","18307.04","18263.63","18327.51","18258.82"
"2016/11/30","18308.48","18356.03","18370.31","18280.66"
"2016/12/01","18513.12","18535.24","18746.28","18469.27"

**********debug**********

225_vi
**********debug**********
2016/11/30
2016/12/01

"2016/11/25","19.97","19.49","20.24","19.39"
"2016/11/28","20.14","20.61","20.82","20.06"
"2016/11/29","19.93","20.62","20.72","19.81"
"2016/11/30","19.36","19.71","19.92","19.30"
"2016/12/01","20.26","19.15","20.32","18.92"

**********debug**********

exchrr
**********debug**********
2016/11/30


2016/11/29,111.91,138.86,118.74,83.45,110.51,12.16,15.97,13.09,83.84,79.23,8.16,297.47,*****,16.16,14.43,1.63,*****,2.25,78.63,*****,3.15,367.52,29.84,30.47,5.43,36.15,0.38,4.39,26.86,1.73,32.82,,0.83,*****,25.1,9.59,3.53
2016/11/30,112.42,140.4,119.66,83.68,111.11,12.25,16.09,13.19,84.14,80.28,8.1,298.83,*****,16.27,14.49,1.64,*****,2.26,78.97,*****,3.16,368.95,29.98,30.61,5.45,36.31,0.38,4.43,27.01,1.73,33,,0.83,*****,25.21,9.64,3.53
2016/12/1,114.38,143.31,121.2,85.21,112.53,12.39,16.29,13.43,84.46,81.03,8.1,304.04,*****,16.54,14.75,1.67,*****,2.3,79.81,*****,3.21,375.39,30.51,31.15,5.56,36.94,0.39,4.48,27.24,1.79,33.3,,0.84,*****,25.63,9.73,3.59
,,,,,,,,,,,,,,,,,,,,,,,,,,,,,,,,,,,,,
,,,,,,,,,,,,,,,,,,,,,,,,,,,,,,,,,,,,,

**********debug**********

dow
**********debug**********
2016/11/29
2016/11/30

2016/11/28, 19122.14, 19138.72, 19072.25, 19097.90
2016/11/28, 19122.14, 19138.72, 19072.25, 19097.90
2016/11/29, 19064.07, 19144.40, 19062.22, 19121.60
2016/11/29, 19064.07, 19144.40, 19062.22, 19121.60
2016/11/30, 19135.64, 19225.29, 19123.38, 19123.58

**********debug**********

wti
**********debug**********
2016-11-28
2016-11-28

2016-11-22,48.07
2016-11-23,46.72
2016-11-24,.
2016-11-25,46.72
2016-11-28,45.66

**********debug**********

icm
**********debug**********
2016/11/30
2016/12/01

2016/12/01,5278

**********debug**********

