225
**********debug**********
2016/10/04
2016/10/05

"2016/09/29","16693.71","16606.30","16756.43","16584.14"
"2016/09/30","16449.84","16474.45","16497.55","16407.78"
"2016/10/03","16598.67","16566.03","16652.16","16554.83"
"2016/10/04","16735.65","16661.51","16747.20","16637.82"
"2016/10/05","16819.24","16787.89","16844.35","16728.19"

**********debug**********

225_vi
**********debug**********
2016/10/04
2016/10/05

"2016/09/29","19.77","19.94","20.02","19.55"
"2016/09/30","22.14","21.57","22.38","21.39"
"2016/10/03","20.84","21.74","21.77","20.78"
"2016/10/04","20.02","20.50","20.55","19.74"
"2016/10/05","20.47","20.12","20.63","20.05"

**********debug**********

exchrr
**********debug**********
2016/10/4
2016/10/5

2016/9/29,101.19,132.03,113.59,77.5,104.26,11.82,15.24,12.61,77.91,73.77,7.43,268.98,*****,15.13,13.05,1.53,*****,2.1,74.38,*****,2.93,335.96,26.99,27.55,5.23,32.43,0.37,4.21,26.44,1.6,33.96,,0.78,*****,24.61,9.26,3.23
2016/9/30,101.12,131,113.29,76.8,104.66,11.78,15.21,12.55,77.07,73.12,7.24,268.79,*****,15.15,13.04,1.52,*****,2.09,74.03,*****,2.91,335.84,26.94,27.53,5.17,31.9,0.37,4.2,26.36,1.6,33.63,,0.78,*****,24.43,9.16,3.22
2016/10/3,101.43,131.13,113.91,77.34,104.32,11.81,15.3,12.7,77.69,73.68,7.37,269.62,*****,15.19,13.08,1.53,*****,2.1,74.35,*****,2.93,336.75,27.05,27.62,5.23,32.51,0.37,4.22,26.52,1.61,33.76,,0.78,*****,24.55,9.21,3.24
2016/10/4,102.05,131.07,114.33,77.79,104.71,11.9,15.37,12.79,78.43,74.52,7.5,271.27,*****,15.27,13.16,1.54,*****,2.12,74.65,*****,2.94,338.81,27.2,27.79,5.29,32.71,0.37,4.23,26.6,1.64,33.77,,0.79,*****,24.76,9.24,3.25
2016/10/5,102.73,130.73,115.18,77.9,105.01,11.95,15.48,12.83,78.31,73.82,7.43,273.07,*****,15.35,13.25,1.54,*****,2.13,74.95,*****,2.96,340.73,27.4,27.97,5.33,33.18,0.37,4.26,26.75,1.64,33.61,,0.79,*****,24.84,9.22,3.27

**********debug**********

dow
**********debug**********
2016/10/04
2016/10/05

2016/10/03, 18279.60, 18279.80, 18203.75, 18253.85
2016/10/03, 18279.60, 18279.80, 18203.75, 18253.85
2016/10/04, 18267.68, 18313.77, 18116.26, 18168.45
2016/10/04, 18267.68, 18313.77, 18116.26, 18168.45
2016/10/05, 18205.50, 18315.82, 18205.50, 18281.03

**********debug**********

wti
**********debug**********
2016-09-26
2016-10-03

2016-09-27,44.65
2016-09-28,47.07
2016-09-29,47.72
2016-09-30,47.72
2016-10-03,48.80

**********debug**********

icm
**********debug**********
2016/10/04
2016/10/05

2016/10/05,4761

**********debug**********

