225
**********debug**********
2017/11/08
2017/11/09

"2017/11/02","22539.12","22512.18","22540.25","22400.01"
"2017/11/06","22548.35","22612.96","22644.68","22435.34"
"2017/11/07","22937.60","22518.75","22953.18","22512.91"
"2017/11/08","22913.82","22849.91","22922.80","22759.07"
"2017/11/09","22868.71","22989.44","23382.15","22522.83"

**********debug**********

225_vi
**********debug**********
2017/11/08
2017/11/09

"2017/11/02","17.17","17.11","17.44","16.55"
"2017/11/06","16.45","17.50","17.50","16.44"
"2017/11/07","16.51","16.39","16.63","15.83"
"2017/11/08","17.25","16.85","17.37","16.39"
"2017/11/09","21.25","17.65","24.22","17.64"

**********debug**********

exchrr
**********debug**********
2017/11/8
2017/11/9

2017/11/2,114.06,151.32,132.7,88.71,113.83,13.59,17.83,14.01,87.75,78.84,8.14,302.63,*****,17.28,14.62,1.77,*****,2.21,83.88,*****,3.44,377.56,30.42,31.06,5.98,36.9,0.43,5.19,31.35,1.96,29.9,,0.84,*****,26.99,10.25,3.79
2017/11/6,114.38,149.46,132.7,89.58,114.21,13.56,17.83,14,87.44,78.99,8.04,303.48,*****,17.22,14.66,1.77,*****,2.23,83.78,*****,3.45,378.62,30.5,31.14,5.97,36.66,0.43,5.17,31.28,1.94,29.47,,0.85,*****,26.98,10.23,3.79
2017/11/7,113.73,149.77,132.07,89.42,113.99,13.54,17.75,13.98,87.46,79.02,8.08,301.75,*****,17.18,14.58,1.76,*****,2.22,83.54,*****,3.44,376.46,30.33,30.97,5.98,36.45,0.42,5.17,31.17,1.95,29.73,,0.84,*****,26.93,10.24,3.77
2017/11/8,113.76,149.81,131.88,89.11,113.86,13.55,17.72,13.93,87.04,78.59,8,301.83,*****,17.14,14.58,1.75,*****,2.21,83.44,*****,3.43,376.56,30.34,30.98,5.94,36.46,0.42,5.17,31.09,1.92,29.28,,0.84,*****,26.93,10.21,3.77
2017/11/9,114.06,149.53,132.15,89.52,113.99,13.6,17.76,13.97,87.45,79.25,8.06,302.63,*****,17.19,14.63,1.76,*****,2.23,83.68,*****,3.45,377.56,30.42,31.06,5.97,36.56,0.42,5.17,31.21,1.92,29.51,,0.84,*****,26.98,10.24,3.78

**********debug**********

dow
**********debug**********
2017/11/07
2017/11/08

2017/11/02, 23463.24, 23531.38, 23350.98, 23516.26
2017/11/03, 23549.59, 23557.06, 23481.57, 23539.19
2017/11/06, 23533.96, 23574.86, 23520.75, 23548.42
2017/11/07, 23574.03, 23602.12, 23484.19, 23557.23
2017/11/08, 23542.60, 23575.00, 23510.56, 23563.36

**********debug**********

wti
**********debug**********
2017-11-06
2017-11-06

2017-10-31,54.36
2017-11-01,54.32
2017-11-02,54.55
2017-11-03,55.63
2017-11-06,57.34

**********debug**********

