225
**********debug**********
2017/11/20
2017/11/21

"2017/11/15","22028.32","22250.98","22305.24","22004.79"
"2017/11/16","22351.12","21975.23","22392.13","21972.34"
"2017/11/17","22396.80","22603.30","22757.40","22319.12"
"2017/11/20","22261.76","22279.98","22410.24","22215.07"
"2017/11/21","22416.48","22456.79","22563.25","22416.48"

**********debug**********

225_vi
**********debug**********
2017/11/20
2017/11/21

"2017/11/15","19.74","19.04","20.21","18.97"
"2017/11/16","19.21","20.00","20.00","19.05"
"2017/11/17","20.06","19.47","21.32","19.41"
"2017/11/20","19.44","20.62","20.72","19.32"
"2017/11/21","18.26","19.08","19.11","18.24"

**********debug**********

exchrr
**********debug**********
2017/11/20
2017/11/21

2017/11/15,113.5,149.34,133.81,89.03,114.68,13.51,17.99,13.87,86.15,78.1,7.89,301.14,*****,17.11,14.54,1.74,*****,2.22,83.47,*****,3.43,375.83,30.27,30.91,5.92,36.38,0.43,5.23,31.51,1.88,29.22,,0.84,*****,27.14,10.18,3.77
2017/11/16,113.02,148.84,133.08,88.49,114.2,13.41,17.89,13.72,85.85,77.5,7.85,299.87,*****,17.02,14.47,1.73,*****,2.22,83.26,*****,3.42,374.11,30.14,30.77,5.88,36.22,0.43,5.19,31.39,1.88,29.11,,0.84,*****,27.06,10.22,3.76
2017/11/17,112.97,149.19,133.14,88.6,113.73,13.46,17.89,13.77,85.71,77.53,7.99,299.73,*****,17.04,14.46,1.73,*****,2.23,83.34,*****,3.44,373.95,30.13,30.76,5.93,36.15,0.43,5.21,31.44,1.89,29.23,,0.83,*****,27.08,10.31,3.76
2017/11/20,112.19,148.16,131.74,87.77,113.3,13.3,17.7,13.58,84.77,76.37,8.03,297.67,*****,16.89,14.36,1.73,*****,2.21,82.7,*****,3.42,371.37,29.92,30.55,5.93,35.9,0.42,5.16,31.14,1.9,29.01,,0.83,*****,26.99,10.24,3.73
2017/11/21,112.66,149.2,132.27,87.93,113.45,13.28,17.78,13.58,85.04,76.74,8.02,298.91,*****,16.95,14.42,1.73,*****,2.22,83,*****,3.43,373.54,30.04,30.68,5.93,35.94,0.42,5.18,31.27,1.9,28.72,,0.83,*****,27.15,10.27,3.75

**********debug**********

dow
**********debug**********
2017/11/17
2017/11/20

2017/11/14, 23388.40, 23414.08, 23271.57, 23409.47
2017/11/15, 23334.59, 23344.99, 23242.75, 23271.28
2017/11/16, 23365.34, 23492.19, 23365.34, 23458.36
2017/11/17, 23433.77, 23433.77, 23356.01, 23358.24
2017/11/20, 23370.71, 23456.88, 23360.58, 23430.33

**********debug**********

wti
**********debug**********
2017-11-13
2017-11-13

2017-11-07,57.19
2017-11-08,56.82
2017-11-09,57.16
2017-11-10,56.75
2017-11-13,56.77

**********debug**********

