225
**********debug**********
2016/08/26
2016/08/29

"2016/08/23","16497.36","16549.82","16663.64","16452.01"
"2016/08/24","16597.30","16550.21","16648.07","16544.39"
"2016/08/25","16555.95","16580.15","16628.79","16520.84"
"2016/08/26","16360.71","16485.55","16490.53","16320.43"
"2016/08/29","16737.49","16631.06","16764.64","16616.65"

**********debug**********

225_vi
**********debug**********
2016/08/26
2016/08/29

"2016/08/23","22.33","22.03","22.61","21.57"
"2016/08/24","22.59","22.05","22.70","22.04"
"2016/08/25","22.99","22.45","22.99","22.34"
"2016/08/26","23.78","23.45","24.26","23.45"
"2016/08/29","23.53","23.49","23.64","23.15"

**********debug**********

exchrr
**********debug**********
2016/8/26
2016/8/29

2016/8/23,100.13,131.45,113.41,77.45,104.11,11.96,15.24,12.19,76.47,73.06,7.38,266.16,*****,15.04,12.91,1.49,*****,2.16,74.18,*****,2.89,332.66,26.71,27.26,5.47,32.34,0.37,4.2,26.34,1.54,34.01,,0.76,*****,24.87,8.96,3.15
2016/8/24,100.38,132.34,113.46,77.68,104.17,11.98,15.24,12.23,76.43,73.07,7.22,266.83,*****,15.07,12.95,1.5,*****,2.16,74.23,*****,2.9,333.6,26.78,27.33,5.42,32.42,0.37,4.2,26.33,1.55,34.06,,0.76,*****,24.88,8.94,3.16
2016/8/25,100.51,133.27,113.28,77.78,103.99,11.98,15.22,12.25,76.61,73.73,7.1,267.17,*****,15.08,12.96,1.5,*****,2.16,74.23,*****,2.91,333.92,26.81,27.37,5.45,32.46,0.37,4.19,26.3,1.54,34.07,,0.76,*****,24.92,8.99,3.17
2016/8/26,100.45,132.72,113.39,77.78,103.88,11.95,15.23,12.22,76.62,73.44,7.08,267.01,*****,15.07,12.95,1.5,*****,2.17,74.29,*****,2.91,333.72,26.8,27.34,5.47,32.5,0.37,4.19,26.21,1.56,34.28,,0.76,*****,25.01,9.02,3.17
2016/8/29,101.93,133.68,114.08,78.35,104.28,12,15.32,12.29,76.87,73.63,7.12,270.95,*****,15.22,13.14,1.52,*****,2.19,74.87,*****,2.94,338.64,27.19,27.75,5.48,32.92,0.37,4.22,26.35,1.57,34.51,,0.77,*****,25.23,9.06,3.21

**********debug**********

dow
**********debug**********
2016/08/26
2016/08/26

2016/08/22, 18535.86, 18570.92, 18466.86, 18529.42
2016/08/23, 18568.94, 18631.60, 18545.52, 18547.30
2016/08/24, 18537.50, 18539.15, 18448.27, 18481.48
2016/08/25, 18471.21, 18497.68, 18431.46, 18448.41
2016/08/26, 18467.92, 18572.09, 18335.34, 18395.40

**********debug**********

wti
**********debug**********
2016-08-22
2016-08-22

2016-08-16,46.57
2016-08-17,46.81
2016-08-18,48.20
2016-08-19,48.48
2016-08-22,46.80

**********debug**********

icm
**********debug**********
2016/08/26
2016/08/29

2016/08/29,4680

**********debug**********

