225
**********debug**********
2016/12/08
2016/12/09

"2016/12/05","18274.99","18349.92","18365.74","18227.39"
"2016/12/06","18360.54","18457.20","18484.80","18318.99"
"2016/12/07","18496.69","18434.54","18502.47","18410.88"
"2016/12/08","18765.47","18674.19","18765.47","18614.01"
"2016/12/09","18996.37","18839.98","19042.48","18821.41"

**********debug**********

225_vi
**********debug**********
2016/12/08
2016/12/09

"2016/12/05","19.28","20.26","20.56","18.85"
"2016/12/06","18.36","18.46","19.15","17.90"
"2016/12/07","17.28","18.12","18.35","17.22"
"2016/12/08","18.20","17.28","18.20","17.26"
"2016/12/09","18.65","16.71","18.72","16.71"

**********debug**********

exchrr
**********debug**********
2016/12/8
2016/12/9

2016/12/5,113.78,144.22,120.24,85.26,112.02,12.31,16.17,13.44,84.61,80.58,8.17,302.45,*****,16.55,14.67,1.67,*****,2.29,79.87,*****,3.19,373.42,30.34,30.98,5.5,36.75,0.38,4.45,26.81,1.77,32.21,,0.84,*****,25.57,9.7,3.57
2016/12/6,113.62,144.57,122.13,85.6,112.79,12.45,16.42,13.55,84.69,81.24,8.27,302.02,*****,16.55,14.65,1.67,*****,2.29,80.12,*****,3.19,372.89,30.31,30.94,5.53,36.76,0.39,4.52,27.16,1.78,32.27,,0.85,*****,25.58,9.73,3.55
2016/12/7,114.16,144.53,122.3,85.93,113.01,12.5,16.44,13.59,84.72,81.28,8.36,303.46,*****,16.57,14.72,1.69,*****,2.3,80.28,*****,3.2,374.79,30.45,31.09,5.6,36.93,0.39,4.52,27.47,1.79,33.15,,0.85,*****,25.75,9.74,3.57
2016/12/8,113.81,143.94,122.38,86.03,113,12.54,16.45,13.61,85.22,82.03,8.44,302.53,*****,16.5,14.67,1.69,*****,2.3,80.29,*****,3.2,373.51,30.35,30.99,5.6,36.82,0.39,4.52,27.61,1.8,33.63,,0.85,*****,25.71,9.81,3.59
2016/12/9,114.27,143.81,121.29,86.54,112.45,12.52,16.3,13.55,85.18,82,8.38,303.75,*****,16.52,14.73,1.7,*****,2.3,80.22,*****,3.21,375.02,30.48,31.12,5.63,36.97,0.39,4.48,27.34,1.81,33.14,,0.86,*****,25.85,9.81,3.6

**********debug**********

dow
**********debug**********
2016/12/07
2016/12/08

2016/12/06, 19219.91, 19255.89, 19184.74, 19251.78
2016/12/06, 19219.91, 19255.89, 19184.74, 19251.78
2016/12/07, 19241.99, 19558.42, 19229.83, 19549.62
2016/12/07, 19241.99, 19558.42, 19229.83, 19549.62
2016/12/08, 19559.94, 19664.97, 19527.83, 19614.81

**********debug**********

wti
**********debug**********
2016-12-05
2016-12-05

2016-11-29,45.29
2016-11-30,49.41
2016-12-01,51.08
2016-12-02,51.70
2016-12-05,51.72

**********debug**********

icm
**********debug**********
2016/12/08
2016/12/09

2016/12/09,5407

**********debug**********

