225
**********debug**********
2017/12/01
2017/12/01

"2017/11/27","22495.99","22657.08","22659.33","22423.40"
"2017/11/28","22486.24","22474.74","22580.99","22363.94"
"2017/11/29","22597.20","22613.96","22643.93","22537.12"
"2017/11/30","22724.96","22601.83","22748.32","22502.68"
"2017/12/01","22819.03","22916.93","22994.31","22675.07"

**********debug**********

225_vi
**********debug**********
2017/12/01
2017/12/01

"2017/11/27","17.72","17.96","18.03","17.56"
"2017/11/28","17.89","17.65","18.06","17.38"
"2017/11/29","17.45","17.73","18.29","17.45"
"2017/11/30","17.03","17.47","17.74","16.98"
"2017/12/01","17.22","17.16","18.14","17.14"

**********debug**********

exchrr
**********debug**********
2017/12/1
2017/12/1

2017/11/27,111.62,148.71,133,87.79,113.86,13.45,17.87,13.69,84.92,76.68,7.93,295.92,*****,16.93,14.29,1.73,*****,2.2,82.88,*****,3.42,370.58,29.77,30.39,6.01,35.61,0.43,5.23,31.6,1.91,28.26,,0.83,*****,27.13,10.27,3.72
2017/11/28,111,147.96,132.15,87,113.18,13.39,17.76,13.62,84.46,76.82,8.08,294.27,*****,16.81,14.23,1.72,*****,2.2,82.44,*****,3.4,368.4,29.6,30.22,5.98,35.41,0.43,5.2,31.4,1.9,28.43,,0.82,*****,26.99,10.19,3.7
2017/11/29,111.62,149.18,132.24,87.05,113.39,13.37,17.77,13.57,84.84,76.9,8.17,295.76,*****,16.89,14.31,1.73,*****,2.22,82.95,*****,3.43,370.34,29.77,30.39,6.02,35.61,0.43,5.19,31.47,1.91,28.15,,0.83,*****,27.21,10.3,3.72
2017/11/30,112.07,150.31,132.81,87.11,113.85,13.39,17.85,13.58,84.86,76.71,8.2,297.11,*****,16.94,14.35,1.74,*****,2.23,83.19,*****,3.44,371.95,29.89,30.52,6.04,35.75,0.43,5.21,31.62,1.91,28.33,,0.83,*****,27.44,10.36,3.74
2017/12/1,112.49,152.4,134,87.26,114.4,13.43,18.01,13.54,85.13,76.95,8.2,298.22,*****,17,14.4,1.75,*****,2.23,83.46,*****,3.45,372.73,30,30.63,6.04,35.88,0.43,5.25,31.88,1.93,28.74,,0.83,*****,27.52,10.34,3.75

**********debug**********

dow
**********debug**********
2017/12/01
2017/12/01

2017/11/27, 23552.86, 23638.92, 23545.02, 23580.78
2017/11/28, 23625.19, 23849.61, 23617.11, 23836.71
2017/11/29, 23883.26, 23959.76, 23872.59, 23940.68
2017/11/30, 24013.80, 24327.82, 24013.80, 24272.35
2017/12/01, 24305.40, 24322.06, 23921.90, 24231.59

**********debug**********

wti
**********debug**********
2017-11-27
2017-11-27

2017-11-21,56.84
2017-11-22,57.88
2017-11-23,.
2017-11-24,58.94
2017-11-27,58.10

**********debug**********

