225
**********debug**********
2016/12/06
2016/12/07

"2016/12/01","18513.12","18535.24","18746.28","18469.27"
"2016/12/02","18426.08","18435.55","18469.68","18315.38"
"2016/12/05","18274.99","18349.92","18365.74","18227.39"
"2016/12/06","18360.54","18457.20","18484.80","18318.99"
"2016/12/07","18496.69","18434.54","18502.47","18410.88"

**********debug**********

225_vi
**********debug**********
2016/12/06
2016/12/07

"2016/12/01","20.26","19.15","20.32","18.92"
"2016/12/02","20.86","20.64","21.09","20.54"
"2016/12/05","19.28","20.26","20.56","18.85"
"2016/12/06","18.36","18.46","19.15","17.90"
"2016/12/07","17.28","18.12","18.35","17.22"

**********debug**********

exchrr
**********debug**********
2016/12/6
2016/12/7

2016/12/1,114.38,143.31,121.2,85.21,112.53,12.39,16.29,13.43,84.46,81.03,8.1,304.04,*****,16.54,14.75,1.67,*****,2.3,79.81,*****,3.21,375.39,30.51,31.15,5.56,36.94,0.39,4.48,27.24,1.79,33.3,,0.84,*****,25.63,9.73,3.59
2016/12/2,113.75,142.98,121.33,85.52,112.59,12.34,16.3,13.53,84.5,80.72,8.08,302.37,*****,16.58,14.67,1.67,*****,2.29,79.84,*****,3.19,373.32,30.34,30.97,5.49,36.74,0.39,4.49,27.01,1.78,32.49,,0.84,*****,25.56,9.76,3.57
2016/12/5,113.78,144.22,120.24,85.26,112.02,12.31,16.17,13.44,84.61,80.58,8.17,302.45,*****,16.55,14.67,1.67,*****,2.29,79.87,*****,3.19,373.42,30.34,30.98,5.5,36.75,0.38,4.45,26.81,1.77,32.21,,0.84,*****,25.57,9.7,3.57
2016/12/6,113.62,144.57,122.13,85.6,112.79,12.45,16.42,13.55,84.69,81.24,8.27,302.02,*****,16.55,14.65,1.67,*****,2.29,80.12,*****,3.19,372.89,30.31,30.94,5.53,36.76,0.39,4.52,27.16,1.78,32.27,,0.85,*****,25.58,9.73,3.55
2016/12/7,114.16,144.53,122.3,85.93,113.01,12.5,16.44,13.59,84.72,81.28,8.36,303.46,*****,16.57,14.72,1.69,*****,2.3,80.28,*****,3.2,374.79,30.45,31.09,5.6,36.93,0.39,4.52,27.47,1.79,33.15,,0.85,*****,25.75,9.74,3.57

**********debug**********

dow
**********debug**********
2016/12/05
2016/12/06

2016/12/02, 19161.25, 19196.14, 19141.18, 19170.42
2016/12/02, 19161.25, 19196.14, 19141.18, 19170.42
2016/12/05, 19244.35, 19274.85, 19186.73, 19216.24
2016/12/05, 19244.35, 19274.85, 19186.73, 19216.24
2016/12/06, 19219.91, 19255.89, 19184.74, 19251.78

**********debug**********

wti
**********debug**********
2016-11-28
2016-12-05

2016-11-29,45.29
2016-11-30,49.41
2016-12-01,51.08
2016-12-02,51.70
2016-12-05,51.72

**********debug**********

icm
**********debug**********
2016/12/05
2016/12/07

2016/12/07,5407

**********debug**********

