225
**********debug**********
2017/11/28
2017/11/29

"2017/11/22","22523.15","22601.55","22677.34","22513.44"
"2017/11/24","22550.85","22390.14","22567.20","22381.01"
"2017/11/27","22495.99","22657.08","22659.33","22423.40"
"2017/11/28","22486.24","22474.74","22580.99","22363.94"
"2017/11/29","22597.20","22613.96","22643.93","22537.12"

**********debug**********

225_vi
**********debug**********
2017/11/28
2017/11/29

"2017/11/22","18.14","18.27","18.57","18.07"
"2017/11/24","17.77","18.27","18.30","17.65"
"2017/11/27","17.72","17.96","18.03","17.56"
"2017/11/28","17.89","17.65","18.06","17.38"
"2017/11/29","17.45","17.73","18.29","17.45"

**********debug**********

exchrr
**********debug**********
2017/11/28
2017/11/29

2017/11/22,112.38,148.91,131.9,87.98,113.43,13.33,17.73,13.69,85.23,76.94,8.05,298.01,*****,16.97,14.39,1.73,*****,2.22,83.02,*****,3.43,372,29.97,30.6,5.98,35.85,0.42,5.18,31.29,1.9,28.39,,0.83,*****,27.22,10.29,3.74
2017/11/24,111.47,148.22,131.92,87.59,113.48,13.42,17.73,13.69,84.93,76.71,8.02,295.28,*****,16.94,14.27,1.73,*****,2.21,82.8,*****,3.41,369.23,29.73,30.35,5.98,35.56,0.42,5.18,31.36,1.91,28.42,,0.83,*****,27.05,10.27,3.72
2017/11/27,111.62,148.71,133,87.79,113.86,13.45,17.87,13.69,84.92,76.68,7.93,295.92,*****,16.93,14.29,1.73,*****,2.2,82.88,*****,3.42,370.58,29.77,30.39,6.01,35.61,0.43,5.23,31.6,1.91,28.26,,0.83,*****,27.13,10.27,3.72
2017/11/28,111,147.96,132.15,87,113.18,13.39,17.76,13.62,84.46,76.82,8.08,294.27,*****,16.81,14.23,1.72,*****,2.2,82.44,*****,3.4,368.4,29.6,30.22,5.98,35.41,0.43,5.2,31.4,1.9,28.43,,0.82,*****,26.99,10.19,3.7
2017/11/29,111.62,149.18,132.24,87.05,113.39,13.37,17.77,13.57,84.84,76.9,8.17,295.76,*****,16.89,14.31,1.73,*****,2.22,82.95,*****,3.43,370.34,29.77,30.39,6.02,35.61,0.43,5.19,31.47,1.91,28.15,,0.83,*****,27.21,10.3,3.72

**********debug**********

dow
**********debug**********
2017/11/27
2017/11/28

2017/11/21, 23500.15, 23617.80, 23500.15, 23590.83
2017/11/22, 23597.24, 23605.77, 23507.61, 23526.18
2017/11/24, 23552.75, 23599.18, 23551.59, 23557.99
2017/11/27, 23552.86, 23638.92, 23545.02, 23580.78
2017/11/28, 23625.19, 23849.61, 23617.11, 23836.71

**********debug**********

wti
**********debug**********
2017-11-20
2017-11-27

2017-11-21,56.84
2017-11-22,57.88
2017-11-23,.
2017-11-24,58.94
2017-11-27,58.10

**********debug**********

