225
**********debug**********
本資料は日経の著作物であり、本資料の全部又は一部を、いかなる形式によっても日経に無断で複写、複製、転載または流布することができません。
2017/11/02

"2017/10/27","22008.45","21903.27","22016.50","21815.72"
"2017/10/30","22011.67","22047.95","22086.88","21921.24"
"2017/10/31","22011.61","21897.29","22020.38","21840.07"
"2017/11/01","22420.08","22144.92","22455.92","22130.03"
"2017/11/02","22539.12","22512.18","22540.25","22400.01"

**********debug**********

225_vi
**********debug**********
本資料は日経の著作物であり、本資料の全部又は一部を、いかなる形式によっても日経に無断で複写、複製、転載または流布することができません。
2017/11/02

"2017/10/27","15.01","15.19","15.32","14.74"
"2017/10/30","15.27","15.92","16.15","15.27"
"2017/10/31","15.11","15.60","15.70","14.92"
"2017/11/01","16.34","15.15","16.65","15.15"
"2017/11/02","17.17","17.11","17.44","16.55"

**********debug**********

exchrr
**********debug**********
2017/11/2
2017/11/2

2017/10/27,114.18,149.87,132.76,88.79,114.33,13.64,17.84,13.94,87.3,77.97,8,302.95,*****,17.14,14.63,1.76,*****,2.2,83.39,*****,3.43,377.95,30.45,31.09,5.94,36.59,0.43,5.17,31.21,1.97,29.93,,0.84,*****,26.94,10.1,3.77
2017/10/30,113.75,149.4,131.92,88.64,113.91,13.6,17.73,13.95,87.3,77.99,8.04,301.8,*****,17.12,14.58,1.75,*****,2.2,83.28,*****,3.43,376.53,30.33,30.97,5.95,36.8,0.42,5.15,31.07,1.96,30.08,,0.84,*****,26.83,10.1,3.77
2017/10/31,113.16,149.42,131.72,88.16,113.64,13.54,17.71,13.87,86.96,77.61,8.06,300.24,*****,17.05,14.51,1.75,*****,2.19,83.15,*****,3.41,374.58,30.18,30.81,5.88,36.1,0.42,5.14,31,1.95,29.94,,0.83,*****,26.75,10.08,3.75
2017/11/1,113.86,151.25,132.53,88.26,113.99,13.59,17.81,13.94,87.15,78.51,8.06,302.1,*****,17.16,14.59,1.76,*****,2.21,83.52,*****,3.42,376.9,30.36,31,5.94,36.83,0.43,5.17,31.28,1.95,30.06,,0.84,*****,26.9,10.19,3.78
2017/11/2,114.06,151.32,132.7,88.71,113.83,13.59,17.83,14.01,87.75,78.84,8.14,302.63,*****,17.28,14.62,1.77,*****,2.21,83.88,*****,3.44,377.56,30.42,31.06,5.98,36.9,0.43,5.19,31.35,1.96,29.9,,0.84,*****,26.99,10.25,3.79

**********debug**********

dow
**********debug**********
2017/11/03
2017/11/03

2017/10/30, 23405.75, 23428.75, 23327.87, 23348.74
2017/10/31, 23369.22, 23406.35, 23334.39, 23377.24
2017/11/01, 23442.90, 23517.71, 23388.91, 23435.01
2017/11/02, 23463.24, 23531.38, 23350.98, 23516.26
2017/11/03, 23549.59, 23557.06, 23481.57, 23539.19

**********debug**********

wti
**********debug**********
2017-10-30
2017-10-30

2017-10-24,52.32
2017-10-25,51.97
2017-10-26,52.41
2017-10-27,53.92
2017-10-30,54.11

**********debug**********

icm
**********debug**********
2016/12/09
2017/09/30

2017/09/30,

**********debug**********

