225
**********debug**********
2016/06/24
2016/06/24

"2016/06/20","15965.30","15839.06","16035.44","15835.86"
"2016/06/21","16169.11","15875.81","16202.30","15770.96"
"2016/06/22","16065.72","16095.81","16160.99","15980.65"
"2016/06/23","16238.35","16098.61","16263.87","16057.86"
"2016/06/24","14952.02","16333.87","16389.17","14864.01"

**********debug**********

225_vi
**********debug**********
2016/06/24
2016/06/24

"2016/06/20","32.77","33.26","33.47","32.23"
"2016/06/21","32.01","33.08","34.13","31.75"
"2016/06/22","34.50","33.19","35.05","33.19"
"2016/06/23","34.73","35.30","36.09","34.47"
"2016/06/24","40.71","31.93","43.62","31.01"

**********debug**********

exchrr
**********debug**********
2016/6/24
2016/6/24

2016/6/20,104.72,152.78,118.88,81.54,109.22,12.72,15.99,12.66,77.95,74.22,6.97,278.29,*****,15.9,13.5,1.56,*****,2.26,77.88,*****,2.98,347.91,27.93,28.51,5.58,34.57,0.38,4.39,26.98,1.62,35.95,,0.79,*****,25.7,9,3.24
2016/6/21,103.83,152.06,117.65,81.17,107.98,12.6,15.83,12.53,77.59,73.95,7.03,275.92,*****,15.77,13.38,1.54,*****,2.24,77.32,*****,2.95,345.41,27.69,28.27,5.58,34.27,0.38,4.35,26.79,1.62,35.83,,0.78,*****,25.55,8.96,3.22
2016/6/22,104.62,153.48,117.59,81.64,108.67,12.63,15.81,12.58,77.9,74.53,7.09,278.02,*****,15.86,13.48,1.55,*****,2.26,77.89,*****,2.97,348.15,27.91,28.49,5.6,34.54,0.37,4.35,26.75,1.64,35.93,,0.79,*****,25.95,9.05,3.25
2016/6/23,104.79,155.21,118.72,81.84,109.2,12.74,15.96,12.71,78.82,75.12,7.2,278.47,*****,15.93,13.51,1.56,*****,2.26,78.36,*****,2.98,348.37,27.95,28.53,5.7,34.59,0.38,4.39,27.2,1.62,36.3,,0.79,*****,26.08,9.11,3.26
2016/6/24,105.81,154.35,119.61,82.45,110.21,12.84,16.08,12.85,80.24,76.48,7.27,280.66,*****,16.05,13.64,1.58,*****,2.28,78.77,*****,3,352,28.22,28.81,5.76,34.93,0.38,4.43,27.34,1.67,36.98,,0.8,*****,26.45,9.21,3.31

**********debug**********

dow
**********debug**********
2016/06/24
2016/06/24

2016/06/20, 17736.87, 17946.36, 17736.87, 17804.87
2016/06/21, 17827.33, 17877.84, 17799.80, 17829.73
2016/06/22, 17832.67, 17920.16, 17770.36, 17780.83
2016/06/23, 17844.11, 18011.07, 17844.11, 18011.07
2016/06/24, 17946.63, 17946.63, 17356.34, 17400.75

**********debug**********

wti
**********debug**********
2016-06-20
2016-06-20

2016-06-14,48.49
2016-06-15,47.92
2016-06-16,46.14
2016-06-17,48.00
2016-06-20,49.40

**********debug**********

icm
**********debug**********
2016/06/24
2016/06/24

2016/06/24,4937

**********debug**********

