225
**********debug**********
2016/11/11
2016/11/14

"2016/11/08","17171.38","17242.70","17247.04","17130.83"
"2016/11/09","16251.54","17281.95","17427.71","16111.81"
"2016/11/10","17344.42","16562.86","17393.82","16560.66"
"2016/11/11","17374.79","17526.61","17621.73","17333.49"
"2016/11/14","17672.62","17467.49","17697.33","17455.78"

**********debug**********

225_vi
**********debug**********
2016/11/11
2016/11/14

"2016/11/08","22.67","23.36","24.04","22.60"
"2016/11/09","27.65","22.02","30.58","21.17"
"2016/11/10","21.44","21.75","22.26","20.38"
"2016/11/11","21.55","21.23","22.59","20.72"
"2016/11/14","21.72","21.31","21.84","20.73"

**********debug**********

exchrr
**********debug**********
2016/11/11
2016/11/14

2016/11/8,104.53,129.56,115.4,78.12,107.29,11.58,15.51,12.69,80.59,76.65,7.81,277.86,*****,15.4,13.48,1.57,*****,2.15,75.1,*****,2.99,346.01,27.88,28.46,5.64,33.66,0.38,4.27,26.68,1.64,32.97,,0.8,*****,24.83,9.17,3.33
2016/11/9,105.11,130.09,115.71,79.14,107.22,11.69,15.56,12.75,81.62,77.71,7.95,279.33,*****,15.47,13.55,1.59,*****,2.17,75.74,*****,3.01,347.59,28.04,28.62,5.76,33.95,0.38,4.28,26.75,1.65,33.24,,0.8,*****,25.09,9.3,3.35
2016/11/10,105.65,131.43,115.43,78.76,107.37,11.68,15.51,12.7,80.97,77.1,7.84,280.76,*****,15.49,13.62,1.59,*****,2.16,75.47,*****,3.01,349.37,28.18,28.77,5.34,34.02,0.38,4.28,26.62,1.66,32.9,,0.81,*****,24.85,9.16,3.35
2016/11/11,106.67,133.79,116.12,79.03,108.01,11.78,15.6,12.72,80.89,76.69,7.57,283.47,*****,15.62,13.75,1.6,*****,2.18,75.44,*****,3.02,352.74,28.46,29.04,5.18,34.45,0.38,4.3,26.58,1.64,32.83,,0.8,*****,25,9.16,3.37
2016/11/14,107.38,134.6,115.91,79.22,108.24,11.75,15.58,12.74,80.9,76.05,7.48,285.36,*****,15.72,13.84,1.59,*****,2.19,75.8,*****,3.03,355.09,28.64,29.24,5.15,34.68,0.37,4.29,26.24,1.63,32.94,,0.81,*****,24.83,9.17,3.37

**********debug**********

dow
**********debug**********
2016/11/11
2016/11/11

2016/11/10, 18603.14, 18873.66, 18603.14, 18807.88
2016/11/10, 18603.14, 18873.66, 18603.14, 18807.88
2016/11/11, 18781.65, 18855.78, 18736.96, 18847.66
2016/11/11, 18781.65, 18855.78, 18736.96, 18847.66
2016/11/11, 18781.65, 18855.78, 18736.96, 18847.66

**********debug**********

wti
**********debug**********
2016-11-07
2016-11-07

2016-11-01,46.66
2016-11-02,45.32
2016-11-03,44.66
2016-11-04,44.07
2016-11-07,44.88

**********debug**********

icm
**********debug**********
2016/11/11
2016/11/14

2016/11/14,4628

**********debug**********

