225
**********debug**********
2016/10/18
2016/10/19

"2016/10/13","16774.24","16923.82","16974.25","16739.73"
"2016/10/14","16856.37","16751.04","16866.56","16727.78"
"2016/10/17","16900.12","16871.84","16954.44","16821.49"
"2016/10/18","16963.61","16862.31","16966.90","16844.17"
"2016/10/19","16998.91","16952.91","17016.66","16938.46"

**********debug**********

225_vi
**********debug**********
2016/10/18
2016/10/19

"2016/10/13","21.25","20.75","21.80","20.00"
"2016/10/14","20.01","21.76","21.77","19.96"
"2016/10/17","19.90","20.52","20.67","19.72"
"2016/10/18","19.27","19.82","19.93","19.27"
"2016/10/19","19.17","19.27","19.61","19.10"

**********debug**********

exchrr
**********debug**********
2016/10/18
2016/10/19

2016/10/13,104.54,127.12,115.01,78.65,105.48,11.79,15.46,12.71,78.67,73.59,7.33,277.81,*****,15.53,13.47,1.57,*****,2.15,75.42,*****,2.93,345.47,27.88,28.46,5.51,33.77,0.38,4.25,26.79,1.65,33.81,,0.8,*****,24.9,9.28,3.3
2016/10/14,103.87,127,114.69,78.63,105.26,11.81,15.42,12.73,78.66,73.66,7.26,276.03,*****,15.43,13.39,1.56,*****,2.15,75.02,*****,2.96,343.37,27.7,28.28,5.48,33.55,0.38,4.25,26.72,1.65,33.61,,0.79,*****,24.67,9.18,3.27
2016/10/17,104.21,126.76,114.27,79.2,105.18,11.79,15.36,12.64,79.15,73.87,7.27,276.93,*****,15.46,13.43,1.56,*****,2.16,74.84,*****,2.95,344.5,27.79,28.37,5.48,33.66,0.37,4.23,26.52,1.65,33.72,,0.8,*****,24.74,9.14,3.29
2016/10/18,103.75,126.99,114.25,79.16,105.04,11.79,15.36,12.71,79.45,74.54,7.36,275.71,*****,15.39,13.37,1.55,*****,2.14,74.85,*****,2.95,342.98,27.67,28.25,5.51,33.51,0.37,4.23,26.43,1.65,33.57,,0.79,*****,24.7,9.17,3.27
2016/10/19,103.75,127.45,114.03,79.24,104.9,11.75,15.32,12.72,79.68,74.9,7.48,275.78,*****,15.38,13.37,1.56,*****,2.16,74.93,*****,2.97,342.98,27.67,28.25,5.57,33.51,0.37,4.22,26.46,1.65,33.54,,0.8,*****,24.8,9.24,3.3

**********debug**********

dow
**********debug**********
2016/10/17
2016/10/18

2016/10/14, 18177.35, 18261.11, 18138.38, 18138.38
2016/10/14, 18177.35, 18261.11, 18138.38, 18138.38
2016/10/17, 18135.85, 18162.28, 18063.02, 18086.40
2016/10/17, 18135.85, 18162.28, 18063.02, 18086.40
2016/10/18, 18145.06, 18225.80, 18129.45, 18161.94

**********debug**********

wti
**********debug**********
2016-10-11
2016-10-17

2016-10-11,50.72
2016-10-12,50.14
2016-10-13,50.47
2016-10-14,50.35
2016-10-17,49.97

**********debug**********

icm
**********debug**********
2016/10/18
2016/10/19

2016/10/19,4879

**********debug**********

