225
**********debug**********
2016/11/29
2016/11/30

"2016/11/24","18333.41","18329.78","18382.72","18310.31"
"2016/11/25","18381.22","18387.59","18482.94","18288.50"
"2016/11/28","18356.89","18302.58","18374.93","18222.82"
"2016/11/29","18307.04","18263.63","18327.51","18258.82"
"2016/11/30","18308.48","18356.03","18370.31","18280.66"

**********debug**********

225_vi
**********debug**********
2016/11/29
2016/11/30

"2016/11/24","19.46","19.39","19.57","19.11"
"2016/11/25","19.97","19.49","20.24","19.39"
"2016/11/28","20.14","20.61","20.82","20.06"
"2016/11/29","19.93","20.62","20.72","19.81"
"2016/11/30","19.36","19.71","19.92","19.30"

**********debug**********

exchrr
**********debug**********
2016/11/29
2016/11/30

2016/11/24,112.43,139.81,118.51,83.21,110.47,12.11,15.93,13.04,82.98,78.7,7.95,298.86,*****,16.17,14.49,1.64,*****,2.25,78.41,*****,3.15,369.11,29.98,30.61,5.45,36.31,0.38,4.38,26.75,1.75,33.07,,0.83,*****,25.27,9.51,3.53
2016/11/25,113.78,141.71,120.05,84.24,111.85,12.3,16.14,13.25,84.36,79.68,8.04,302.45,*****,16.36,14.67,1.66,*****,2.27,79.43,*****,3.19,373.54,30.34,30.98,5.48,36.75,0.39,4.44,27.16,1.76,32.79,,0.84,*****,25.52,9.64,3.57
2016/11/28,112.28,139.98,119.31,83.11,111.08,12.18,16.04,13.12,83.63,79.27,8.01,298.46,*****,16.19,14.48,1.64,*****,2.26,78.92,*****,3.16,368.61,29.94,30.57,5.43,35.93,0.39,4.41,27.02,1.73,32.57,,0.83,*****,25.2,9.6,3.54
2016/11/29,111.91,138.86,118.74,83.45,110.51,12.16,15.97,13.09,83.84,79.23,8.16,297.47,*****,16.16,14.43,1.63,*****,2.25,78.63,*****,3.15,367.52,29.84,30.47,5.43,36.15,0.38,4.39,26.86,1.73,32.82,,0.83,*****,25.1,9.59,3.53
2016/11/30,112.42,140.4,119.66,83.68,111.11,12.25,16.09,13.19,84.14,80.28,8.1,298.83,*****,16.27,14.49,1.64,*****,2.26,78.97,*****,3.16,368.95,29.98,30.61,5.45,36.31,0.38,4.43,27.01,1.73,33,,0.83,*****,25.21,9.64,3.53

**********debug**********

dow
**********debug**********
2016/11/28
2016/11/29

2016/11/25, 19093.72, 19152.14, 19093.72, 19152.14
2016/11/25, 19093.72, 19152.14, 19093.72, 19152.14
2016/11/28, 19122.14, 19138.72, 19072.25, 19097.90
2016/11/28, 19122.14, 19138.72, 19072.25, 19097.90
2016/11/29, 19064.07, 19144.40, 19062.22, 19121.60

**********debug**********

wti
**********debug**********
2016-11-21
2016-11-28

2016-11-22,48.07
2016-11-23,46.72
2016-11-24,.
2016-11-25,46.72
2016-11-28,45.66

**********debug**********

icm
**********debug**********
2016/11/29
2016/11/30

2016/11/30,4967

**********debug**********

