225
**********debug**********
2016/09/20
2016/09/21

"2016/09/14","16614.24","16632.06","16706.61","16585.80"
"2016/09/15","16405.01","16512.42","16528.02","16359.78"
"2016/09/16","16519.29","16458.74","16532.84","16415.86"
"2016/09/20","16492.15","16403.22","16591.70","16403.22"
"2016/09/21","16807.62","16471.85","16823.63","16399.65"

**********debug**********

225_vi
**********debug**********
2016/09/20
2016/09/21

"2016/09/14","23.02","23.37","23.86","22.40"
"2016/09/15","24.48","23.75","24.88","23.75"
"2016/09/16","23.84","23.70","24.27","23.67"
"2016/09/20","24.41","25.01","25.01","23.67"
"2016/09/21","21.27","24.87","24.93","20.82"

**********debug**********

exchrr
**********debug**********
2016/9/20
2016/9/21

2016/9/14,102.85,135.44,115.38,78.11,105.27,12.06,15.5,12.43,76.86,74.5,7.14,273.39,*****,15.41,13.26,1.53,*****,2.16,75.22,*****,2.94,341.24,27.43,28.01,5.38,33.22,0.37,4.27,26.49,1.58,34.45,,0.78,*****,24.89,9.13,3.24
2016/9/15,102.5,135.95,115.26,77.65,105.32,12.06,15.48,12.45,76.58,74.51,7.17,272.46,*****,15.37,13.21,1.54,*****,2.16,75.14,*****,2.94,340.42,27.34,27.91,5.31,32.85,0.37,4.27,26.61,1.57,34.42,,0.78,*****,24.86,9.12,3.24
2016/9/16,102,134.94,114.64,77.48,104.97,12.02,15.4,12.39,76.48,74.57,7.19,271.13,*****,15.35,13.15,1.53,*****,2.14,74.84,*****,2.93,338.76,27.2,27.77,5.27,32.69,0.37,4.24,26.51,1.58,34.38,,0.77,*****,24.66,9.08,3.22
2016/9/20,101.94,132.88,113.86,77.2,103.91,11.9,15.29,12.31,76.8,74.39,7.28,270.97,*****,15.3,13.14,1.52,*****,2.13,74.81,*****,2.93,338.56,27.19,27.76,5.19,32.93,0.37,4.21,26.5,1.58,34.27,,0.77,*****,24.65,9.11,3.24
2016/9/21,101.79,132.27,113.53,77.22,103.98,11.84,15.23,12.27,76.83,74.49,7.32,270.57,*****,15.24,13.12,1.52,*****,2.13,74.75,*****,2.93,338.06,27.15,27.72,5.14,32.62,0.37,4.2,26.37,1.57,34.18,,0.77,*****,24.63,9.13,3.25

**********debug**********

dow
**********debug**********
2016/09/19
2016/09/21

2016/09/15, 18024.91, 18250.11, 18015.49, 18212.48
2016/09/16, 18217.21, 18217.21, 18070.21, 18123.80
2016/09/19, 18154.82, 18254.88, 18093.05, 18120.17
2016/09/20, 18175.36, 18227.21, 18128.80, 18129.96
2016/09/21, 18164.96, 18307.43, 18121.57, 18293.70

**********debug**********

wti
**********debug**********
2016-09-12
2016-09-19

2016-09-13,44.91
2016-09-14,43.62
2016-09-15,43.85
2016-09-16,43.04
2016-09-19,43.34

**********debug**********

icm
**********debug**********
2016/09/20
2016/09/21

2016/09/21,4503

**********debug**********

