225
**********debug**********
2016/08/02
2016/08/03

"2016/07/28","16476.84","16596.15","16616.28","16450.28"
"2016/07/29","16569.27","16359.68","16679.19","16174.35"
"2016/08/01","16635.77","16415.31","16677.49","16319.15"
"2016/08/02","16391.45","16469.68","16541.88","16391.45"
"2016/08/03","16083.11","16227.28","16275.34","16056.67"

**********debug**********

225_vi
**********debug**********
2016/08/02
2016/08/03

"2016/07/28","30.26","30.33","31.24","29.43"
"2016/07/29","26.60","30.98","31.72","26.15"
"2016/08/01","24.63","26.14","26.14","24.60"
"2016/08/02","23.82","24.48","24.50","23.28"
"2016/08/03","24.78","24.52","24.98","23.52"

**********debug**********

exchrr
**********debug**********
2016/8/2
2016/8/3

2016/7/28,104.69,138.5,115.87,79.66,106.21,12.15,15.58,12.27,78.79,74.42,7.37,277.99,*****,15.71,13.5,1.56,*****,2.22,77.58,*****,3,346.54,27.93,28.51,5.57,33.87,0.37,4.29,26.57,1.59,34.77,,0.8,*****,25.8,9.3,3.27
2016/7/29,104.47,137.58,115.66,79.43,106.68,12.09,15.56,12.21,78.57,74.22,7.39,277.4,*****,15.69,13.47,1.56,*****,2.22,77.35,*****,3,345.58,27.87,28.45,5.52,32.96,0.37,4.28,26.57,1.57,34.74,,0.8,*****,25.8,9.3,3.27
2016/8/1,102.47,135.59,114.49,78.5,105.66,11.98,15.39,12.15,77.75,73.76,7.38,272.09,*****,15.45,13.21,1.54,*****,2.18,76.45,*****,2.95,339.98,27.33,27.9,5.46,33.15,0.37,4.23,26.29,1.55,34.3,,0.78,*****,25.41,9.22,3.22
2016/8/2,102.38,135.09,114.34,78.02,105.8,11.92,15.37,12.06,77.18,73.53,7.35,271.85,*****,15.4,13.19,1.54,*****,2.18,76.32,*****,2.94,339.79,27.31,27.88,5.43,33.07,0.37,4.23,26.21,1.53,34.26,,0.78,*****,25.34,9.23,3.25
2016/8/3,101.15,134.85,113.43,77.13,104.8,11.89,15.25,12,76.83,72.98,7.22,268.8,*****,15.24,13.03,1.52,*****,2.15,75.41,*****,2.91,335.93,26.98,27.54,5.34,32.72,0.37,4.2,26.22,1.52,33.77,,0.77,*****,24.89,9.07,3.2

**********debug**********

dow
**********debug**********
2016/08/01
2016/08/02

2016/07/27, 18473.27, 18542.39, 18430.94, 18472.17
2016/07/28, 18461.01, 18483.26, 18368.82, 18456.35
2016/07/29, 18442.52, 18466.55, 18371.12, 18432.24
2016/08/01, 18434.50, 18467.03, 18355.75, 18404.51
2016/08/02, 18401.15, 18403.65, 18247.79, 18313.77

**********debug**********

wti
**********debug**********
2016-07-25
2016-08-01

2016-07-26,42.16
2016-07-27,41.90
2016-07-28,41.13
2016-07-29,41.54
2016-08-01,40.05

**********debug**********

icm
**********debug**********
2016/08/02
2016/08/03

2016/08/03,4293

**********debug**********

