225
**********debug**********
2016/10/11
2016/10/12

"2016/10/05","16819.24","16787.89","16844.35","16728.19"
"2016/10/06","16899.10","16913.60","16971.28","16888.77"
"2016/10/07","16860.09","16883.12","16895.13","16820.21"
"2016/10/11","17024.76","16936.31","17074.46","16931.12"
"2016/10/12","16840.00","16850.73","16951.54","16839.41"

**********debug**********

225_vi
**********debug**********
2016/10/11
2016/10/12

"2016/10/05","20.47","20.12","20.63","20.05"
"2016/10/06","20.58","20.34","21.04","20.33"
"2016/10/07","20.24","20.38","21.15","20.24"
"2016/10/11","20.15","21.11","21.11","20.07"
"2016/10/12","20.52","20.80","20.89","20.18"

**********debug**********

exchrr
**********debug**********
2016/10/11
2016/10/12

2016/10/5,102.73,130.73,115.18,77.9,105.01,11.95,15.48,12.83,78.31,73.82,7.43,273.07,*****,15.35,13.25,1.54,*****,2.13,74.95,*****,2.96,340.73,27.4,27.97,5.33,33.18,0.37,4.26,26.75,1.64,33.61,,0.79,*****,24.84,9.22,3.27
2016/10/6,103.45,131.9,115.92,78.49,106.16,12.04,15.58,12.89,78.79,74.11,7.54,274.99,*****,15.46,13.33,1.56,*****,2.15,75.6,*****,2.97,343.12,27.59,28.17,5.38,33.41,0.38,4.29,26.97,1.66,33.91,,0.8,*****,25.04,9.32,3.29
2016/10/7,103.76,128.63,115.53,78.39,105.75,12.01,15.52,12.87,78.49,74.05,7.45,275.3,*****,15.46,13.38,1.56,*****,2.15,75.6,*****,2.98,344.03,27.67,28.25,5.39,33.51,0.38,4.28,27.01,1.67,34.09,,0.8,*****,25,9.32,3.3
2016/10/11,103.95,128.28,115.7,78.89,105.74,12,15.55,12.86,78.87,73.88,7.51,276.32,*****,15.47,13.4,1.56,*****,2.15,75.5,*****,2.95,344.55,27.72,28.3,5.49,33.58,0.38,4.29,27.15,1.68,33.86,,0.8,*****,25.08,9.34,3.3
2016/10/12,103.64,127.1,114.39,78.25,104.77,11.74,15.38,12.66,78.36,73.23,7.22,275.49,*****,15.41,13.36,1.55,*****,2.13,75.15,*****,2.92,343.07,27.64,28.22,5.49,33.48,0.38,4.24,26.71,1.65,33.59,,0.8,*****,24.74,9.22,3.27

**********debug**********

dow
**********debug**********
2016/10/10
2016/10/11

2016/10/07, 18295.35, 18319.73, 18149.35, 18240.49
2016/10/07, 18295.35, 18319.73, 18149.35, 18240.49
2016/10/10, 18282.95, 18399.96, 18282.95, 18329.04
2016/10/10, 18282.95, 18399.96, 18282.95, 18329.04
2016/10/11, 18308.43, 18312.33, 18061.96, 18128.66

**********debug**********

wti
**********debug**********
2016-10-03
2016-10-03

2016-09-27,44.65
2016-09-28,47.07
2016-09-29,47.72
2016-09-30,47.72
2016-10-03,48.80

**********debug**********

icm
**********debug**********
2016/10/11
2016/10/12

2016/10/12,4893

**********debug**********

