225
**********debug**********
2016/09/15
2016/09/16

"2016/09/12","16672.92","16748.36","16802.00","16601.54"
"2016/09/13","16729.04","16764.65","16787.06","16658.40"
"2016/09/14","16614.24","16632.06","16706.61","16585.80"
"2016/09/15","16405.01","16512.42","16528.02","16359.78"
"2016/09/16","16519.29","16458.74","16532.84","16415.86"

**********debug**********

225_vi
**********debug**********
2016/09/15
2016/09/16

"2016/09/12","24.07","22.80","24.51","22.39"
"2016/09/13","22.48","22.93","23.02","22.32"
"2016/09/14","23.02","23.37","23.86","22.40"
"2016/09/15","24.48","23.75","24.88","23.75"
"2016/09/16","23.84","23.70","24.27","23.67"

**********debug**********

exchrr
**********debug**********
2016/9/15
2016/9/16

2016/9/12,102.66,136.22,115.44,78.57,105.34,12.11,15.51,12.46,77.42,75.37,7.12,272.89,*****,15.34,13.23,1.54,*****,2.16,75.42,*****,2.94,341.06,27.38,27.95,5.43,32.39,0.37,4.27,26.62,1.58,34.58,,0.78,*****,25.24,9.25,3.24
2016/9/13,101.56,135.3,114.01,77.82,104.42,11.96,15.32,12.34,76.64,74.58,7.12,269.96,*****,15.19,13.09,1.52,*****,2.14,74.86,*****,2.91,337.3,27.08,27.65,5.39,32.8,0.37,4.22,26.24,1.57,34.15,,0.78,*****,24.8,9.16,3.21
2016/9/14,102.85,135.44,115.38,78.11,105.27,12.06,15.5,12.43,76.86,74.5,7.14,273.39,*****,15.41,13.26,1.53,*****,2.16,75.22,*****,2.94,341.24,27.43,28.01,5.38,33.22,0.37,4.27,26.49,1.58,34.45,,0.78,*****,24.89,9.13,3.24
2016/9/15,102.5,135.95,115.26,77.65,105.32,12.06,15.48,12.45,76.58,74.51,7.17,272.46,*****,15.37,13.21,1.54,*****,2.16,75.14,*****,2.94,340.42,27.34,27.91,5.31,32.85,0.37,4.27,26.61,1.57,34.42,,0.78,*****,24.86,9.12,3.24
2016/9/16,102,134.94,114.64,77.48,104.97,12.02,15.4,12.39,76.48,74.57,7.19,271.13,*****,15.35,13.15,1.53,*****,2.14,74.84,*****,2.93,338.76,27.2,27.77,5.27,32.69,0.37,4.24,26.51,1.58,34.38,,0.77,*****,24.66,9.08,3.22

**********debug**********

dow
**********debug**********
2016/09/14
2016/09/15

2016/09/09, 18404.17, 18404.17, 18085.45, 18085.45
2016/09/12, 18028.95, 18358.69, 17994.84, 18325.07
2016/09/13, 18262.99, 18262.99, 18028.06, 18066.75
2016/09/14, 18073.39, 18163.48, 17992.21, 18034.77
2016/09/15, 18024.91, 18250.11, 18015.49, 18212.48

**********debug**********

wti
**********debug**********
2016-09-12
2016-09-12

2016-09-06,44.85
2016-09-07,45.47
2016-09-08,47.63
2016-09-09,45.88
2016-09-12,46.28

**********debug**********

icm
**********debug**********
2016/09/15
2016/09/16

2016/09/16,4486

**********debug**********

