225
**********debug**********
2017/11/10
2017/11/13

"2017/11/07","22937.60","22518.75","22953.18","22512.91"
"2017/11/08","22913.82","22849.91","22922.80","22759.07"
"2017/11/09","22868.71","22989.44","23382.15","22522.83"
"2017/11/10","22681.42","22580.70","22724.39","22511.93"
"2017/11/13","22380.99","22607.56","22607.92","22380.99"

**********debug**********

225_vi
**********debug**********
2017/11/10
2017/11/13

"2017/11/07","16.51","16.39","16.63","15.83"
"2017/11/08","17.25","16.85","17.37","16.39"
"2017/11/09","21.25","17.65","24.22","17.64"
"2017/11/10","19.97","21.71","21.71","19.15"
"2017/11/13","19.55","19.20","19.68","18.37"

**********debug**********

exchrr
**********debug**********
2017/11/10
2017/11/13

2017/11/7,113.73,149.77,132.07,89.42,113.99,13.54,17.75,13.98,87.46,79.02,8.08,301.75,*****,17.18,14.58,1.76,*****,2.22,83.54,*****,3.44,376.46,30.33,30.97,5.98,36.45,0.42,5.17,31.17,1.95,29.73,,0.84,*****,26.93,10.24,3.77
2017/11/8,113.76,149.81,131.88,89.11,113.86,13.55,17.72,13.93,87.04,78.59,8,301.83,*****,17.14,14.58,1.75,*****,2.21,83.44,*****,3.43,376.56,30.34,30.98,5.94,36.46,0.42,5.17,31.09,1.92,29.28,,0.84,*****,26.93,10.21,3.77
2017/11/9,114.06,149.53,132.15,89.52,113.99,13.6,17.76,13.97,87.45,79.25,8.06,302.63,*****,17.19,14.63,1.76,*****,2.23,83.68,*****,3.45,377.56,30.42,31.06,5.97,36.56,0.42,5.17,31.21,1.92,29.51,,0.84,*****,26.98,10.24,3.78
2017/11/10,113.39,149.03,132.09,89.47,114.09,13.55,17.75,13.96,87.08,78.84,7.96,300.85,*****,17.06,14.54,1.75,*****,2.21,83.47,*****,3.43,375.34,30.24,30.87,5.96,36.34,0.42,5.17,31.23,1.91,29.32,,0.84,*****,27.07,10.14,3.76
2017/11/13,113.68,149.17,132.36,89.54,114.01,13.57,17.79,13.96,86.95,78.75,7.9,301.62,*****,17.07,14.57,1.75,*****,2.22,83.48,*****,3.44,376.3,30.31,30.95,5.95,36.38,0.43,5.19,31.33,1.92,29.42,,0.84,*****,27.09,10.15,3.77

**********debug**********

dow
**********debug**********
2017/11/10
2017/11/10

2017/11/06, 23533.96, 23574.86, 23520.75, 23548.42
2017/11/07, 23574.03, 23602.12, 23484.19, 23557.23
2017/11/08, 23542.60, 23575.00, 23510.56, 23563.36
2017/11/09, 23492.09, 23516.74, 23310.02, 23461.94
2017/11/10, 23432.71, 23452.20, 23392.96, 23422.21

**********debug**********

wti
**********debug**********
2017-11-06
2017-11-06

2017-10-31,54.36
2017-11-01,54.32
2017-11-02,54.55
2017-11-03,55.63
2017-11-06,57.34

**********debug**********

