225
**********debug**********
2016/10/24
2016/10/25

"2016/10/19","16998.91","16952.91","17016.66","16938.46"
"2016/10/20","17235.50","16999.36","17235.50","16992.14"
"2016/10/21","17184.59","17283.75","17288.89","17151.98"
"2016/10/24","17234.42","17216.56","17244.74","17162.21"
"2016/10/25","17365.25","17298.63","17381.80","17298.63"

**********debug**********

225_vi
**********debug**********
2016/10/24
2016/10/25

"2016/10/19","19.17","19.27","19.61","19.10"
"2016/10/20","18.46","19.25","19.25","18.32"
"2016/10/21","18.48","18.03","18.70","17.97"
"2016/10/24","18.79","18.86","19.20","18.72"
"2016/10/25","18.20","18.50","18.80","18.20"

**********debug**********

exchrr
**********debug**********
2016/10/24
2016/10/25

2016/10/19,103.75,127.45,114.03,79.24,104.9,11.75,15.32,12.72,79.68,74.9,7.48,275.78,*****,15.38,13.37,1.56,*****,2.16,74.93,*****,2.97,342.98,27.67,28.25,5.57,33.51,0.37,4.22,26.46,1.65,33.54,,0.8,*****,24.8,9.24,3.3
2016/10/20,103.64,127.44,113.68,78.88,104.74,11.72,15.28,12.74,79.9,75.23,7.49,275.42,*****,15.37,13.36,1.56,*****,2.16,74.74,*****,2.97,342.61,27.64,28.22,5.6,33.48,0.37,4.21,26.37,1.66,33.85,,0.8,*****,24.85,9.25,3.29
2016/10/21,104.14,127.57,113.69,78.65,104.79,11.73,15.29,12.72,79.44,74.81,7.48,276.75,*****,15.43,13.42,1.56,*****,2.16,74.83,*****,2.97,344.26,27.77,28.36,5.6,33.64,0.37,4.21,26.24,1.67,34.06,,0.8,*****,24.91,9.21,3.3
2016/10/24,103.89,126.86,113,77.83,104.52,11.65,15.19,12.57,79.08,74.42,7.45,276.08,*****,15.34,13.39,1.55,*****,2.15,74.62,*****,2.97,343.44,27.7,28.29,5.59,33.56,0.37,4.19,26.1,1.66,33.77,,0.8,*****,24.87,9.16,3.28
2016/10/25,104.49,127.71,113.54,78.23,105.1,11.72,15.27,12.64,79.41,74.48,7.5,277.68,*****,15.4,13.47,1.56,*****,2.17,74.95,*****,2.98,345.42,27.87,28.45,5.63,33.75,0.37,4.2,26.29,1.68,33.89,,0.8,*****,25.02,9.19,3.3

**********debug**********

dow
**********debug**********
2016/10/21
2016/10/24

2016/10/21, 18152.63, 18168.76, 18049.77, 18145.71
2016/10/21, 18152.63, 18168.76, 18049.77, 18145.71
2016/10/21, 18152.63, 18168.76, 18049.77, 18145.71
2016/10/21, 18152.63, 18168.76, 18049.77, 18145.71
2016/10/24, 18197.14, 18275.04, 18191.18, 18223.03

**********debug**********

wti
**********debug**********
2016-10-17
2016-10-17

2016-10-11,50.72
2016-10-12,50.14
2016-10-13,50.47
2016-10-14,50.35
2016-10-17,49.97

**********debug**********

icm
**********debug**********
2016/10/24
2016/10/25

2016/10/25,4919

**********debug**********

