225
**********debug**********
2016/10/26
2016/10/27

"2016/10/21","17184.59","17283.75","17288.89","17151.98"
"2016/10/24","17234.42","17216.56","17244.74","17162.21"
"2016/10/25","17365.25","17298.63","17381.80","17298.63"
"2016/10/26","17391.84","17329.03","17391.84","17295.46"
"2016/10/27","17336.42","17346.39","17414.21","17278.12"

**********debug**********

225_vi
**********debug**********
2016/10/26
2016/10/27

"2016/10/21","18.48","18.03","18.70","17.97"
"2016/10/24","18.79","18.86","19.20","18.72"
"2016/10/25","18.20","18.50","18.80","18.20"
"2016/10/26","18.20","18.45","18.64","18.12"
"2016/10/27","18.51","18.38","19.13","18.22"

**********debug**********

exchrr
**********debug**********
2016/10/26
2016/10/27

2016/10/21,104.14,127.57,113.69,78.65,104.79,11.73,15.29,12.72,79.44,74.81,7.48,276.75,*****,15.43,13.42,1.56,*****,2.16,74.83,*****,2.97,344.26,27.77,28.36,5.6,33.64,0.37,4.21,26.24,1.67,34.06,,0.8,*****,24.91,9.21,3.3
2016/10/24,103.89,126.86,113,77.83,104.52,11.65,15.19,12.57,79.08,74.42,7.45,276.08,*****,15.34,13.39,1.55,*****,2.15,74.62,*****,2.97,343.44,27.7,28.29,5.59,33.56,0.37,4.19,26.1,1.66,33.77,,0.8,*****,24.87,9.16,3.28
2016/10/25,104.49,127.71,113.54,78.23,105.1,11.72,15.27,12.64,79.41,74.48,7.5,277.68,*****,15.4,13.47,1.56,*****,2.17,74.95,*****,2.98,345.42,27.87,28.45,5.63,33.75,0.37,4.2,26.29,1.68,33.89,,0.8,*****,25.02,9.19,3.3
2016/10/26,104.17,126.7,113.28,77.98,104.66,11.66,15.23,12.58,80.09,74.6,7.56,276.83,*****,15.37,13.43,1.56,*****,2.16,74.97,*****,2.99,343.8,27.79,28.36,5.62,33.65,0.37,4.19,26.24,1.68,33.91,,0.8,*****,25.13,9.21,3.31
2016/10/27,104.58,127.82,114.01,78.11,105.23,11.74,15.33,12.64,80,74.8,7.53,277.92,*****,15.42,13.48,1.57,*****,2.16,75.18,*****,2.99,345.15,27.9,28.47,5.59,33.78,0.37,4.23,26.33,1.66,33.95,,0.8,*****,25.08,9.19,3.31

**********debug**********

dow
**********debug**********
2016/10/25
2016/10/26

2016/10/24, 18197.14, 18275.04, 18191.18, 18223.03
2016/10/24, 18197.14, 18275.04, 18191.18, 18223.03
2016/10/25, 18206.52, 18241.69, 18151.70, 18169.27
2016/10/25, 18206.52, 18241.69, 18151.70, 18169.27
2016/10/26, 18103.80, 18236.04, 18062.30, 18199.33

**********debug**********

wti
**********debug**********
2016-10-24
2016-10-24

2016-10-18,50.30
2016-10-19,51.59
2016-10-20,50.31
2016-10-21,50.61
2016-10-24,50.18

**********debug**********

icm
**********debug**********
2016/10/26
2016/10/27

2016/10/27,4847

**********debug**********

