225
**********debug**********
2016/06/28
2016/06/29

"2016/06/23","16238.35","16098.61","16263.87","16057.86"
"2016/06/24","14952.02","16333.87","16389.17","14864.01"
"2016/06/27","15309.21","15153.08","15323.95","15061.66"
"2016/06/28","15323.14","15094.71","15443.82","14987.79"
"2016/06/29","15566.83","15523.35","15626.66","15398.31"

**********debug**********

225_vi
**********debug**********
2016/06/28
2016/06/29

"2016/06/23","34.73","35.30","36.09","34.47"
"2016/06/24","40.71","31.93","43.62","31.01"
"2016/06/27","35.77","38.11","39.00","35.77"
"2016/06/28","33.36","36.91","37.06","32.64"
"2016/06/29","29.44","31.21","31.45","29.08"

**********debug**********

exchrr
**********debug**********
2016/6/28
2016/6/29

2016/6/23,104.79,155.21,118.72,81.84,109.2,12.74,15.96,12.71,78.82,75.12,7.2,278.47,*****,15.93,13.51,1.56,*****,2.26,78.36,*****,2.98,348.37,27.95,28.53,5.7,34.59,0.38,4.39,27.2,1.62,36.3,,0.79,*****,26.08,9.11,3.26
2016/6/24,105.81,154.35,119.61,82.45,110.21,12.84,16.08,12.85,80.24,76.48,7.27,280.66,*****,16.05,13.64,1.58,*****,2.28,78.77,*****,3,352,28.22,28.81,5.76,34.93,0.38,4.43,27.34,1.67,36.98,,0.8,*****,26.45,9.21,3.31
2016/6/27,102.25,136.9,112.63,78.3,104.87,11.98,15.15,11.92,75.82,72.35,6.7,271.72,*****,15.37,13.17,1.51,*****,2.18,75.12,*****,2.89,338.91,27.27,27.84,5.39,33.75,0.35,4.15,25.57,1.55,34.65,,0.76,*****,24.82,8.63,3.15
2016/6/28,101.63,134.39,112,77.76,103.84,11.89,15.06,11.86,74.74,71.32,6.62,269.93,*****,15.21,13.1,1.5,*****,2.15,74.71,*****,2.88,336.63,27.12,27.67,5.31,32.88,0.35,4.13,25.08,1.55,34.64,,0.76,*****,24.73,8.6,3.13
2016/6/29,102.4,136.13,113.24,78.52,104.37,12.04,15.23,12.07,75.68,72.34,6.75,271.98,*****,15.32,13.2,1.51,*****,2.18,75.66,*****,2.9,339.19,27.33,27.89,5.44,33.13,0.36,4.17,25.59,1.6,35.24,,0.78,*****,25.22,8.76,3.16

**********debug**********

dow
**********debug**********
2016/06/27
2016/06/28

2016/06/22, 17832.67, 17920.16, 17770.36, 17780.83
2016/06/23, 17844.11, 18011.07, 17844.11, 18011.07
2016/06/24, 17946.63, 17946.63, 17356.34, 17400.75
2016/06/27, 17355.21, 17355.21, 17063.08, 17140.24
2016/06/28, 17190.51, 17409.72, 17190.51, 17409.72

**********debug**********

wti
**********debug**********
2016-06-20
2016-06-27

2016-06-21,48.95
2016-06-22,49.16
2016-06-23,49.34
2016-06-24,46.70
2016-06-27,45.80

**********debug**********

icm
**********debug**********
2016/06/28
2016/06/29

2016/06/29,4915

**********debug**********

