225
**********debug**********
2017/11/24
2017/11/24

"2017/11/17","22396.80","22603.30","22757.40","22319.12"
"2017/11/20","22261.76","22279.98","22410.24","22215.07"
"2017/11/21","22416.48","22456.79","22563.25","22416.48"
"2017/11/22","22523.15","22601.55","22677.34","22513.44"
"2017/11/24","22550.85","22390.14","22567.20","22381.01"

**********debug**********

225_vi
**********debug**********
2017/11/24
2017/11/24

"2017/11/17","20.06","19.47","21.32","19.41"
"2017/11/20","19.44","20.62","20.72","19.32"
"2017/11/21","18.26","19.08","19.11","18.24"
"2017/11/22","18.14","18.27","18.57","18.07"
"2017/11/24","17.77","18.27","18.30","17.65"

**********debug**********

exchrr
**********debug**********
2017/11/24
2017/11/24

2017/11/17,112.97,149.19,133.14,88.6,113.73,13.46,17.89,13.77,85.71,77.53,7.99,299.73,*****,17.04,14.46,1.73,*****,2.23,83.34,*****,3.44,373.95,30.13,30.76,5.93,36.15,0.43,5.21,31.44,1.89,29.23,,0.83,*****,27.08,10.31,3.76
2017/11/20,112.19,148.16,131.74,87.77,113.3,13.3,17.7,13.58,84.77,76.37,8.03,297.67,*****,16.89,14.36,1.73,*****,2.21,82.7,*****,3.42,371.37,29.92,30.55,5.93,35.9,0.42,5.16,31.14,1.9,29.01,,0.83,*****,26.99,10.24,3.73
2017/11/21,112.66,149.2,132.27,87.93,113.45,13.28,17.78,13.58,85.04,76.74,8.02,298.91,*****,16.95,14.42,1.73,*****,2.22,83,*****,3.43,373.54,30.04,30.68,5.93,35.94,0.42,5.18,31.27,1.9,28.72,,0.83,*****,27.15,10.27,3.75
2017/11/22,112.38,148.91,131.9,87.98,113.43,13.33,17.73,13.69,85.23,76.94,8.05,298.01,*****,16.97,14.39,1.73,*****,2.22,83.02,*****,3.43,372,29.97,30.6,5.98,35.85,0.42,5.18,31.29,1.9,28.39,,0.83,*****,27.22,10.29,3.74
2017/11/24,111.47,148.22,131.92,87.59,113.48,13.42,17.73,13.69,84.93,76.71,8.02,295.28,*****,16.94,14.27,1.73,*****,2.21,82.8,*****,3.41,369.23,29.73,30.35,5.98,35.56,0.42,5.18,31.36,1.91,28.42,,0.83,*****,27.05,10.27,3.72

**********debug**********

dow
**********debug**********
2017/11/22
2017/11/24

2017/11/17, 23433.77, 23433.77, 23356.01, 23358.24
2017/11/20, 23370.71, 23456.88, 23360.58, 23430.33
2017/11/21, 23500.15, 23617.80, 23500.15, 23590.83
2017/11/22, 23597.24, 23605.77, 23507.61, 23526.18
2017/11/24, 23552.75, 23599.18, 23551.59, 23557.99

**********debug**********

wti
**********debug**********
2017-11-20
2017-11-20

2017-11-14,55.67
2017-11-15,55.28
2017-11-16,55.14
2017-11-17,56.21
2017-11-20,56.21

**********debug**********

