225
**********debug**********
2016/11/16
2016/11/17

"2016/11/11","17374.79","17526.61","17621.73","17333.49"
"2016/11/14","17672.62","17467.49","17697.33","17455.78"
"2016/11/15","17668.15","17690.22","17727.58","17605.77"
"2016/11/16","17862.21","17832.51","17886.44","17807.47"
"2016/11/17","17862.63","17766.61","17884.06","17764.08"

**********debug**********

225_vi
**********debug**********
2016/11/16
2016/11/17

"2016/11/11","21.55","21.23","22.59","20.72"
"2016/11/14","21.72","21.31","21.84","20.73"
"2016/11/15","20.98","21.60","21.74","20.77"
"2016/11/16","20.58","20.70","20.81","20.45"
"2016/11/17","19.63","20.82","20.82","19.49"

**********debug**********

exchrr
**********debug**********
2016/11/16
2016/11/17

2016/11/11,106.67,133.79,116.12,79.03,108.01,11.78,15.6,12.72,80.89,76.69,7.57,283.47,*****,15.62,13.75,1.6,*****,2.18,75.44,*****,3.02,352.74,28.46,29.04,5.18,34.45,0.38,4.3,26.58,1.64,32.83,,0.8,*****,25,9.16,3.37
2016/11/14,107.38,134.6,115.91,79.22,108.24,11.75,15.58,12.74,80.9,76.05,7.48,285.36,*****,15.72,13.84,1.59,*****,2.19,75.8,*****,3.03,355.09,28.64,29.24,5.15,34.68,0.37,4.29,26.24,1.63,32.94,,0.81,*****,24.83,9.17,3.37
2016/11/15,107.92,134.93,116.2,79.73,108.46,11.81,15.62,12.78,81.7,77.01,7.53,286.87,*****,15.76,13.91,1.6,*****,2.2,76.46,*****,3.05,355.47,28.78,29.39,5.22,34.86,0.37,4.3,26.3,1.64,32.84,,0.81,*****,24.95,9.27,3.39
2016/11/16,109.04,135.77,117.11,81.12,108.97,11.88,15.73,12.93,82.26,77.28,7.68,289.85,*****,15.87,14.06,1.61,*****,2.22,77.11,*****,3.08,358.92,29.09,29.69,5.38,35.22,0.38,4.33,26.62,1.7,33.12,,0.82,*****,25.17,9.33,3.43
2016/11/17,108.73,135.24,116.42,80.93,108.65,11.85,15.64,12.83,81.28,77.15,7.6,289.02,*****,15.79,14.02,1.6,*****,2.2,76.84,*****,3.07,357.9,29,29.61,5.38,35.12,0.38,4.31,26.17,1.68,32.74,,0.81,*****,24.92,9.3,3.41

**********debug**********

dow
**********debug**********
2016/11/15
2016/11/16

2016/11/14, 18876.77, 18934.05, 18815.75, 18868.69
2016/11/14, 18876.77, 18934.05, 18815.75, 18868.69
2016/11/15, 18858.21, 18925.26, 18806.06, 18923.06
2016/11/15, 18858.21, 18925.26, 18806.06, 18923.06
2016/11/16, 18909.85, 18909.85, 18825.89, 18868.14

**********debug**********

wti
**********debug**********
2016-11-14
2016-11-14

2016-11-08,44.96
2016-11-09,45.20
2016-11-10,44.62
2016-11-11,43.39
2016-11-14,43.29

**********debug**********

icm
**********debug**********
2016/11/16
2016/11/17

2016/11/17,4760

**********debug**********

