225
**********debug**********
2017/11/14
2017/11/15

"2017/11/09","22868.71","22989.44","23382.15","22522.83"
"2017/11/10","22681.42","22580.70","22724.39","22511.93"
"2017/11/13","22380.99","22607.56","22607.92","22380.99"
"2017/11/14","22380.01","22342.93","22532.30","22323.24"
"2017/11/15","22028.32","22250.98","22305.24","22004.79"

**********debug**********

225_vi
**********debug**********
2017/11/14
2017/11/15

"2017/11/09","21.25","17.65","24.22","17.64"
"2017/11/10","19.97","21.71","21.71","19.15"
"2017/11/13","19.55","19.20","19.68","18.37"
"2017/11/14","18.58","18.81","18.89","18.27"
"2017/11/15","19.74","19.04","20.21","18.97"

**********debug**********

exchrr
**********debug**********
2017/11/14
2017/11/15

2017/11/9,114.06,149.53,132.15,89.52,113.99,13.6,17.76,13.97,87.45,79.25,8.06,302.63,*****,17.19,14.63,1.76,*****,2.23,83.68,*****,3.45,377.56,30.42,31.06,5.97,36.56,0.42,5.17,31.21,1.92,29.51,,0.84,*****,26.98,10.24,3.78
2017/11/10,113.39,149.03,132.09,89.47,114.09,13.55,17.75,13.96,87.08,78.84,7.96,300.85,*****,17.06,14.54,1.75,*****,2.21,83.47,*****,3.43,375.34,30.24,30.87,5.96,36.34,0.42,5.17,31.23,1.91,29.32,,0.84,*****,27.07,10.14,3.76
2017/11/13,113.68,149.17,132.36,89.54,114.01,13.57,17.79,13.96,86.95,78.75,7.9,301.62,*****,17.07,14.57,1.75,*****,2.22,83.48,*****,3.44,376.3,30.31,30.95,5.95,36.38,0.43,5.19,31.33,1.92,29.42,,0.84,*****,27.09,10.15,3.77
2017/11/14,113.66,149.19,132.65,89.23,114.09,13.56,17.83,13.92,86.71,78.33,7.86,301.57,*****,17.09,14.57,1.74,*****,2.22,83.47,*****,3.44,376.23,30.31,30.95,5.95,36.37,0.43,5.19,31.32,1.92,29.36,,0.84,*****,27.13,10.15,3.77
2017/11/15,113.5,149.34,133.81,89.03,114.68,13.51,17.99,13.87,86.15,78.1,7.89,301.14,*****,17.11,14.54,1.74,*****,2.22,83.47,*****,3.43,375.83,30.27,30.91,5.92,36.38,0.43,5.23,31.51,1.88,29.22,,0.84,*****,27.14,10.18,3.77

**********debug**********

dow
**********debug**********
2017/11/13
2017/11/14

2017/11/08, 23542.60, 23575.00, 23510.56, 23563.36
2017/11/09, 23492.09, 23516.74, 23310.02, 23461.94
2017/11/10, 23432.71, 23452.20, 23392.96, 23422.21
2017/11/13, 23367.47, 23461.68, 23343.34, 23439.70
2017/11/14, 23388.40, 23414.08, 23271.57, 23409.47

**********debug**********

wti
**********debug**********
2017-11-06
2017-11-13

2017-11-07,57.19
2017-11-08,56.82
2017-11-09,57.16
2017-11-10,56.75
2017-11-13,56.77

**********debug**********

