225
**********debug**********
2016/08/04
2016/08/05

"2016/08/01","16635.77","16415.31","16677.49","16319.15"
"2016/08/02","16391.45","16469.68","16541.88","16391.45"
"2016/08/03","16083.11","16227.28","16275.34","16056.67"
"2016/08/04","16254.89","16168.34","16270.12","15921.04"
"2016/08/05","16254.45","16278.99","16355.98","16230.70"

**********debug**********

225_vi
**********debug**********
2016/08/04
2016/08/05

"2016/08/01","24.63","26.14","26.14","24.60"
"2016/08/02","23.82","24.48","24.50","23.28"
"2016/08/03","24.78","24.52","24.98","23.52"
"2016/08/04","23.58","24.18","24.40","23.05"
"2016/08/05","21.51","22.59","22.70","21.09"

**********debug**********

exchrr
**********debug**********
2016/8/4
2016/8/5

2016/8/1,102.47,135.59,114.49,78.5,105.66,11.98,15.39,12.15,77.75,73.76,7.38,272.09,*****,15.45,13.21,1.54,*****,2.18,76.45,*****,2.95,339.98,27.33,27.9,5.46,33.15,0.37,4.23,26.29,1.55,34.3,,0.78,*****,25.41,9.22,3.22
2016/8/2,102.38,135.09,114.34,78.02,105.8,11.92,15.37,12.06,77.18,73.53,7.35,271.85,*****,15.4,13.19,1.54,*****,2.18,76.32,*****,2.94,339.79,27.31,27.88,5.43,33.07,0.37,4.23,26.21,1.53,34.26,,0.78,*****,25.34,9.23,3.25
2016/8/3,101.15,134.85,113.43,77.13,104.8,11.89,15.25,12,76.83,72.98,7.22,268.8,*****,15.24,13.03,1.52,*****,2.15,75.41,*****,2.91,335.93,26.98,27.54,5.34,32.72,0.37,4.2,26.22,1.52,33.77,,0.77,*****,24.89,9.07,3.2
2016/8/4,101.25,135.02,112.85,77.61,104.06,11.85,15.17,11.98,77.1,72.59,7.29,268.85,*****,15.24,13.05,1.52,*****,2.15,75.53,*****,2.89,335.93,27.01,27.57,5.37,32.75,0.36,4.18,26.35,1.53,33.59,,0.77,*****,25.07,9.09,3.2
2016/8/5,101.26,132.9,112.73,77.73,103.93,11.89,15.16,12.01,77.36,72.76,7.38,268.88,*****,15.24,13.05,1.52,*****,2.15,75.47,*****,2.9,335.85,27.01,27.57,5.36,32.71,0.36,4.17,26.27,1.54,33.63,,0.77,*****,25.1,9.11,3.2

**********debug**********

dow
**********debug**********
2016/08/03
2016/08/04

2016/07/29, 18442.52, 18466.55, 18371.12, 18432.24
2016/08/01, 18434.50, 18467.03, 18355.75, 18404.51
2016/08/02, 18401.15, 18403.65, 18247.79, 18313.77
2016/08/03, 18313.08, 18355.00, 18283.23, 18355.00
2016/08/04, 18351.43, 18397.87, 18325.17, 18352.05

**********debug**********

wti
**********debug**********
2016-08-01
2016-08-01

2016-07-26,42.16
2016-07-27,41.90
2016-07-28,41.13
2016-07-29,41.54
2016-08-01,40.05

**********debug**********

icm
**********debug**********
2016/08/04
2016/08/05

2016/08/05,4414

**********debug**********

